2025-10-20 19:58:33.148 | info     |          Device | Opening user mode device driver (tt_cluster.cpp:203)
2025-10-20 19:58:33.384 | debug    |           Metal | Found 1 FD Tunnels originating from MMIO Device 0 (tunnels_from_mmio_device.cpp:66)
2025-10-20 19:58:33.384 | debug    |           Metal | Each FD Tunnel is 1 deep. (tunnels_from_mmio_device.cpp:99)
2025-10-20 19:58:33.439 | debug    |           Metal | Using mesh graph descriptor: /localdev/jameszianxu/clean/tt-xla/third_party/tt-mlir/src/tt-mlir/third_party/tt-metal/src/tt-metal/tt_metal/fabric/mesh_graph_descriptors/n300_mesh_graph_descriptor.textproto (metal_context.cpp:617)
2025-10-20 19:58:33.442 | debug    |           Metal | Found 1 FD Tunnels originating from MMIO Device 0 (tunnels_from_mmio_device.cpp:66)
2025-10-20 19:58:33.442 | debug    |           Metal | Each FD Tunnel is 1 deep. (tunnels_from_mmio_device.cpp:99)
2025-10-20 19:58:33.443 | debug    |           Metal | Found 1 FD Tunnels originating from MMIO Device 0 (tunnels_from_mmio_device.cpp:66)
2025-10-20 19:58:33.443 | debug    |           Metal | Each FD Tunnel is 1 deep. (tunnels_from_mmio_device.cpp:99)
2025-10-20 19:58:33.444 | debug    |           Metal | DevicePool initialize (device_pool.cpp:237)
2025-10-20 19:58:33.455 | debug    |           Metal | AI CLK for device 0 is:   1000 MHz (metal_context.cpp:151)
2025-10-20 19:58:33.457 | debug    |           Metal | Configured partition params: mem_mailbox_base:0x10, storage_core_bank_size:0x0, worker_l1_size:0x16E000, l1_unreserved_base:0x18B20, l1_small_size:0x0, disable_interleaved:false, l1_alignment:16 (l1_banking_allocator.cpp:211)
2025-10-20 19:58:33.457 | debug    |           Metal | Derived partition params: storage_core_unreserved_base:0x10, l1_bank_size:0x1554E0, interleaved_address_limit:0x18B30, allocatable_l1_size:0x1554E0, small_interleaved_address_limit:0x16E000, small_alloc_offset:0x16E000 (l1_banking_allocator.cpp:225)
2025-10-20 19:58:34.394 | debug    |           Metal | AI CLK for device 1 is:   1000 MHz (metal_context.cpp:151)
2025-10-20 19:58:34.395 | debug    |           Metal | Configured partition params: mem_mailbox_base:0x10, storage_core_bank_size:0x0, worker_l1_size:0x16E000, l1_unreserved_base:0x18B20, l1_small_size:0x0, disable_interleaved:false, l1_alignment:16 (l1_banking_allocator.cpp:211)
2025-10-20 19:58:34.395 | debug    |           Metal | Derived partition params: storage_core_unreserved_base:0x10, l1_bank_size:0x1554E0, interleaved_address_limit:0x18B30, allocatable_l1_size:0x1554E0, small_interleaved_address_limit:0x16E000, small_alloc_offset:0x16E000 (l1_banking_allocator.cpp:225)
2025-10-20 19:58:34.400 | debug    |          Device | Set internal routing bit true (tt_cluster.cpp:1247)
2025-10-20 19:58:34.412 | info     |           Metal | While initializing device 0, active ethernet dispatch core (x=21,y=17) detected as still running, issuing exit signal. (metal_context.cpp:644)
2025-10-20 19:58:34.412 | info     |           Metal | While initializing device 0, active ethernet dispatch core (x=18,y=17) detected as still running, issuing exit signal. (metal_context.cpp:644)
2025-10-20 19:58:34.412 | info     |           Metal | While initializing device 0, active ethernet dispatch core (x=25,y=17) detected as still running, issuing exit signal. (metal_context.cpp:644)
2025-10-20 19:58:34.412 | critical |          Always | Read unexpected run_mailbox value from core (x=25,y=17) (assert.hpp:103)
2025-10-20 19:58:34.455 | warning  |          Always | Detected dispatch kernels still running but failed to complete an early exit. This may happen from time to time following a reset, continuing to FW initialization... (metal_context.cpp:681)
2025-10-20 19:58:34.457 | debug    |           Metal | Initializing worker cores (metal_context.cpp:1226)
2025-10-20 19:58:34.458 | debug    |           Metal | RISC (x=18,y=18) DM0 fw /home/jameszianxu/.cache/tt-metal-cache/4eff6bc65a/97694384/firmware//brisc/brisc.elf binary size: 3848 in bytes (metal_context.cpp:950)
2025-10-20 19:58:34.458 | debug    |           Metal | RISC (x=18,y=18) DM1 fw /home/jameszianxu/.cache/tt-metal-cache/4eff6bc65a/97694384/firmware//ncrisc/ncrisc.elf binary size: 1404 in bytes (metal_context.cpp:950)
2025-10-20 19:58:34.459 | debug    |           Metal | RISC (x=18,y=18) DM0 fw /home/jameszianxu/.cache/tt-metal-cache/4eff6bc65a/97694384/firmware//trisc0/trisc0.elf binary size: 936 in bytes (metal_context.cpp:950)
2025-10-20 19:58:34.459 | debug    |           Metal | RISC (x=18,y=18) DM1 fw /home/jameszianxu/.cache/tt-metal-cache/4eff6bc65a/97694384/firmware//trisc1/trisc1.elf binary size: 524 in bytes (metal_context.cpp:950)
2025-10-20 19:58:34.459 | debug    |           Metal | RISC (x=18,y=18) DM2 fw /home/jameszianxu/.cache/tt-metal-cache/4eff6bc65a/97694384/firmware//trisc2/trisc2.elf binary size: 892 in bytes (metal_context.cpp:950)
2025-10-20 19:58:34.459 | debug    |           Metal | RISC (x=19,y=18) DM0 fw /home/jameszianxu/.cache/tt-metal-cache/4eff6bc65a/97694384/firmware//brisc/brisc.elf binary size: 3848 in bytes (metal_context.cpp:950)
2025-10-20 19:58:34.459 | debug    |           Metal | RISC (x=19,y=18) DM1 fw /home/jameszianxu/.cache/tt-metal-cache/4eff6bc65a/97694384/firmware//ncrisc/ncrisc.elf binary size: 1404 in bytes (metal_context.cpp:950)
2025-10-20 19:58:34.459 | debug    |           Metal | RISC (x=19,y=18) DM0 fw /home/jameszianxu/.cache/tt-metal-cache/4eff6bc65a/97694384/firmware//trisc0/trisc0.elf binary size: 936 in bytes (metal_context.cpp:950)
2025-10-20 19:58:34.459 | debug    |           Metal | RISC (x=19,y=18) DM1 fw /home/jameszianxu/.cache/tt-metal-cache/4eff6bc65a/97694384/firmware//trisc1/trisc1.elf binary size: 524 in bytes (metal_context.cpp:950)
2025-10-20 19:58:34.459 | debug    |           Metal | RISC (x=19,y=18) DM2 fw /home/jameszianxu/.cache/tt-metal-cache/4eff6bc65a/97694384/firmware//trisc2/trisc2.elf binary size: 892 in bytes (metal_context.cpp:950)
2025-10-20 19:58:34.459 | debug    |           Metal | RISC (x=20,y=18) DM0 fw /home/jameszianxu/.cache/tt-metal-cache/4eff6bc65a/97694384/firmware//brisc/brisc.elf binary size: 3848 in bytes (metal_context.cpp:950)
2025-10-20 19:58:34.459 | debug    |           Metal | RISC (x=20,y=18) DM1 fw /home/jameszianxu/.cache/tt-metal-cache/4eff6bc65a/97694384/firmware//ncrisc/ncrisc.elf binary size: 1404 in bytes (metal_context.cpp:950)
2025-10-20 19:58:34.459 | debug    |           Metal | RISC (x=20,y=18) DM0 fw /home/jameszianxu/.cache/tt-metal-cache/4eff6bc65a/97694384/firmware//trisc0/trisc0.elf binary size: 936 in bytes (metal_context.cpp:950)
2025-10-20 19:58:34.459 | debug    |           Metal | RISC (x=20,y=18) DM1 fw /home/jameszianxu/.cache/tt-metal-cache/4eff6bc65a/97694384/firmware//trisc1/trisc1.elf binary size: 524 in bytes (metal_context.cpp:950)
2025-10-20 19:58:34.459 | debug    |           Metal | RISC (x=20,y=18) DM2 fw /home/jameszianxu/.cache/tt-metal-cache/4eff6bc65a/97694384/firmware//trisc2/trisc2.elf binary size: 892 in bytes (metal_context.cpp:950)
2025-10-20 19:58:34.459 | debug    |           Metal | RISC (x=21,y=18) DM0 fw /home/jameszianxu/.cache/tt-metal-cache/4eff6bc65a/97694384/firmware//brisc/brisc.elf binary size: 3848 in bytes (metal_context.cpp:950)
2025-10-20 19:58:34.460 | debug    |           Metal | RISC (x=21,y=18) DM1 fw /home/jameszianxu/.cache/tt-metal-cache/4eff6bc65a/97694384/firmware//ncrisc/ncrisc.elf binary size: 1404 in bytes (metal_context.cpp:950)
2025-10-20 19:58:34.460 | debug    |           Metal | RISC (x=21,y=18) DM0 fw /home/jameszianxu/.cache/tt-metal-cache/4eff6bc65a/97694384/firmware//trisc0/trisc0.elf binary size: 936 in bytes (metal_context.cpp:950)
2025-10-20 19:58:34.460 | debug    |           Metal | RISC (x=21,y=18) DM1 fw /home/jameszianxu/.cache/tt-metal-cache/4eff6bc65a/97694384/firmware//trisc1/trisc1.elf binary size: 524 in bytes (metal_context.cpp:950)
2025-10-20 19:58:34.460 | debug    |           Metal | RISC (x=21,y=18) DM2 fw /home/jameszianxu/.cache/tt-metal-cache/4eff6bc65a/97694384/firmware//trisc2/trisc2.elf binary size: 892 in bytes (metal_context.cpp:950)
2025-10-20 19:58:34.460 | debug    |           Metal | RISC (x=22,y=18) DM0 fw /home/jameszianxu/.cache/tt-metal-cache/4eff6bc65a/97694384/firmware//brisc/brisc.elf binary size: 3848 in bytes (metal_context.cpp:950)
2025-10-20 19:58:34.460 | debug    |           Metal | RISC (x=22,y=18) DM1 fw /home/jameszianxu/.cache/tt-metal-cache/4eff6bc65a/97694384/firmware//ncrisc/ncrisc.elf binary size: 1404 in bytes (metal_context.cpp:950)
2025-10-20 19:58:34.460 | debug    |           Metal | RISC (x=22,y=18) DM0 fw /home/jameszianxu/.cache/tt-metal-cache/4eff6bc65a/97694384/firmware//trisc0/trisc0.elf binary size: 936 in bytes (metal_context.cpp:950)
2025-10-20 19:58:34.460 | debug    |           Metal | RISC (x=22,y=18) DM1 fw /home/jameszianxu/.cache/tt-metal-cache/4eff6bc65a/97694384/firmware//trisc1/trisc1.elf binary size: 524 in bytes (metal_context.cpp:950)
2025-10-20 19:58:34.460 | debug    |           Metal | RISC (x=22,y=18) DM2 fw /home/jameszianxu/.cache/tt-metal-cache/4eff6bc65a/97694384/firmware//trisc2/trisc2.elf binary size: 892 in bytes (metal_context.cpp:950)
2025-10-20 19:58:34.460 | debug    |           Metal | RISC (x=23,y=18) DM0 fw /home/jameszianxu/.cache/tt-metal-cache/4eff6bc65a/97694384/firmware//brisc/brisc.elf binary size: 3848 in bytes (metal_context.cpp:950)
2025-10-20 19:58:34.460 | debug    |           Metal | RISC (x=23,y=18) DM1 fw /home/jameszianxu/.cache/tt-metal-cache/4eff6bc65a/97694384/firmware//ncrisc/ncrisc.elf binary size: 1404 in bytes (metal_context.cpp:950)
2025-10-20 19:58:34.460 | debug    |           Metal | RISC (x=23,y=18) DM0 fw /home/jameszianxu/.cache/tt-metal-cache/4eff6bc65a/97694384/firmware//trisc0/trisc0.elf binary size: 936 in bytes (metal_context.cpp:950)
2025-10-20 19:58:34.460 | debug    |           Metal | RISC (x=23,y=18) DM1 fw /home/jameszianxu/.cache/tt-metal-cache/4eff6bc65a/97694384/firmware//trisc1/trisc1.elf binary size: 524 in bytes (metal_context.cpp:950)
2025-10-20 19:58:34.460 | debug    |           Metal | RISC (x=23,y=18) DM2 fw /home/jameszianxu/.cache/tt-metal-cache/4eff6bc65a/97694384/firmware//trisc2/trisc2.elf binary size: 892 in bytes (metal_context.cpp:950)
2025-10-20 19:58:34.460 | debug    |           Metal | RISC (x=24,y=18) DM0 fw /home/jameszianxu/.cache/tt-metal-cache/4eff6bc65a/97694384/firmware//brisc/brisc.elf binary size: 3848 in bytes (metal_context.cpp:950)
2025-10-20 19:58:34.460 | debug    |           Metal | RISC (x=24,y=18) DM1 fw /home/jameszianxu/.cache/tt-metal-cache/4eff6bc65a/97694384/firmware//ncrisc/ncrisc.elf binary size: 1404 in bytes (metal_context.cpp:950)
2025-10-20 19:58:34.460 | debug    |           Metal | RISC (x=24,y=18) DM0 fw /home/jameszianxu/.cache/tt-metal-cache/4eff6bc65a/97694384/firmware//trisc0/trisc0.elf binary size: 936 in bytes (metal_context.cpp:950)
2025-10-20 19:58:34.460 | debug    |           Metal | RISC (x=24,y=18) DM1 fw /home/jameszianxu/.cache/tt-metal-cache/4eff6bc65a/97694384/firmware//trisc1/trisc1.elf binary size: 524 in bytes (metal_context.cpp:950)
2025-10-20 19:58:34.461 | debug    |           Metal | RISC (x=24,y=18) DM2 fw /home/jameszianxu/.cache/tt-metal-cache/4eff6bc65a/97694384/firmware//trisc2/trisc2.elf binary size: 892 in bytes (metal_context.cpp:950)
2025-10-20 19:58:34.461 | debug    |           Metal | RISC (x=25,y=18) DM0 fw /home/jameszianxu/.cache/tt-metal-cache/4eff6bc65a/97694384/firmware//brisc/brisc.elf binary size: 3848 in bytes (metal_context.cpp:950)
2025-10-20 19:58:34.461 | debug    |           Metal | RISC (x=25,y=18) DM1 fw /home/jameszianxu/.cache/tt-metal-cache/4eff6bc65a/97694384/firmware//ncrisc/ncrisc.elf binary size: 1404 in bytes (metal_context.cpp:950)
2025-10-20 19:58:34.461 | debug    |           Metal | RISC (x=25,y=18) DM0 fw /home/jameszianxu/.cache/tt-metal-cache/4eff6bc65a/97694384/firmware//trisc0/trisc0.elf binary size: 936 in bytes (metal_context.cpp:950)
2025-10-20 19:58:34.461 | debug    |           Metal | RISC (x=25,y=18) DM1 fw /home/jameszianxu/.cache/tt-metal-cache/4eff6bc65a/97694384/firmware//trisc1/trisc1.elf binary size: 524 in bytes (metal_context.cpp:950)
2025-10-20 19:58:34.461 | debug    |           Metal | RISC (x=25,y=18) DM2 fw /home/jameszianxu/.cache/tt-metal-cache/4eff6bc65a/97694384/firmware//trisc2/trisc2.elf binary size: 892 in bytes (metal_context.cpp:950)
2025-10-20 19:58:34.461 | debug    |           Metal | RISC (x=18,y=19) DM0 fw /home/jameszianxu/.cache/tt-metal-cache/4eff6bc65a/97694384/firmware//brisc/brisc.elf binary size: 3848 in bytes (metal_context.cpp:950)
2025-10-20 19:58:34.461 | debug    |           Metal | RISC (x=18,y=19) DM1 fw /home/jameszianxu/.cache/tt-metal-cache/4eff6bc65a/97694384/firmware//ncrisc/ncrisc.elf binary size: 1404 in bytes (metal_context.cpp:950)
2025-10-20 19:58:34.461 | debug    |           Metal | RISC (x=18,y=19) DM0 fw /home/jameszianxu/.cache/tt-metal-cache/4eff6bc65a/97694384/firmware//trisc0/trisc0.elf binary size: 936 in bytes (metal_context.cpp:950)
2025-10-20 19:58:34.461 | debug    |           Metal | RISC (x=18,y=19) DM1 fw /home/jameszianxu/.cache/tt-metal-cache/4eff6bc65a/97694384/firmware//trisc1/trisc1.elf binary size: 524 in bytes (metal_context.cpp:950)
2025-10-20 19:58:34.461 | debug    |           Metal | RISC (x=18,y=19) DM2 fw /home/jameszianxu/.cache/tt-metal-cache/4eff6bc65a/97694384/firmware//trisc2/trisc2.elf binary size: 892 in bytes (metal_context.cpp:950)
2025-10-20 19:58:34.461 | debug    |           Metal | RISC (x=19,y=19) DM0 fw /home/jameszianxu/.cache/tt-metal-cache/4eff6bc65a/97694384/firmware//brisc/brisc.elf binary size: 3848 in bytes (metal_context.cpp:950)
2025-10-20 19:58:34.461 | debug    |           Metal | RISC (x=19,y=19) DM1 fw /home/jameszianxu/.cache/tt-metal-cache/4eff6bc65a/97694384/firmware//ncrisc/ncrisc.elf binary size: 1404 in bytes (metal_context.cpp:950)
2025-10-20 19:58:34.461 | debug    |           Metal | RISC (x=19,y=19) DM0 fw /home/jameszianxu/.cache/tt-metal-cache/4eff6bc65a/97694384/firmware//trisc0/trisc0.elf binary size: 936 in bytes (metal_context.cpp:950)
2025-10-20 19:58:34.461 | debug    |           Metal | RISC (x=19,y=19) DM1 fw /home/jameszianxu/.cache/tt-metal-cache/4eff6bc65a/97694384/firmware//trisc1/trisc1.elf binary size: 524 in bytes (metal_context.cpp:950)
2025-10-20 19:58:34.461 | debug    |           Metal | RISC (x=19,y=19) DM2 fw /home/jameszianxu/.cache/tt-metal-cache/4eff6bc65a/97694384/firmware//trisc2/trisc2.elf binary size: 892 in bytes (metal_context.cpp:950)
2025-10-20 19:58:34.462 | debug    |           Metal | RISC (x=20,y=19) DM0 fw /home/jameszianxu/.cache/tt-metal-cache/4eff6bc65a/97694384/firmware//brisc/brisc.elf binary size: 3848 in bytes (metal_context.cpp:950)
2025-10-20 19:58:34.462 | debug    |           Metal | RISC (x=20,y=19) DM1 fw /home/jameszianxu/.cache/tt-metal-cache/4eff6bc65a/97694384/firmware//ncrisc/ncrisc.elf binary size: 1404 in bytes (metal_context.cpp:950)
2025-10-20 19:58:34.462 | debug    |           Metal | RISC (x=20,y=19) DM0 fw /home/jameszianxu/.cache/tt-metal-cache/4eff6bc65a/97694384/firmware//trisc0/trisc0.elf binary size: 936 in bytes (metal_context.cpp:950)
2025-10-20 19:58:34.462 | debug    |           Metal | RISC (x=20,y=19) DM1 fw /home/jameszianxu/.cache/tt-metal-cache/4eff6bc65a/97694384/firmware//trisc1/trisc1.elf binary size: 524 in bytes (metal_context.cpp:950)
2025-10-20 19:58:34.462 | debug    |           Metal | RISC (x=20,y=19) DM2 fw /home/jameszianxu/.cache/tt-metal-cache/4eff6bc65a/97694384/firmware//trisc2/trisc2.elf binary size: 892 in bytes (metal_context.cpp:950)
2025-10-20 19:58:34.462 | debug    |           Metal | RISC (x=21,y=19) DM0 fw /home/jameszianxu/.cache/tt-metal-cache/4eff6bc65a/97694384/firmware//brisc/brisc.elf binary size: 3848 in bytes (metal_context.cpp:950)
2025-10-20 19:58:34.462 | debug    |           Metal | RISC (x=21,y=19) DM1 fw /home/jameszianxu/.cache/tt-metal-cache/4eff6bc65a/97694384/firmware//ncrisc/ncrisc.elf binary size: 1404 in bytes (metal_context.cpp:950)
2025-10-20 19:58:34.462 | debug    |           Metal | RISC (x=21,y=19) DM0 fw /home/jameszianxu/.cache/tt-metal-cache/4eff6bc65a/97694384/firmware//trisc0/trisc0.elf binary size: 936 in bytes (metal_context.cpp:950)
2025-10-20 19:58:34.462 | debug    |           Metal | RISC (x=21,y=19) DM1 fw /home/jameszianxu/.cache/tt-metal-cache/4eff6bc65a/97694384/firmware//trisc1/trisc1.elf binary size: 524 in bytes (metal_context.cpp:950)
2025-10-20 19:58:34.462 | debug    |           Metal | RISC (x=21,y=19) DM2 fw /home/jameszianxu/.cache/tt-metal-cache/4eff6bc65a/97694384/firmware//trisc2/trisc2.elf binary size: 892 in bytes (metal_context.cpp:950)
2025-10-20 19:58:34.462 | debug    |           Metal | RISC (x=22,y=19) DM0 fw /home/jameszianxu/.cache/tt-metal-cache/4eff6bc65a/97694384/firmware//brisc/brisc.elf binary size: 3848 in bytes (metal_context.cpp:950)
2025-10-20 19:58:34.462 | debug    |           Metal | RISC (x=22,y=19) DM1 fw /home/jameszianxu/.cache/tt-metal-cache/4eff6bc65a/97694384/firmware//ncrisc/ncrisc.elf binary size: 1404 in bytes (metal_context.cpp:950)
2025-10-20 19:58:34.462 | debug    |           Metal | RISC (x=22,y=19) DM0 fw /home/jameszianxu/.cache/tt-metal-cache/4eff6bc65a/97694384/firmware//trisc0/trisc0.elf binary size: 936 in bytes (metal_context.cpp:950)
2025-10-20 19:58:34.462 | debug    |           Metal | RISC (x=22,y=19) DM1 fw /home/jameszianxu/.cache/tt-metal-cache/4eff6bc65a/97694384/firmware//trisc1/trisc1.elf binary size: 524 in bytes (metal_context.cpp:950)
2025-10-20 19:58:34.462 | debug    |           Metal | RISC (x=22,y=19) DM2 fw /home/jameszianxu/.cache/tt-metal-cache/4eff6bc65a/97694384/firmware//trisc2/trisc2.elf binary size: 892 in bytes (metal_context.cpp:950)
2025-10-20 19:58:34.462 | debug    |           Metal | RISC (x=23,y=19) DM0 fw /home/jameszianxu/.cache/tt-metal-cache/4eff6bc65a/97694384/firmware//brisc/brisc.elf binary size: 3848 in bytes (metal_context.cpp:950)
2025-10-20 19:58:34.463 | debug    |           Metal | RISC (x=23,y=19) DM1 fw /home/jameszianxu/.cache/tt-metal-cache/4eff6bc65a/97694384/firmware//ncrisc/ncrisc.elf binary size: 1404 in bytes (metal_context.cpp:950)
2025-10-20 19:58:34.463 | debug    |           Metal | RISC (x=23,y=19) DM0 fw /home/jameszianxu/.cache/tt-metal-cache/4eff6bc65a/97694384/firmware//trisc0/trisc0.elf binary size: 936 in bytes (metal_context.cpp:950)
2025-10-20 19:58:34.463 | debug    |           Metal | RISC (x=23,y=19) DM1 fw /home/jameszianxu/.cache/tt-metal-cache/4eff6bc65a/97694384/firmware//trisc1/trisc1.elf binary size: 524 in bytes (metal_context.cpp:950)
2025-10-20 19:58:34.463 | debug    |           Metal | RISC (x=23,y=19) DM2 fw /home/jameszianxu/.cache/tt-metal-cache/4eff6bc65a/97694384/firmware//trisc2/trisc2.elf binary size: 892 in bytes (metal_context.cpp:950)
2025-10-20 19:58:34.463 | debug    |           Metal | RISC (x=24,y=19) DM0 fw /home/jameszianxu/.cache/tt-metal-cache/4eff6bc65a/97694384/firmware//brisc/brisc.elf binary size: 3848 in bytes (metal_context.cpp:950)
2025-10-20 19:58:34.463 | debug    |           Metal | RISC (x=24,y=19) DM1 fw /home/jameszianxu/.cache/tt-metal-cache/4eff6bc65a/97694384/firmware//ncrisc/ncrisc.elf binary size: 1404 in bytes (metal_context.cpp:950)
2025-10-20 19:58:34.463 | debug    |           Metal | RISC (x=24,y=19) DM0 fw /home/jameszianxu/.cache/tt-metal-cache/4eff6bc65a/97694384/firmware//trisc0/trisc0.elf binary size: 936 in bytes (metal_context.cpp:950)
2025-10-20 19:58:34.463 | debug    |           Metal | RISC (x=24,y=19) DM1 fw /home/jameszianxu/.cache/tt-metal-cache/4eff6bc65a/97694384/firmware//trisc1/trisc1.elf binary size: 524 in bytes (metal_context.cpp:950)
2025-10-20 19:58:34.463 | debug    |           Metal | RISC (x=24,y=19) DM2 fw /home/jameszianxu/.cache/tt-metal-cache/4eff6bc65a/97694384/firmware//trisc2/trisc2.elf binary size: 892 in bytes (metal_context.cpp:950)
2025-10-20 19:58:34.463 | debug    |           Metal | RISC (x=25,y=19) DM0 fw /home/jameszianxu/.cache/tt-metal-cache/4eff6bc65a/97694384/firmware//brisc/brisc.elf binary size: 3848 in bytes (metal_context.cpp:950)
2025-10-20 19:58:34.463 | debug    |           Metal | RISC (x=25,y=19) DM1 fw /home/jameszianxu/.cache/tt-metal-cache/4eff6bc65a/97694384/firmware//ncrisc/ncrisc.elf binary size: 1404 in bytes (metal_context.cpp:950)
2025-10-20 19:58:34.463 | debug    |           Metal | RISC (x=25,y=19) DM0 fw /home/jameszianxu/.cache/tt-metal-cache/4eff6bc65a/97694384/firmware//trisc0/trisc0.elf binary size: 936 in bytes (metal_context.cpp:950)
2025-10-20 19:58:34.463 | debug    |           Metal | RISC (x=25,y=19) DM1 fw /home/jameszianxu/.cache/tt-metal-cache/4eff6bc65a/97694384/firmware//trisc1/trisc1.elf binary size: 524 in bytes (metal_context.cpp:950)
2025-10-20 19:58:34.463 | debug    |           Metal | RISC (x=25,y=19) DM2 fw /home/jameszianxu/.cache/tt-metal-cache/4eff6bc65a/97694384/firmware//trisc2/trisc2.elf binary size: 892 in bytes (metal_context.cpp:950)
2025-10-20 19:58:34.463 | debug    |           Metal | RISC (x=18,y=20) DM0 fw /home/jameszianxu/.cache/tt-metal-cache/4eff6bc65a/97694384/firmware//brisc/brisc.elf binary size: 3848 in bytes (metal_context.cpp:950)
2025-10-20 19:58:34.463 | debug    |           Metal | RISC (x=18,y=20) DM1 fw /home/jameszianxu/.cache/tt-metal-cache/4eff6bc65a/97694384/firmware//ncrisc/ncrisc.elf binary size: 1404 in bytes (metal_context.cpp:950)
2025-10-20 19:58:34.463 | debug    |           Metal | RISC (x=18,y=20) DM0 fw /home/jameszianxu/.cache/tt-metal-cache/4eff6bc65a/97694384/firmware//trisc0/trisc0.elf binary size: 936 in bytes (metal_context.cpp:950)
2025-10-20 19:58:34.463 | debug    |           Metal | RISC (x=18,y=20) DM1 fw /home/jameszianxu/.cache/tt-metal-cache/4eff6bc65a/97694384/firmware//trisc1/trisc1.elf binary size: 524 in bytes (metal_context.cpp:950)
2025-10-20 19:58:34.463 | debug    |           Metal | RISC (x=18,y=20) DM2 fw /home/jameszianxu/.cache/tt-metal-cache/4eff6bc65a/97694384/firmware//trisc2/trisc2.elf binary size: 892 in bytes (metal_context.cpp:950)
2025-10-20 19:58:34.464 | debug    |           Metal | RISC (x=19,y=20) DM0 fw /home/jameszianxu/.cache/tt-metal-cache/4eff6bc65a/97694384/firmware//brisc/brisc.elf binary size: 3848 in bytes (metal_context.cpp:950)
2025-10-20 19:58:34.464 | debug    |           Metal | RISC (x=19,y=20) DM1 fw /home/jameszianxu/.cache/tt-metal-cache/4eff6bc65a/97694384/firmware//ncrisc/ncrisc.elf binary size: 1404 in bytes (metal_context.cpp:950)
2025-10-20 19:58:34.464 | debug    |           Metal | RISC (x=19,y=20) DM0 fw /home/jameszianxu/.cache/tt-metal-cache/4eff6bc65a/97694384/firmware//trisc0/trisc0.elf binary size: 936 in bytes (metal_context.cpp:950)
2025-10-20 19:58:34.464 | debug    |           Metal | RISC (x=19,y=20) DM1 fw /home/jameszianxu/.cache/tt-metal-cache/4eff6bc65a/97694384/firmware//trisc1/trisc1.elf binary size: 524 in bytes (metal_context.cpp:950)
2025-10-20 19:58:34.464 | debug    |           Metal | RISC (x=19,y=20) DM2 fw /home/jameszianxu/.cache/tt-metal-cache/4eff6bc65a/97694384/firmware//trisc2/trisc2.elf binary size: 892 in bytes (metal_context.cpp:950)
2025-10-20 19:58:34.464 | debug    |           Metal | RISC (x=20,y=20) DM0 fw /home/jameszianxu/.cache/tt-metal-cache/4eff6bc65a/97694384/firmware//brisc/brisc.elf binary size: 3848 in bytes (metal_context.cpp:950)
2025-10-20 19:58:34.464 | debug    |           Metal | RISC (x=20,y=20) DM1 fw /home/jameszianxu/.cache/tt-metal-cache/4eff6bc65a/97694384/firmware//ncrisc/ncrisc.elf binary size: 1404 in bytes (metal_context.cpp:950)
2025-10-20 19:58:34.464 | debug    |           Metal | RISC (x=20,y=20) DM0 fw /home/jameszianxu/.cache/tt-metal-cache/4eff6bc65a/97694384/firmware//trisc0/trisc0.elf binary size: 936 in bytes (metal_context.cpp:950)
2025-10-20 19:58:34.464 | debug    |           Metal | RISC (x=20,y=20) DM1 fw /home/jameszianxu/.cache/tt-metal-cache/4eff6bc65a/97694384/firmware//trisc1/trisc1.elf binary size: 524 in bytes (metal_context.cpp:950)
2025-10-20 19:58:34.464 | debug    |           Metal | RISC (x=20,y=20) DM2 fw /home/jameszianxu/.cache/tt-metal-cache/4eff6bc65a/97694384/firmware//trisc2/trisc2.elf binary size: 892 in bytes (metal_context.cpp:950)
2025-10-20 19:58:34.464 | debug    |           Metal | RISC (x=21,y=20) DM0 fw /home/jameszianxu/.cache/tt-metal-cache/4eff6bc65a/97694384/firmware//brisc/brisc.elf binary size: 3848 in bytes (metal_context.cpp:950)
2025-10-20 19:58:34.464 | debug    |           Metal | RISC (x=21,y=20) DM1 fw /home/jameszianxu/.cache/tt-metal-cache/4eff6bc65a/97694384/firmware//ncrisc/ncrisc.elf binary size: 1404 in bytes (metal_context.cpp:950)
2025-10-20 19:58:34.464 | debug    |           Metal | RISC (x=21,y=20) DM0 fw /home/jameszianxu/.cache/tt-metal-cache/4eff6bc65a/97694384/firmware//trisc0/trisc0.elf binary size: 936 in bytes (metal_context.cpp:950)
2025-10-20 19:58:34.464 | debug    |           Metal | RISC (x=21,y=20) DM1 fw /home/jameszianxu/.cache/tt-metal-cache/4eff6bc65a/97694384/firmware//trisc1/trisc1.elf binary size: 524 in bytes (metal_context.cpp:950)
2025-10-20 19:58:34.464 | debug    |           Metal | RISC (x=21,y=20) DM2 fw /home/jameszianxu/.cache/tt-metal-cache/4eff6bc65a/97694384/firmware//trisc2/trisc2.elf binary size: 892 in bytes (metal_context.cpp:950)
2025-10-20 19:58:34.465 | debug    |           Metal | RISC (x=22,y=20) DM0 fw /home/jameszianxu/.cache/tt-metal-cache/4eff6bc65a/97694384/firmware//brisc/brisc.elf binary size: 3848 in bytes (metal_context.cpp:950)
2025-10-20 19:58:34.465 | debug    |           Metal | RISC (x=22,y=20) DM1 fw /home/jameszianxu/.cache/tt-metal-cache/4eff6bc65a/97694384/firmware//ncrisc/ncrisc.elf binary size: 1404 in bytes (metal_context.cpp:950)
2025-10-20 19:58:34.465 | debug    |           Metal | RISC (x=22,y=20) DM0 fw /home/jameszianxu/.cache/tt-metal-cache/4eff6bc65a/97694384/firmware//trisc0/trisc0.elf binary size: 936 in bytes (metal_context.cpp:950)
2025-10-20 19:58:34.465 | debug    |           Metal | RISC (x=22,y=20) DM1 fw /home/jameszianxu/.cache/tt-metal-cache/4eff6bc65a/97694384/firmware//trisc1/trisc1.elf binary size: 524 in bytes (metal_context.cpp:950)
2025-10-20 19:58:34.465 | debug    |           Metal | RISC (x=22,y=20) DM2 fw /home/jameszianxu/.cache/tt-metal-cache/4eff6bc65a/97694384/firmware//trisc2/trisc2.elf binary size: 892 in bytes (metal_context.cpp:950)
2025-10-20 19:58:34.465 | debug    |           Metal | RISC (x=23,y=20) DM0 fw /home/jameszianxu/.cache/tt-metal-cache/4eff6bc65a/97694384/firmware//brisc/brisc.elf binary size: 3848 in bytes (metal_context.cpp:950)
2025-10-20 19:58:34.465 | debug    |           Metal | RISC (x=23,y=20) DM1 fw /home/jameszianxu/.cache/tt-metal-cache/4eff6bc65a/97694384/firmware//ncrisc/ncrisc.elf binary size: 1404 in bytes (metal_context.cpp:950)
2025-10-20 19:58:34.465 | debug    |           Metal | RISC (x=23,y=20) DM0 fw /home/jameszianxu/.cache/tt-metal-cache/4eff6bc65a/97694384/firmware//trisc0/trisc0.elf binary size: 936 in bytes (metal_context.cpp:950)
2025-10-20 19:58:34.465 | debug    |           Metal | RISC (x=23,y=20) DM1 fw /home/jameszianxu/.cache/tt-metal-cache/4eff6bc65a/97694384/firmware//trisc1/trisc1.elf binary size: 524 in bytes (metal_context.cpp:950)
2025-10-20 19:58:34.465 | debug    |           Metal | RISC (x=23,y=20) DM2 fw /home/jameszianxu/.cache/tt-metal-cache/4eff6bc65a/97694384/firmware//trisc2/trisc2.elf binary size: 892 in bytes (metal_context.cpp:950)
2025-10-20 19:58:34.465 | debug    |           Metal | RISC (x=24,y=20) DM0 fw /home/jameszianxu/.cache/tt-metal-cache/4eff6bc65a/97694384/firmware//brisc/brisc.elf binary size: 3848 in bytes (metal_context.cpp:950)
2025-10-20 19:58:34.465 | debug    |           Metal | RISC (x=24,y=20) DM1 fw /home/jameszianxu/.cache/tt-metal-cache/4eff6bc65a/97694384/firmware//ncrisc/ncrisc.elf binary size: 1404 in bytes (metal_context.cpp:950)
2025-10-20 19:58:34.465 | debug    |           Metal | RISC (x=24,y=20) DM0 fw /home/jameszianxu/.cache/tt-metal-cache/4eff6bc65a/97694384/firmware//trisc0/trisc0.elf binary size: 936 in bytes (metal_context.cpp:950)
2025-10-20 19:58:34.465 | debug    |           Metal | RISC (x=24,y=20) DM1 fw /home/jameszianxu/.cache/tt-metal-cache/4eff6bc65a/97694384/firmware//trisc1/trisc1.elf binary size: 524 in bytes (metal_context.cpp:950)
2025-10-20 19:58:34.465 | debug    |           Metal | RISC (x=24,y=20) DM2 fw /home/jameszianxu/.cache/tt-metal-cache/4eff6bc65a/97694384/firmware//trisc2/trisc2.elf binary size: 892 in bytes (metal_context.cpp:950)
2025-10-20 19:58:34.465 | debug    |           Metal | RISC (x=25,y=20) DM0 fw /home/jameszianxu/.cache/tt-metal-cache/4eff6bc65a/97694384/firmware//brisc/brisc.elf binary size: 3848 in bytes (metal_context.cpp:950)
2025-10-20 19:58:34.465 | debug    |           Metal | RISC (x=25,y=20) DM1 fw /home/jameszianxu/.cache/tt-metal-cache/4eff6bc65a/97694384/firmware//ncrisc/ncrisc.elf binary size: 1404 in bytes (metal_context.cpp:950)
2025-10-20 19:58:34.465 | debug    |           Metal | RISC (x=25,y=20) DM0 fw /home/jameszianxu/.cache/tt-metal-cache/4eff6bc65a/97694384/firmware//trisc0/trisc0.elf binary size: 936 in bytes (metal_context.cpp:950)
2025-10-20 19:58:34.466 | debug    |           Metal | RISC (x=25,y=20) DM1 fw /home/jameszianxu/.cache/tt-metal-cache/4eff6bc65a/97694384/firmware//trisc1/trisc1.elf binary size: 524 in bytes (metal_context.cpp:950)
2025-10-20 19:58:34.466 | debug    |           Metal | RISC (x=25,y=20) DM2 fw /home/jameszianxu/.cache/tt-metal-cache/4eff6bc65a/97694384/firmware//trisc2/trisc2.elf binary size: 892 in bytes (metal_context.cpp:950)
2025-10-20 19:58:34.466 | debug    |           Metal | RISC (x=18,y=21) DM0 fw /home/jameszianxu/.cache/tt-metal-cache/4eff6bc65a/97694384/firmware//brisc/brisc.elf binary size: 3848 in bytes (metal_context.cpp:950)
2025-10-20 19:58:34.466 | debug    |           Metal | RISC (x=18,y=21) DM1 fw /home/jameszianxu/.cache/tt-metal-cache/4eff6bc65a/97694384/firmware//ncrisc/ncrisc.elf binary size: 1404 in bytes (metal_context.cpp:950)
2025-10-20 19:58:34.466 | debug    |           Metal | RISC (x=18,y=21) DM0 fw /home/jameszianxu/.cache/tt-metal-cache/4eff6bc65a/97694384/firmware//trisc0/trisc0.elf binary size: 936 in bytes (metal_context.cpp:950)
2025-10-20 19:58:34.466 | debug    |           Metal | RISC (x=18,y=21) DM1 fw /home/jameszianxu/.cache/tt-metal-cache/4eff6bc65a/97694384/firmware//trisc1/trisc1.elf binary size: 524 in bytes (metal_context.cpp:950)
2025-10-20 19:58:34.466 | debug    |           Metal | RISC (x=18,y=21) DM2 fw /home/jameszianxu/.cache/tt-metal-cache/4eff6bc65a/97694384/firmware//trisc2/trisc2.elf binary size: 892 in bytes (metal_context.cpp:950)
2025-10-20 19:58:34.466 | debug    |           Metal | RISC (x=19,y=21) DM0 fw /home/jameszianxu/.cache/tt-metal-cache/4eff6bc65a/97694384/firmware//brisc/brisc.elf binary size: 3848 in bytes (metal_context.cpp:950)
2025-10-20 19:58:34.466 | debug    |           Metal | RISC (x=19,y=21) DM1 fw /home/jameszianxu/.cache/tt-metal-cache/4eff6bc65a/97694384/firmware//ncrisc/ncrisc.elf binary size: 1404 in bytes (metal_context.cpp:950)
2025-10-20 19:58:34.466 | debug    |           Metal | RISC (x=19,y=21) DM0 fw /home/jameszianxu/.cache/tt-metal-cache/4eff6bc65a/97694384/firmware//trisc0/trisc0.elf binary size: 936 in bytes (metal_context.cpp:950)
2025-10-20 19:58:34.466 | debug    |           Metal | RISC (x=19,y=21) DM1 fw /home/jameszianxu/.cache/tt-metal-cache/4eff6bc65a/97694384/firmware//trisc1/trisc1.elf binary size: 524 in bytes (metal_context.cpp:950)
2025-10-20 19:58:34.466 | debug    |           Metal | RISC (x=19,y=21) DM2 fw /home/jameszianxu/.cache/tt-metal-cache/4eff6bc65a/97694384/firmware//trisc2/trisc2.elf binary size: 892 in bytes (metal_context.cpp:950)
2025-10-20 19:58:34.466 | debug    |           Metal | RISC (x=20,y=21) DM0 fw /home/jameszianxu/.cache/tt-metal-cache/4eff6bc65a/97694384/firmware//brisc/brisc.elf binary size: 3848 in bytes (metal_context.cpp:950)
2025-10-20 19:58:34.466 | debug    |           Metal | RISC (x=20,y=21) DM1 fw /home/jameszianxu/.cache/tt-metal-cache/4eff6bc65a/97694384/firmware//ncrisc/ncrisc.elf binary size: 1404 in bytes (metal_context.cpp:950)
2025-10-20 19:58:34.466 | debug    |           Metal | RISC (x=20,y=21) DM0 fw /home/jameszianxu/.cache/tt-metal-cache/4eff6bc65a/97694384/firmware//trisc0/trisc0.elf binary size: 936 in bytes (metal_context.cpp:950)
2025-10-20 19:58:34.466 | debug    |           Metal | RISC (x=20,y=21) DM1 fw /home/jameszianxu/.cache/tt-metal-cache/4eff6bc65a/97694384/firmware//trisc1/trisc1.elf binary size: 524 in bytes (metal_context.cpp:950)
2025-10-20 19:58:34.466 | debug    |           Metal | RISC (x=20,y=21) DM2 fw /home/jameszianxu/.cache/tt-metal-cache/4eff6bc65a/97694384/firmware//trisc2/trisc2.elf binary size: 892 in bytes (metal_context.cpp:950)
2025-10-20 19:58:34.467 | debug    |           Metal | RISC (x=21,y=21) DM0 fw /home/jameszianxu/.cache/tt-metal-cache/4eff6bc65a/97694384/firmware//brisc/brisc.elf binary size: 3848 in bytes (metal_context.cpp:950)
2025-10-20 19:58:34.467 | debug    |           Metal | RISC (x=21,y=21) DM1 fw /home/jameszianxu/.cache/tt-metal-cache/4eff6bc65a/97694384/firmware//ncrisc/ncrisc.elf binary size: 1404 in bytes (metal_context.cpp:950)
2025-10-20 19:58:34.467 | debug    |           Metal | RISC (x=21,y=21) DM0 fw /home/jameszianxu/.cache/tt-metal-cache/4eff6bc65a/97694384/firmware//trisc0/trisc0.elf binary size: 936 in bytes (metal_context.cpp:950)
2025-10-20 19:58:34.467 | debug    |           Metal | RISC (x=21,y=21) DM1 fw /home/jameszianxu/.cache/tt-metal-cache/4eff6bc65a/97694384/firmware//trisc1/trisc1.elf binary size: 524 in bytes (metal_context.cpp:950)
2025-10-20 19:58:34.467 | debug    |           Metal | RISC (x=21,y=21) DM2 fw /home/jameszianxu/.cache/tt-metal-cache/4eff6bc65a/97694384/firmware//trisc2/trisc2.elf binary size: 892 in bytes (metal_context.cpp:950)
2025-10-20 19:58:34.467 | debug    |           Metal | RISC (x=22,y=21) DM0 fw /home/jameszianxu/.cache/tt-metal-cache/4eff6bc65a/97694384/firmware//brisc/brisc.elf binary size: 3848 in bytes (metal_context.cpp:950)
2025-10-20 19:58:34.467 | debug    |           Metal | RISC (x=22,y=21) DM1 fw /home/jameszianxu/.cache/tt-metal-cache/4eff6bc65a/97694384/firmware//ncrisc/ncrisc.elf binary size: 1404 in bytes (metal_context.cpp:950)
2025-10-20 19:58:34.467 | debug    |           Metal | RISC (x=22,y=21) DM0 fw /home/jameszianxu/.cache/tt-metal-cache/4eff6bc65a/97694384/firmware//trisc0/trisc0.elf binary size: 936 in bytes (metal_context.cpp:950)
2025-10-20 19:58:34.467 | debug    |           Metal | RISC (x=22,y=21) DM1 fw /home/jameszianxu/.cache/tt-metal-cache/4eff6bc65a/97694384/firmware//trisc1/trisc1.elf binary size: 524 in bytes (metal_context.cpp:950)
2025-10-20 19:58:34.467 | debug    |           Metal | RISC (x=22,y=21) DM2 fw /home/jameszianxu/.cache/tt-metal-cache/4eff6bc65a/97694384/firmware//trisc2/trisc2.elf binary size: 892 in bytes (metal_context.cpp:950)
2025-10-20 19:58:34.467 | debug    |           Metal | RISC (x=23,y=21) DM0 fw /home/jameszianxu/.cache/tt-metal-cache/4eff6bc65a/97694384/firmware//brisc/brisc.elf binary size: 3848 in bytes (metal_context.cpp:950)
2025-10-20 19:58:34.467 | debug    |           Metal | RISC (x=23,y=21) DM1 fw /home/jameszianxu/.cache/tt-metal-cache/4eff6bc65a/97694384/firmware//ncrisc/ncrisc.elf binary size: 1404 in bytes (metal_context.cpp:950)
2025-10-20 19:58:34.467 | debug    |           Metal | RISC (x=23,y=21) DM0 fw /home/jameszianxu/.cache/tt-metal-cache/4eff6bc65a/97694384/firmware//trisc0/trisc0.elf binary size: 936 in bytes (metal_context.cpp:950)
2025-10-20 19:58:34.467 | debug    |           Metal | RISC (x=23,y=21) DM1 fw /home/jameszianxu/.cache/tt-metal-cache/4eff6bc65a/97694384/firmware//trisc1/trisc1.elf binary size: 524 in bytes (metal_context.cpp:950)
2025-10-20 19:58:34.467 | debug    |           Metal | RISC (x=23,y=21) DM2 fw /home/jameszianxu/.cache/tt-metal-cache/4eff6bc65a/97694384/firmware//trisc2/trisc2.elf binary size: 892 in bytes (metal_context.cpp:950)
2025-10-20 19:58:34.468 | debug    |           Metal | RISC (x=24,y=21) DM0 fw /home/jameszianxu/.cache/tt-metal-cache/4eff6bc65a/97694384/firmware//brisc/brisc.elf binary size: 3848 in bytes (metal_context.cpp:950)
2025-10-20 19:58:34.468 | debug    |           Metal | RISC (x=24,y=21) DM1 fw /home/jameszianxu/.cache/tt-metal-cache/4eff6bc65a/97694384/firmware//ncrisc/ncrisc.elf binary size: 1404 in bytes (metal_context.cpp:950)
2025-10-20 19:58:34.468 | debug    |           Metal | RISC (x=24,y=21) DM0 fw /home/jameszianxu/.cache/tt-metal-cache/4eff6bc65a/97694384/firmware//trisc0/trisc0.elf binary size: 936 in bytes (metal_context.cpp:950)
2025-10-20 19:58:34.468 | debug    |           Metal | RISC (x=24,y=21) DM1 fw /home/jameszianxu/.cache/tt-metal-cache/4eff6bc65a/97694384/firmware//trisc1/trisc1.elf binary size: 524 in bytes (metal_context.cpp:950)
2025-10-20 19:58:34.468 | debug    |           Metal | RISC (x=24,y=21) DM2 fw /home/jameszianxu/.cache/tt-metal-cache/4eff6bc65a/97694384/firmware//trisc2/trisc2.elf binary size: 892 in bytes (metal_context.cpp:950)
2025-10-20 19:58:34.468 | debug    |           Metal | RISC (x=25,y=21) DM0 fw /home/jameszianxu/.cache/tt-metal-cache/4eff6bc65a/97694384/firmware//brisc/brisc.elf binary size: 3848 in bytes (metal_context.cpp:950)
2025-10-20 19:58:34.468 | debug    |           Metal | RISC (x=25,y=21) DM1 fw /home/jameszianxu/.cache/tt-metal-cache/4eff6bc65a/97694384/firmware//ncrisc/ncrisc.elf binary size: 1404 in bytes (metal_context.cpp:950)
2025-10-20 19:58:34.468 | debug    |           Metal | RISC (x=25,y=21) DM0 fw /home/jameszianxu/.cache/tt-metal-cache/4eff6bc65a/97694384/firmware//trisc0/trisc0.elf binary size: 936 in bytes (metal_context.cpp:950)
2025-10-20 19:58:34.468 | debug    |           Metal | RISC (x=25,y=21) DM1 fw /home/jameszianxu/.cache/tt-metal-cache/4eff6bc65a/97694384/firmware//trisc1/trisc1.elf binary size: 524 in bytes (metal_context.cpp:950)
2025-10-20 19:58:34.468 | debug    |           Metal | RISC (x=25,y=21) DM2 fw /home/jameszianxu/.cache/tt-metal-cache/4eff6bc65a/97694384/firmware//trisc2/trisc2.elf binary size: 892 in bytes (metal_context.cpp:950)
2025-10-20 19:58:34.468 | debug    |           Metal | RISC (x=18,y=22) DM0 fw /home/jameszianxu/.cache/tt-metal-cache/4eff6bc65a/97694384/firmware//brisc/brisc.elf binary size: 3848 in bytes (metal_context.cpp:950)
2025-10-20 19:58:34.468 | debug    |           Metal | RISC (x=18,y=22) DM1 fw /home/jameszianxu/.cache/tt-metal-cache/4eff6bc65a/97694384/firmware//ncrisc/ncrisc.elf binary size: 1404 in bytes (metal_context.cpp:950)
2025-10-20 19:58:34.468 | debug    |           Metal | RISC (x=18,y=22) DM0 fw /home/jameszianxu/.cache/tt-metal-cache/4eff6bc65a/97694384/firmware//trisc0/trisc0.elf binary size: 936 in bytes (metal_context.cpp:950)
2025-10-20 19:58:34.468 | debug    |           Metal | RISC (x=18,y=22) DM1 fw /home/jameszianxu/.cache/tt-metal-cache/4eff6bc65a/97694384/firmware//trisc1/trisc1.elf binary size: 524 in bytes (metal_context.cpp:950)
2025-10-20 19:58:34.468 | debug    |           Metal | RISC (x=18,y=22) DM2 fw /home/jameszianxu/.cache/tt-metal-cache/4eff6bc65a/97694384/firmware//trisc2/trisc2.elf binary size: 892 in bytes (metal_context.cpp:950)
2025-10-20 19:58:34.468 | debug    |           Metal | RISC (x=19,y=22) DM0 fw /home/jameszianxu/.cache/tt-metal-cache/4eff6bc65a/97694384/firmware//brisc/brisc.elf binary size: 3848 in bytes (metal_context.cpp:950)
2025-10-20 19:58:34.468 | debug    |           Metal | RISC (x=19,y=22) DM1 fw /home/jameszianxu/.cache/tt-metal-cache/4eff6bc65a/97694384/firmware//ncrisc/ncrisc.elf binary size: 1404 in bytes (metal_context.cpp:950)
2025-10-20 19:58:34.469 | debug    |           Metal | RISC (x=19,y=22) DM0 fw /home/jameszianxu/.cache/tt-metal-cache/4eff6bc65a/97694384/firmware//trisc0/trisc0.elf binary size: 936 in bytes (metal_context.cpp:950)
2025-10-20 19:58:34.469 | debug    |           Metal | RISC (x=19,y=22) DM1 fw /home/jameszianxu/.cache/tt-metal-cache/4eff6bc65a/97694384/firmware//trisc1/trisc1.elf binary size: 524 in bytes (metal_context.cpp:950)
2025-10-20 19:58:34.469 | debug    |           Metal | RISC (x=19,y=22) DM2 fw /home/jameszianxu/.cache/tt-metal-cache/4eff6bc65a/97694384/firmware//trisc2/trisc2.elf binary size: 892 in bytes (metal_context.cpp:950)
2025-10-20 19:58:34.469 | debug    |           Metal | RISC (x=20,y=22) DM0 fw /home/jameszianxu/.cache/tt-metal-cache/4eff6bc65a/97694384/firmware//brisc/brisc.elf binary size: 3848 in bytes (metal_context.cpp:950)
2025-10-20 19:58:34.469 | debug    |           Metal | RISC (x=20,y=22) DM1 fw /home/jameszianxu/.cache/tt-metal-cache/4eff6bc65a/97694384/firmware//ncrisc/ncrisc.elf binary size: 1404 in bytes (metal_context.cpp:950)
2025-10-20 19:58:34.469 | debug    |           Metal | RISC (x=20,y=22) DM0 fw /home/jameszianxu/.cache/tt-metal-cache/4eff6bc65a/97694384/firmware//trisc0/trisc0.elf binary size: 936 in bytes (metal_context.cpp:950)
2025-10-20 19:58:34.469 | debug    |           Metal | RISC (x=20,y=22) DM1 fw /home/jameszianxu/.cache/tt-metal-cache/4eff6bc65a/97694384/firmware//trisc1/trisc1.elf binary size: 524 in bytes (metal_context.cpp:950)
2025-10-20 19:58:34.469 | debug    |           Metal | RISC (x=20,y=22) DM2 fw /home/jameszianxu/.cache/tt-metal-cache/4eff6bc65a/97694384/firmware//trisc2/trisc2.elf binary size: 892 in bytes (metal_context.cpp:950)
2025-10-20 19:58:34.469 | debug    |           Metal | RISC (x=21,y=22) DM0 fw /home/jameszianxu/.cache/tt-metal-cache/4eff6bc65a/97694384/firmware//brisc/brisc.elf binary size: 3848 in bytes (metal_context.cpp:950)
2025-10-20 19:58:34.469 | debug    |           Metal | RISC (x=21,y=22) DM1 fw /home/jameszianxu/.cache/tt-metal-cache/4eff6bc65a/97694384/firmware//ncrisc/ncrisc.elf binary size: 1404 in bytes (metal_context.cpp:950)
2025-10-20 19:58:34.469 | debug    |           Metal | RISC (x=21,y=22) DM0 fw /home/jameszianxu/.cache/tt-metal-cache/4eff6bc65a/97694384/firmware//trisc0/trisc0.elf binary size: 936 in bytes (metal_context.cpp:950)
2025-10-20 19:58:34.469 | debug    |           Metal | RISC (x=21,y=22) DM1 fw /home/jameszianxu/.cache/tt-metal-cache/4eff6bc65a/97694384/firmware//trisc1/trisc1.elf binary size: 524 in bytes (metal_context.cpp:950)
2025-10-20 19:58:34.469 | debug    |           Metal | RISC (x=21,y=22) DM2 fw /home/jameszianxu/.cache/tt-metal-cache/4eff6bc65a/97694384/firmware//trisc2/trisc2.elf binary size: 892 in bytes (metal_context.cpp:950)
2025-10-20 19:58:34.469 | debug    |           Metal | RISC (x=22,y=22) DM0 fw /home/jameszianxu/.cache/tt-metal-cache/4eff6bc65a/97694384/firmware//brisc/brisc.elf binary size: 3848 in bytes (metal_context.cpp:950)
2025-10-20 19:58:34.469 | debug    |           Metal | RISC (x=22,y=22) DM1 fw /home/jameszianxu/.cache/tt-metal-cache/4eff6bc65a/97694384/firmware//ncrisc/ncrisc.elf binary size: 1404 in bytes (metal_context.cpp:950)
2025-10-20 19:58:34.469 | debug    |           Metal | RISC (x=22,y=22) DM0 fw /home/jameszianxu/.cache/tt-metal-cache/4eff6bc65a/97694384/firmware//trisc0/trisc0.elf binary size: 936 in bytes (metal_context.cpp:950)
2025-10-20 19:58:34.469 | debug    |           Metal | RISC (x=22,y=22) DM1 fw /home/jameszianxu/.cache/tt-metal-cache/4eff6bc65a/97694384/firmware//trisc1/trisc1.elf binary size: 524 in bytes (metal_context.cpp:950)
2025-10-20 19:58:34.469 | debug    |           Metal | RISC (x=22,y=22) DM2 fw /home/jameszianxu/.cache/tt-metal-cache/4eff6bc65a/97694384/firmware//trisc2/trisc2.elf binary size: 892 in bytes (metal_context.cpp:950)
2025-10-20 19:58:34.470 | debug    |           Metal | RISC (x=23,y=22) DM0 fw /home/jameszianxu/.cache/tt-metal-cache/4eff6bc65a/97694384/firmware//brisc/brisc.elf binary size: 3848 in bytes (metal_context.cpp:950)
2025-10-20 19:58:34.470 | debug    |           Metal | RISC (x=23,y=22) DM1 fw /home/jameszianxu/.cache/tt-metal-cache/4eff6bc65a/97694384/firmware//ncrisc/ncrisc.elf binary size: 1404 in bytes (metal_context.cpp:950)
2025-10-20 19:58:34.470 | debug    |           Metal | RISC (x=23,y=22) DM0 fw /home/jameszianxu/.cache/tt-metal-cache/4eff6bc65a/97694384/firmware//trisc0/trisc0.elf binary size: 936 in bytes (metal_context.cpp:950)
2025-10-20 19:58:34.470 | debug    |           Metal | RISC (x=23,y=22) DM1 fw /home/jameszianxu/.cache/tt-metal-cache/4eff6bc65a/97694384/firmware//trisc1/trisc1.elf binary size: 524 in bytes (metal_context.cpp:950)
2025-10-20 19:58:34.470 | debug    |           Metal | RISC (x=23,y=22) DM2 fw /home/jameszianxu/.cache/tt-metal-cache/4eff6bc65a/97694384/firmware//trisc2/trisc2.elf binary size: 892 in bytes (metal_context.cpp:950)
2025-10-20 19:58:34.470 | debug    |           Metal | RISC (x=24,y=22) DM0 fw /home/jameszianxu/.cache/tt-metal-cache/4eff6bc65a/97694384/firmware//brisc/brisc.elf binary size: 3848 in bytes (metal_context.cpp:950)
2025-10-20 19:58:34.470 | debug    |           Metal | RISC (x=24,y=22) DM1 fw /home/jameszianxu/.cache/tt-metal-cache/4eff6bc65a/97694384/firmware//ncrisc/ncrisc.elf binary size: 1404 in bytes (metal_context.cpp:950)
2025-10-20 19:58:34.470 | debug    |           Metal | RISC (x=24,y=22) DM0 fw /home/jameszianxu/.cache/tt-metal-cache/4eff6bc65a/97694384/firmware//trisc0/trisc0.elf binary size: 936 in bytes (metal_context.cpp:950)
2025-10-20 19:58:34.470 | debug    |           Metal | RISC (x=24,y=22) DM1 fw /home/jameszianxu/.cache/tt-metal-cache/4eff6bc65a/97694384/firmware//trisc1/trisc1.elf binary size: 524 in bytes (metal_context.cpp:950)
2025-10-20 19:58:34.470 | debug    |           Metal | RISC (x=24,y=22) DM2 fw /home/jameszianxu/.cache/tt-metal-cache/4eff6bc65a/97694384/firmware//trisc2/trisc2.elf binary size: 892 in bytes (metal_context.cpp:950)
2025-10-20 19:58:34.470 | debug    |           Metal | RISC (x=25,y=22) DM0 fw /home/jameszianxu/.cache/tt-metal-cache/4eff6bc65a/97694384/firmware//brisc/brisc.elf binary size: 3848 in bytes (metal_context.cpp:950)
2025-10-20 19:58:34.470 | debug    |           Metal | RISC (x=25,y=22) DM1 fw /home/jameszianxu/.cache/tt-metal-cache/4eff6bc65a/97694384/firmware//ncrisc/ncrisc.elf binary size: 1404 in bytes (metal_context.cpp:950)
2025-10-20 19:58:34.470 | debug    |           Metal | RISC (x=25,y=22) DM0 fw /home/jameszianxu/.cache/tt-metal-cache/4eff6bc65a/97694384/firmware//trisc0/trisc0.elf binary size: 936 in bytes (metal_context.cpp:950)
2025-10-20 19:58:34.470 | debug    |           Metal | RISC (x=25,y=22) DM1 fw /home/jameszianxu/.cache/tt-metal-cache/4eff6bc65a/97694384/firmware//trisc1/trisc1.elf binary size: 524 in bytes (metal_context.cpp:950)
2025-10-20 19:58:34.470 | debug    |           Metal | RISC (x=25,y=22) DM2 fw /home/jameszianxu/.cache/tt-metal-cache/4eff6bc65a/97694384/firmware//trisc2/trisc2.elf binary size: 892 in bytes (metal_context.cpp:950)
2025-10-20 19:58:34.471 | debug    |           Metal | RISC (x=18,y=23) DM0 fw /home/jameszianxu/.cache/tt-metal-cache/4eff6bc65a/97694384/firmware//brisc/brisc.elf binary size: 3848 in bytes (metal_context.cpp:950)
2025-10-20 19:58:34.471 | debug    |           Metal | RISC (x=18,y=23) DM1 fw /home/jameszianxu/.cache/tt-metal-cache/4eff6bc65a/97694384/firmware//ncrisc/ncrisc.elf binary size: 1404 in bytes (metal_context.cpp:950)
2025-10-20 19:58:34.471 | debug    |           Metal | RISC (x=18,y=23) DM0 fw /home/jameszianxu/.cache/tt-metal-cache/4eff6bc65a/97694384/firmware//trisc0/trisc0.elf binary size: 936 in bytes (metal_context.cpp:950)
2025-10-20 19:58:34.471 | debug    |           Metal | RISC (x=18,y=23) DM1 fw /home/jameszianxu/.cache/tt-metal-cache/4eff6bc65a/97694384/firmware//trisc1/trisc1.elf binary size: 524 in bytes (metal_context.cpp:950)
2025-10-20 19:58:34.471 | debug    |           Metal | RISC (x=18,y=23) DM2 fw /home/jameszianxu/.cache/tt-metal-cache/4eff6bc65a/97694384/firmware//trisc2/trisc2.elf binary size: 892 in bytes (metal_context.cpp:950)
2025-10-20 19:58:34.471 | debug    |           Metal | RISC (x=19,y=23) DM0 fw /home/jameszianxu/.cache/tt-metal-cache/4eff6bc65a/97694384/firmware//brisc/brisc.elf binary size: 3848 in bytes (metal_context.cpp:950)
2025-10-20 19:58:34.471 | debug    |           Metal | RISC (x=19,y=23) DM1 fw /home/jameszianxu/.cache/tt-metal-cache/4eff6bc65a/97694384/firmware//ncrisc/ncrisc.elf binary size: 1404 in bytes (metal_context.cpp:950)
2025-10-20 19:58:34.471 | debug    |           Metal | RISC (x=19,y=23) DM0 fw /home/jameszianxu/.cache/tt-metal-cache/4eff6bc65a/97694384/firmware//trisc0/trisc0.elf binary size: 936 in bytes (metal_context.cpp:950)
2025-10-20 19:58:34.471 | debug    |           Metal | RISC (x=19,y=23) DM1 fw /home/jameszianxu/.cache/tt-metal-cache/4eff6bc65a/97694384/firmware//trisc1/trisc1.elf binary size: 524 in bytes (metal_context.cpp:950)
2025-10-20 19:58:34.471 | debug    |           Metal | RISC (x=19,y=23) DM2 fw /home/jameszianxu/.cache/tt-metal-cache/4eff6bc65a/97694384/firmware//trisc2/trisc2.elf binary size: 892 in bytes (metal_context.cpp:950)
2025-10-20 19:58:34.471 | debug    |           Metal | RISC (x=20,y=23) DM0 fw /home/jameszianxu/.cache/tt-metal-cache/4eff6bc65a/97694384/firmware//brisc/brisc.elf binary size: 3848 in bytes (metal_context.cpp:950)
2025-10-20 19:58:34.471 | debug    |           Metal | RISC (x=20,y=23) DM1 fw /home/jameszianxu/.cache/tt-metal-cache/4eff6bc65a/97694384/firmware//ncrisc/ncrisc.elf binary size: 1404 in bytes (metal_context.cpp:950)
2025-10-20 19:58:34.471 | debug    |           Metal | RISC (x=20,y=23) DM0 fw /home/jameszianxu/.cache/tt-metal-cache/4eff6bc65a/97694384/firmware//trisc0/trisc0.elf binary size: 936 in bytes (metal_context.cpp:950)
2025-10-20 19:58:34.471 | debug    |           Metal | RISC (x=20,y=23) DM1 fw /home/jameszianxu/.cache/tt-metal-cache/4eff6bc65a/97694384/firmware//trisc1/trisc1.elf binary size: 524 in bytes (metal_context.cpp:950)
2025-10-20 19:58:34.471 | debug    |           Metal | RISC (x=20,y=23) DM2 fw /home/jameszianxu/.cache/tt-metal-cache/4eff6bc65a/97694384/firmware//trisc2/trisc2.elf binary size: 892 in bytes (metal_context.cpp:950)
2025-10-20 19:58:34.471 | debug    |           Metal | RISC (x=21,y=23) DM0 fw /home/jameszianxu/.cache/tt-metal-cache/4eff6bc65a/97694384/firmware//brisc/brisc.elf binary size: 3848 in bytes (metal_context.cpp:950)
2025-10-20 19:58:34.471 | debug    |           Metal | RISC (x=21,y=23) DM1 fw /home/jameszianxu/.cache/tt-metal-cache/4eff6bc65a/97694384/firmware//ncrisc/ncrisc.elf binary size: 1404 in bytes (metal_context.cpp:950)
2025-10-20 19:58:34.471 | debug    |           Metal | RISC (x=21,y=23) DM0 fw /home/jameszianxu/.cache/tt-metal-cache/4eff6bc65a/97694384/firmware//trisc0/trisc0.elf binary size: 936 in bytes (metal_context.cpp:950)
2025-10-20 19:58:34.471 | debug    |           Metal | RISC (x=21,y=23) DM1 fw /home/jameszianxu/.cache/tt-metal-cache/4eff6bc65a/97694384/firmware//trisc1/trisc1.elf binary size: 524 in bytes (metal_context.cpp:950)
2025-10-20 19:58:34.472 | debug    |           Metal | RISC (x=21,y=23) DM2 fw /home/jameszianxu/.cache/tt-metal-cache/4eff6bc65a/97694384/firmware//trisc2/trisc2.elf binary size: 892 in bytes (metal_context.cpp:950)
2025-10-20 19:58:34.472 | debug    |           Metal | RISC (x=22,y=23) DM0 fw /home/jameszianxu/.cache/tt-metal-cache/4eff6bc65a/97694384/firmware//brisc/brisc.elf binary size: 3848 in bytes (metal_context.cpp:950)
2025-10-20 19:58:34.472 | debug    |           Metal | RISC (x=22,y=23) DM1 fw /home/jameszianxu/.cache/tt-metal-cache/4eff6bc65a/97694384/firmware//ncrisc/ncrisc.elf binary size: 1404 in bytes (metal_context.cpp:950)
2025-10-20 19:58:34.472 | debug    |           Metal | RISC (x=22,y=23) DM0 fw /home/jameszianxu/.cache/tt-metal-cache/4eff6bc65a/97694384/firmware//trisc0/trisc0.elf binary size: 936 in bytes (metal_context.cpp:950)
2025-10-20 19:58:34.472 | debug    |           Metal | RISC (x=22,y=23) DM1 fw /home/jameszianxu/.cache/tt-metal-cache/4eff6bc65a/97694384/firmware//trisc1/trisc1.elf binary size: 524 in bytes (metal_context.cpp:950)
2025-10-20 19:58:34.472 | debug    |           Metal | RISC (x=22,y=23) DM2 fw /home/jameszianxu/.cache/tt-metal-cache/4eff6bc65a/97694384/firmware//trisc2/trisc2.elf binary size: 892 in bytes (metal_context.cpp:950)
2025-10-20 19:58:34.472 | debug    |           Metal | RISC (x=23,y=23) DM0 fw /home/jameszianxu/.cache/tt-metal-cache/4eff6bc65a/97694384/firmware//brisc/brisc.elf binary size: 3848 in bytes (metal_context.cpp:950)
2025-10-20 19:58:34.472 | debug    |           Metal | RISC (x=23,y=23) DM1 fw /home/jameszianxu/.cache/tt-metal-cache/4eff6bc65a/97694384/firmware//ncrisc/ncrisc.elf binary size: 1404 in bytes (metal_context.cpp:950)
2025-10-20 19:58:34.472 | debug    |           Metal | RISC (x=23,y=23) DM0 fw /home/jameszianxu/.cache/tt-metal-cache/4eff6bc65a/97694384/firmware//trisc0/trisc0.elf binary size: 936 in bytes (metal_context.cpp:950)
2025-10-20 19:58:34.472 | debug    |           Metal | RISC (x=23,y=23) DM1 fw /home/jameszianxu/.cache/tt-metal-cache/4eff6bc65a/97694384/firmware//trisc1/trisc1.elf binary size: 524 in bytes (metal_context.cpp:950)
2025-10-20 19:58:34.472 | debug    |           Metal | RISC (x=23,y=23) DM2 fw /home/jameszianxu/.cache/tt-metal-cache/4eff6bc65a/97694384/firmware//trisc2/trisc2.elf binary size: 892 in bytes (metal_context.cpp:950)
2025-10-20 19:58:34.472 | debug    |           Metal | RISC (x=24,y=23) DM0 fw /home/jameszianxu/.cache/tt-metal-cache/4eff6bc65a/97694384/firmware//brisc/brisc.elf binary size: 3848 in bytes (metal_context.cpp:950)
2025-10-20 19:58:34.472 | debug    |           Metal | RISC (x=24,y=23) DM1 fw /home/jameszianxu/.cache/tt-metal-cache/4eff6bc65a/97694384/firmware//ncrisc/ncrisc.elf binary size: 1404 in bytes (metal_context.cpp:950)
2025-10-20 19:58:34.472 | debug    |           Metal | RISC (x=24,y=23) DM0 fw /home/jameszianxu/.cache/tt-metal-cache/4eff6bc65a/97694384/firmware//trisc0/trisc0.elf binary size: 936 in bytes (metal_context.cpp:950)
2025-10-20 19:58:34.472 | debug    |           Metal | RISC (x=24,y=23) DM1 fw /home/jameszianxu/.cache/tt-metal-cache/4eff6bc65a/97694384/firmware//trisc1/trisc1.elf binary size: 524 in bytes (metal_context.cpp:950)
2025-10-20 19:58:34.472 | debug    |           Metal | RISC (x=24,y=23) DM2 fw /home/jameszianxu/.cache/tt-metal-cache/4eff6bc65a/97694384/firmware//trisc2/trisc2.elf binary size: 892 in bytes (metal_context.cpp:950)
2025-10-20 19:58:34.473 | debug    |           Metal | RISC (x=25,y=23) DM0 fw /home/jameszianxu/.cache/tt-metal-cache/4eff6bc65a/97694384/firmware//brisc/brisc.elf binary size: 3848 in bytes (metal_context.cpp:950)
2025-10-20 19:58:34.473 | debug    |           Metal | RISC (x=25,y=23) DM1 fw /home/jameszianxu/.cache/tt-metal-cache/4eff6bc65a/97694384/firmware//ncrisc/ncrisc.elf binary size: 1404 in bytes (metal_context.cpp:950)
2025-10-20 19:58:34.473 | debug    |           Metal | RISC (x=25,y=23) DM0 fw /home/jameszianxu/.cache/tt-metal-cache/4eff6bc65a/97694384/firmware//trisc0/trisc0.elf binary size: 936 in bytes (metal_context.cpp:950)
2025-10-20 19:58:34.473 | debug    |           Metal | RISC (x=25,y=23) DM1 fw /home/jameszianxu/.cache/tt-metal-cache/4eff6bc65a/97694384/firmware//trisc1/trisc1.elf binary size: 524 in bytes (metal_context.cpp:950)
2025-10-20 19:58:34.473 | debug    |           Metal | RISC (x=25,y=23) DM2 fw /home/jameszianxu/.cache/tt-metal-cache/4eff6bc65a/97694384/firmware//trisc2/trisc2.elf binary size: 892 in bytes (metal_context.cpp:950)
2025-10-20 19:58:34.473 | debug    |           Metal | RISC (x=18,y=24) DM0 fw /home/jameszianxu/.cache/tt-metal-cache/4eff6bc65a/97694384/firmware//brisc/brisc.elf binary size: 3848 in bytes (metal_context.cpp:950)
2025-10-20 19:58:34.473 | debug    |           Metal | RISC (x=18,y=24) DM1 fw /home/jameszianxu/.cache/tt-metal-cache/4eff6bc65a/97694384/firmware//ncrisc/ncrisc.elf binary size: 1404 in bytes (metal_context.cpp:950)
2025-10-20 19:58:34.473 | debug    |           Metal | RISC (x=18,y=24) DM0 fw /home/jameszianxu/.cache/tt-metal-cache/4eff6bc65a/97694384/firmware//trisc0/trisc0.elf binary size: 936 in bytes (metal_context.cpp:950)
2025-10-20 19:58:34.473 | debug    |           Metal | RISC (x=18,y=24) DM1 fw /home/jameszianxu/.cache/tt-metal-cache/4eff6bc65a/97694384/firmware//trisc1/trisc1.elf binary size: 524 in bytes (metal_context.cpp:950)
2025-10-20 19:58:34.473 | debug    |           Metal | RISC (x=18,y=24) DM2 fw /home/jameszianxu/.cache/tt-metal-cache/4eff6bc65a/97694384/firmware//trisc2/trisc2.elf binary size: 892 in bytes (metal_context.cpp:950)
2025-10-20 19:58:34.473 | debug    |           Metal | RISC (x=19,y=24) DM0 fw /home/jameszianxu/.cache/tt-metal-cache/4eff6bc65a/97694384/firmware//brisc/brisc.elf binary size: 3848 in bytes (metal_context.cpp:950)
2025-10-20 19:58:34.473 | debug    |           Metal | RISC (x=19,y=24) DM1 fw /home/jameszianxu/.cache/tt-metal-cache/4eff6bc65a/97694384/firmware//ncrisc/ncrisc.elf binary size: 1404 in bytes (metal_context.cpp:950)
2025-10-20 19:58:34.473 | debug    |           Metal | RISC (x=19,y=24) DM0 fw /home/jameszianxu/.cache/tt-metal-cache/4eff6bc65a/97694384/firmware//trisc0/trisc0.elf binary size: 936 in bytes (metal_context.cpp:950)
2025-10-20 19:58:34.473 | debug    |           Metal | RISC (x=19,y=24) DM1 fw /home/jameszianxu/.cache/tt-metal-cache/4eff6bc65a/97694384/firmware//trisc1/trisc1.elf binary size: 524 in bytes (metal_context.cpp:950)
2025-10-20 19:58:34.473 | debug    |           Metal | RISC (x=19,y=24) DM2 fw /home/jameszianxu/.cache/tt-metal-cache/4eff6bc65a/97694384/firmware//trisc2/trisc2.elf binary size: 892 in bytes (metal_context.cpp:950)
2025-10-20 19:58:34.473 | debug    |           Metal | RISC (x=20,y=24) DM0 fw /home/jameszianxu/.cache/tt-metal-cache/4eff6bc65a/97694384/firmware//brisc/brisc.elf binary size: 3848 in bytes (metal_context.cpp:950)
2025-10-20 19:58:34.473 | debug    |           Metal | RISC (x=20,y=24) DM1 fw /home/jameszianxu/.cache/tt-metal-cache/4eff6bc65a/97694384/firmware//ncrisc/ncrisc.elf binary size: 1404 in bytes (metal_context.cpp:950)
2025-10-20 19:58:34.474 | debug    |           Metal | RISC (x=20,y=24) DM0 fw /home/jameszianxu/.cache/tt-metal-cache/4eff6bc65a/97694384/firmware//trisc0/trisc0.elf binary size: 936 in bytes (metal_context.cpp:950)
2025-10-20 19:58:34.474 | debug    |           Metal | RISC (x=20,y=24) DM1 fw /home/jameszianxu/.cache/tt-metal-cache/4eff6bc65a/97694384/firmware//trisc1/trisc1.elf binary size: 524 in bytes (metal_context.cpp:950)
2025-10-20 19:58:34.474 | debug    |           Metal | RISC (x=20,y=24) DM2 fw /home/jameszianxu/.cache/tt-metal-cache/4eff6bc65a/97694384/firmware//trisc2/trisc2.elf binary size: 892 in bytes (metal_context.cpp:950)
2025-10-20 19:58:34.474 | debug    |           Metal | RISC (x=21,y=24) DM0 fw /home/jameszianxu/.cache/tt-metal-cache/4eff6bc65a/97694384/firmware//brisc/brisc.elf binary size: 3848 in bytes (metal_context.cpp:950)
2025-10-20 19:58:34.474 | debug    |           Metal | RISC (x=21,y=24) DM1 fw /home/jameszianxu/.cache/tt-metal-cache/4eff6bc65a/97694384/firmware//ncrisc/ncrisc.elf binary size: 1404 in bytes (metal_context.cpp:950)
2025-10-20 19:58:34.474 | debug    |           Metal | RISC (x=21,y=24) DM0 fw /home/jameszianxu/.cache/tt-metal-cache/4eff6bc65a/97694384/firmware//trisc0/trisc0.elf binary size: 936 in bytes (metal_context.cpp:950)
2025-10-20 19:58:34.474 | debug    |           Metal | RISC (x=21,y=24) DM1 fw /home/jameszianxu/.cache/tt-metal-cache/4eff6bc65a/97694384/firmware//trisc1/trisc1.elf binary size: 524 in bytes (metal_context.cpp:950)
2025-10-20 19:58:34.474 | debug    |           Metal | RISC (x=21,y=24) DM2 fw /home/jameszianxu/.cache/tt-metal-cache/4eff6bc65a/97694384/firmware//trisc2/trisc2.elf binary size: 892 in bytes (metal_context.cpp:950)
2025-10-20 19:58:34.474 | debug    |           Metal | RISC (x=22,y=24) DM0 fw /home/jameszianxu/.cache/tt-metal-cache/4eff6bc65a/97694384/firmware//brisc/brisc.elf binary size: 3848 in bytes (metal_context.cpp:950)
2025-10-20 19:58:34.474 | debug    |           Metal | RISC (x=22,y=24) DM1 fw /home/jameszianxu/.cache/tt-metal-cache/4eff6bc65a/97694384/firmware//ncrisc/ncrisc.elf binary size: 1404 in bytes (metal_context.cpp:950)
2025-10-20 19:58:34.474 | debug    |           Metal | RISC (x=22,y=24) DM0 fw /home/jameszianxu/.cache/tt-metal-cache/4eff6bc65a/97694384/firmware//trisc0/trisc0.elf binary size: 936 in bytes (metal_context.cpp:950)
2025-10-20 19:58:34.474 | debug    |           Metal | RISC (x=22,y=24) DM1 fw /home/jameszianxu/.cache/tt-metal-cache/4eff6bc65a/97694384/firmware//trisc1/trisc1.elf binary size: 524 in bytes (metal_context.cpp:950)
2025-10-20 19:58:34.474 | debug    |           Metal | RISC (x=22,y=24) DM2 fw /home/jameszianxu/.cache/tt-metal-cache/4eff6bc65a/97694384/firmware//trisc2/trisc2.elf binary size: 892 in bytes (metal_context.cpp:950)
2025-10-20 19:58:34.474 | debug    |           Metal | RISC (x=23,y=24) DM0 fw /home/jameszianxu/.cache/tt-metal-cache/4eff6bc65a/97694384/firmware//brisc/brisc.elf binary size: 3848 in bytes (metal_context.cpp:950)
2025-10-20 19:58:34.474 | debug    |           Metal | RISC (x=23,y=24) DM1 fw /home/jameszianxu/.cache/tt-metal-cache/4eff6bc65a/97694384/firmware//ncrisc/ncrisc.elf binary size: 1404 in bytes (metal_context.cpp:950)
2025-10-20 19:58:34.474 | debug    |           Metal | RISC (x=23,y=24) DM0 fw /home/jameszianxu/.cache/tt-metal-cache/4eff6bc65a/97694384/firmware//trisc0/trisc0.elf binary size: 936 in bytes (metal_context.cpp:950)
2025-10-20 19:58:34.474 | debug    |           Metal | RISC (x=23,y=24) DM1 fw /home/jameszianxu/.cache/tt-metal-cache/4eff6bc65a/97694384/firmware//trisc1/trisc1.elf binary size: 524 in bytes (metal_context.cpp:950)
2025-10-20 19:58:34.474 | debug    |           Metal | RISC (x=23,y=24) DM2 fw /home/jameszianxu/.cache/tt-metal-cache/4eff6bc65a/97694384/firmware//trisc2/trisc2.elf binary size: 892 in bytes (metal_context.cpp:950)
2025-10-20 19:58:34.475 | debug    |           Metal | RISC (x=24,y=24) DM0 fw /home/jameszianxu/.cache/tt-metal-cache/4eff6bc65a/97694384/firmware//brisc/brisc.elf binary size: 3848 in bytes (metal_context.cpp:950)
2025-10-20 19:58:34.475 | debug    |           Metal | RISC (x=24,y=24) DM1 fw /home/jameszianxu/.cache/tt-metal-cache/4eff6bc65a/97694384/firmware//ncrisc/ncrisc.elf binary size: 1404 in bytes (metal_context.cpp:950)
2025-10-20 19:58:34.475 | debug    |           Metal | RISC (x=24,y=24) DM0 fw /home/jameszianxu/.cache/tt-metal-cache/4eff6bc65a/97694384/firmware//trisc0/trisc0.elf binary size: 936 in bytes (metal_context.cpp:950)
2025-10-20 19:58:34.475 | debug    |           Metal | RISC (x=24,y=24) DM1 fw /home/jameszianxu/.cache/tt-metal-cache/4eff6bc65a/97694384/firmware//trisc1/trisc1.elf binary size: 524 in bytes (metal_context.cpp:950)
2025-10-20 19:58:34.475 | debug    |           Metal | RISC (x=24,y=24) DM2 fw /home/jameszianxu/.cache/tt-metal-cache/4eff6bc65a/97694384/firmware//trisc2/trisc2.elf binary size: 892 in bytes (metal_context.cpp:950)
2025-10-20 19:58:34.475 | debug    |           Metal | RISC (x=25,y=24) DM0 fw /home/jameszianxu/.cache/tt-metal-cache/4eff6bc65a/97694384/firmware//brisc/brisc.elf binary size: 3848 in bytes (metal_context.cpp:950)
2025-10-20 19:58:34.475 | debug    |           Metal | RISC (x=25,y=24) DM1 fw /home/jameszianxu/.cache/tt-metal-cache/4eff6bc65a/97694384/firmware//ncrisc/ncrisc.elf binary size: 1404 in bytes (metal_context.cpp:950)
2025-10-20 19:58:34.475 | debug    |           Metal | RISC (x=25,y=24) DM0 fw /home/jameszianxu/.cache/tt-metal-cache/4eff6bc65a/97694384/firmware//trisc0/trisc0.elf binary size: 936 in bytes (metal_context.cpp:950)
2025-10-20 19:58:34.475 | debug    |           Metal | RISC (x=25,y=24) DM1 fw /home/jameszianxu/.cache/tt-metal-cache/4eff6bc65a/97694384/firmware//trisc1/trisc1.elf binary size: 524 in bytes (metal_context.cpp:950)
2025-10-20 19:58:34.475 | debug    |           Metal | RISC (x=25,y=24) DM2 fw /home/jameszianxu/.cache/tt-metal-cache/4eff6bc65a/97694384/firmware//trisc2/trisc2.elf binary size: 892 in bytes (metal_context.cpp:950)
2025-10-20 19:58:34.475 | debug    |           Metal | RISC (x=18,y=25) DM0 fw /home/jameszianxu/.cache/tt-metal-cache/4eff6bc65a/97694384/firmware//brisc/brisc.elf binary size: 3848 in bytes (metal_context.cpp:950)
2025-10-20 19:58:34.475 | debug    |           Metal | RISC (x=18,y=25) DM1 fw /home/jameszianxu/.cache/tt-metal-cache/4eff6bc65a/97694384/firmware//ncrisc/ncrisc.elf binary size: 1404 in bytes (metal_context.cpp:950)
2025-10-20 19:58:34.475 | debug    |           Metal | RISC (x=18,y=25) DM0 fw /home/jameszianxu/.cache/tt-metal-cache/4eff6bc65a/97694384/firmware//trisc0/trisc0.elf binary size: 936 in bytes (metal_context.cpp:950)
2025-10-20 19:58:34.475 | debug    |           Metal | RISC (x=18,y=25) DM1 fw /home/jameszianxu/.cache/tt-metal-cache/4eff6bc65a/97694384/firmware//trisc1/trisc1.elf binary size: 524 in bytes (metal_context.cpp:950)
2025-10-20 19:58:34.475 | debug    |           Metal | RISC (x=18,y=25) DM2 fw /home/jameszianxu/.cache/tt-metal-cache/4eff6bc65a/97694384/firmware//trisc2/trisc2.elf binary size: 892 in bytes (metal_context.cpp:950)
2025-10-20 19:58:34.476 | debug    |           Metal | RISC (x=19,y=25) DM0 fw /home/jameszianxu/.cache/tt-metal-cache/4eff6bc65a/97694384/firmware//brisc/brisc.elf binary size: 3848 in bytes (metal_context.cpp:950)
2025-10-20 19:58:34.476 | debug    |           Metal | RISC (x=19,y=25) DM1 fw /home/jameszianxu/.cache/tt-metal-cache/4eff6bc65a/97694384/firmware//ncrisc/ncrisc.elf binary size: 1404 in bytes (metal_context.cpp:950)
2025-10-20 19:58:34.476 | debug    |           Metal | RISC (x=19,y=25) DM0 fw /home/jameszianxu/.cache/tt-metal-cache/4eff6bc65a/97694384/firmware//trisc0/trisc0.elf binary size: 936 in bytes (metal_context.cpp:950)
2025-10-20 19:58:34.476 | debug    |           Metal | RISC (x=19,y=25) DM1 fw /home/jameszianxu/.cache/tt-metal-cache/4eff6bc65a/97694384/firmware//trisc1/trisc1.elf binary size: 524 in bytes (metal_context.cpp:950)
2025-10-20 19:58:34.476 | debug    |           Metal | RISC (x=19,y=25) DM2 fw /home/jameszianxu/.cache/tt-metal-cache/4eff6bc65a/97694384/firmware//trisc2/trisc2.elf binary size: 892 in bytes (metal_context.cpp:950)
2025-10-20 19:58:34.476 | debug    |           Metal | RISC (x=20,y=25) DM0 fw /home/jameszianxu/.cache/tt-metal-cache/4eff6bc65a/97694384/firmware//brisc/brisc.elf binary size: 3848 in bytes (metal_context.cpp:950)
2025-10-20 19:58:34.476 | debug    |           Metal | RISC (x=20,y=25) DM1 fw /home/jameszianxu/.cache/tt-metal-cache/4eff6bc65a/97694384/firmware//ncrisc/ncrisc.elf binary size: 1404 in bytes (metal_context.cpp:950)
2025-10-20 19:58:34.476 | debug    |           Metal | RISC (x=20,y=25) DM0 fw /home/jameszianxu/.cache/tt-metal-cache/4eff6bc65a/97694384/firmware//trisc0/trisc0.elf binary size: 936 in bytes (metal_context.cpp:950)
2025-10-20 19:58:34.476 | debug    |           Metal | RISC (x=20,y=25) DM1 fw /home/jameszianxu/.cache/tt-metal-cache/4eff6bc65a/97694384/firmware//trisc1/trisc1.elf binary size: 524 in bytes (metal_context.cpp:950)
2025-10-20 19:58:34.476 | debug    |           Metal | RISC (x=20,y=25) DM2 fw /home/jameszianxu/.cache/tt-metal-cache/4eff6bc65a/97694384/firmware//trisc2/trisc2.elf binary size: 892 in bytes (metal_context.cpp:950)
2025-10-20 19:58:34.476 | debug    |           Metal | RISC (x=21,y=25) DM0 fw /home/jameszianxu/.cache/tt-metal-cache/4eff6bc65a/97694384/firmware//brisc/brisc.elf binary size: 3848 in bytes (metal_context.cpp:950)
2025-10-20 19:58:34.476 | debug    |           Metal | RISC (x=21,y=25) DM1 fw /home/jameszianxu/.cache/tt-metal-cache/4eff6bc65a/97694384/firmware//ncrisc/ncrisc.elf binary size: 1404 in bytes (metal_context.cpp:950)
2025-10-20 19:58:34.476 | debug    |           Metal | RISC (x=21,y=25) DM0 fw /home/jameszianxu/.cache/tt-metal-cache/4eff6bc65a/97694384/firmware//trisc0/trisc0.elf binary size: 936 in bytes (metal_context.cpp:950)
2025-10-20 19:58:34.476 | debug    |           Metal | RISC (x=21,y=25) DM1 fw /home/jameszianxu/.cache/tt-metal-cache/4eff6bc65a/97694384/firmware//trisc1/trisc1.elf binary size: 524 in bytes (metal_context.cpp:950)
2025-10-20 19:58:34.476 | debug    |           Metal | RISC (x=21,y=25) DM2 fw /home/jameszianxu/.cache/tt-metal-cache/4eff6bc65a/97694384/firmware//trisc2/trisc2.elf binary size: 892 in bytes (metal_context.cpp:950)
2025-10-20 19:58:34.476 | debug    |           Metal | RISC (x=22,y=25) DM0 fw /home/jameszianxu/.cache/tt-metal-cache/4eff6bc65a/97694384/firmware//brisc/brisc.elf binary size: 3848 in bytes (metal_context.cpp:950)
2025-10-20 19:58:34.476 | debug    |           Metal | RISC (x=22,y=25) DM1 fw /home/jameszianxu/.cache/tt-metal-cache/4eff6bc65a/97694384/firmware//ncrisc/ncrisc.elf binary size: 1404 in bytes (metal_context.cpp:950)
2025-10-20 19:58:34.477 | debug    |           Metal | RISC (x=22,y=25) DM0 fw /home/jameszianxu/.cache/tt-metal-cache/4eff6bc65a/97694384/firmware//trisc0/trisc0.elf binary size: 936 in bytes (metal_context.cpp:950)
2025-10-20 19:58:34.477 | debug    |           Metal | RISC (x=22,y=25) DM1 fw /home/jameszianxu/.cache/tt-metal-cache/4eff6bc65a/97694384/firmware//trisc1/trisc1.elf binary size: 524 in bytes (metal_context.cpp:950)
2025-10-20 19:58:34.477 | debug    |           Metal | RISC (x=22,y=25) DM2 fw /home/jameszianxu/.cache/tt-metal-cache/4eff6bc65a/97694384/firmware//trisc2/trisc2.elf binary size: 892 in bytes (metal_context.cpp:950)
2025-10-20 19:58:34.477 | debug    |           Metal | RISC (x=23,y=25) DM0 fw /home/jameszianxu/.cache/tt-metal-cache/4eff6bc65a/97694384/firmware//brisc/brisc.elf binary size: 3848 in bytes (metal_context.cpp:950)
2025-10-20 19:58:34.477 | debug    |           Metal | RISC (x=23,y=25) DM1 fw /home/jameszianxu/.cache/tt-metal-cache/4eff6bc65a/97694384/firmware//ncrisc/ncrisc.elf binary size: 1404 in bytes (metal_context.cpp:950)
2025-10-20 19:58:34.477 | debug    |           Metal | RISC (x=23,y=25) DM0 fw /home/jameszianxu/.cache/tt-metal-cache/4eff6bc65a/97694384/firmware//trisc0/trisc0.elf binary size: 936 in bytes (metal_context.cpp:950)
2025-10-20 19:58:34.477 | debug    |           Metal | RISC (x=23,y=25) DM1 fw /home/jameszianxu/.cache/tt-metal-cache/4eff6bc65a/97694384/firmware//trisc1/trisc1.elf binary size: 524 in bytes (metal_context.cpp:950)
2025-10-20 19:58:34.477 | debug    |           Metal | RISC (x=23,y=25) DM2 fw /home/jameszianxu/.cache/tt-metal-cache/4eff6bc65a/97694384/firmware//trisc2/trisc2.elf binary size: 892 in bytes (metal_context.cpp:950)
2025-10-20 19:58:34.477 | debug    |           Metal | RISC (x=24,y=25) DM0 fw /home/jameszianxu/.cache/tt-metal-cache/4eff6bc65a/97694384/firmware//brisc/brisc.elf binary size: 3848 in bytes (metal_context.cpp:950)
2025-10-20 19:58:34.477 | debug    |           Metal | RISC (x=24,y=25) DM1 fw /home/jameszianxu/.cache/tt-metal-cache/4eff6bc65a/97694384/firmware//ncrisc/ncrisc.elf binary size: 1404 in bytes (metal_context.cpp:950)
2025-10-20 19:58:34.477 | debug    |           Metal | RISC (x=24,y=25) DM0 fw /home/jameszianxu/.cache/tt-metal-cache/4eff6bc65a/97694384/firmware//trisc0/trisc0.elf binary size: 936 in bytes (metal_context.cpp:950)
2025-10-20 19:58:34.477 | debug    |           Metal | RISC (x=24,y=25) DM1 fw /home/jameszianxu/.cache/tt-metal-cache/4eff6bc65a/97694384/firmware//trisc1/trisc1.elf binary size: 524 in bytes (metal_context.cpp:950)
2025-10-20 19:58:34.477 | debug    |           Metal | RISC (x=24,y=25) DM2 fw /home/jameszianxu/.cache/tt-metal-cache/4eff6bc65a/97694384/firmware//trisc2/trisc2.elf binary size: 892 in bytes (metal_context.cpp:950)
2025-10-20 19:58:34.477 | debug    |           Metal | RISC (x=25,y=25) DM0 fw /home/jameszianxu/.cache/tt-metal-cache/4eff6bc65a/97694384/firmware//brisc/brisc.elf binary size: 3848 in bytes (metal_context.cpp:950)
2025-10-20 19:58:34.477 | debug    |           Metal | RISC (x=25,y=25) DM1 fw /home/jameszianxu/.cache/tt-metal-cache/4eff6bc65a/97694384/firmware//ncrisc/ncrisc.elf binary size: 1404 in bytes (metal_context.cpp:950)
2025-10-20 19:58:34.477 | debug    |           Metal | RISC (x=25,y=25) DM0 fw /home/jameszianxu/.cache/tt-metal-cache/4eff6bc65a/97694384/firmware//trisc0/trisc0.elf binary size: 936 in bytes (metal_context.cpp:950)
2025-10-20 19:58:34.477 | debug    |           Metal | RISC (x=25,y=25) DM1 fw /home/jameszianxu/.cache/tt-metal-cache/4eff6bc65a/97694384/firmware//trisc1/trisc1.elf binary size: 524 in bytes (metal_context.cpp:950)
2025-10-20 19:58:34.477 | debug    |           Metal | RISC (x=25,y=25) DM2 fw /home/jameszianxu/.cache/tt-metal-cache/4eff6bc65a/97694384/firmware//trisc2/trisc2.elf binary size: 892 in bytes (metal_context.cpp:950)
2025-10-20 19:58:34.478 | debug    |           Metal | Initializing active ethernet cores (metal_context.cpp:1279)
2025-10-20 19:58:34.478 | debug    |           Metal | Active ERISC (x=21,y=17) DM0 fw /home/jameszianxu/.cache/tt-metal-cache/4eff6bc65a/97694384/firmware//erisc/erisc.elf binary size: 2080 in bytes (metal_context.cpp:1019)
2025-10-20 19:58:34.478 | debug    |           Metal | Active ERISC (x=18,y=17) DM0 fw /home/jameszianxu/.cache/tt-metal-cache/4eff6bc65a/97694384/firmware//erisc/erisc.elf binary size: 2080 in bytes (metal_context.cpp:1019)
2025-10-20 19:58:34.479 | debug    |           Metal | Active ERISC (x=25,y=17) DM0 fw /home/jameszianxu/.cache/tt-metal-cache/4eff6bc65a/97694384/firmware//erisc/erisc.elf binary size: 2080 in bytes (metal_context.cpp:1019)
2025-10-20 19:58:34.479 | debug    |           Metal | Initializing idle ethernet cores (metal_context.cpp:1305)
2025-10-20 19:58:34.479 | debug    |           Metal | Idle ERISC (x=23,y=17) DM0 fw /home/jameszianxu/.cache/tt-metal-cache/4eff6bc65a/97694384/firmware//idle_erisc/idle_erisc.elf binary size: 1760 in bytes (metal_context.cpp:1019)
2025-10-20 19:58:34.479 | debug    |           Metal | Idle ERISC (x=19,y=17) DM0 fw /home/jameszianxu/.cache/tt-metal-cache/4eff6bc65a/97694384/firmware//idle_erisc/idle_erisc.elf binary size: 1760 in bytes (metal_context.cpp:1019)
2025-10-20 19:58:34.480 | debug    |           Metal | Idle ERISC (x=24,y=17) DM0 fw /home/jameszianxu/.cache/tt-metal-cache/4eff6bc65a/97694384/firmware//idle_erisc/idle_erisc.elf binary size: 1760 in bytes (metal_context.cpp:1019)
2025-10-20 19:58:34.480 | debug    |           Metal | Idle ERISC (x=21,y=16) DM0 fw /home/jameszianxu/.cache/tt-metal-cache/4eff6bc65a/97694384/firmware//idle_erisc/idle_erisc.elf binary size: 1760 in bytes (metal_context.cpp:1019)
2025-10-20 19:58:34.480 | debug    |           Metal | Idle ERISC (x=22,y=16) DM0 fw /home/jameszianxu/.cache/tt-metal-cache/4eff6bc65a/97694384/firmware//idle_erisc/idle_erisc.elf binary size: 1760 in bytes (metal_context.cpp:1019)
2025-10-20 19:58:34.480 | debug    |           Metal | Idle ERISC (x=20,y=16) DM0 fw /home/jameszianxu/.cache/tt-metal-cache/4eff6bc65a/97694384/firmware//idle_erisc/idle_erisc.elf binary size: 1760 in bytes (metal_context.cpp:1019)
2025-10-20 19:58:34.481 | debug    |           Metal | Idle ERISC (x=23,y=16) DM0 fw /home/jameszianxu/.cache/tt-metal-cache/4eff6bc65a/97694384/firmware//idle_erisc/idle_erisc.elf binary size: 1760 in bytes (metal_context.cpp:1019)
2025-10-20 19:58:34.481 | debug    |           Metal | Idle ERISC (x=19,y=16) DM0 fw /home/jameszianxu/.cache/tt-metal-cache/4eff6bc65a/97694384/firmware//idle_erisc/idle_erisc.elf binary size: 1760 in bytes (metal_context.cpp:1019)
2025-10-20 19:58:34.481 | debug    |           Metal | Idle ERISC (x=24,y=16) DM0 fw /home/jameszianxu/.cache/tt-metal-cache/4eff6bc65a/97694384/firmware//idle_erisc/idle_erisc.elf binary size: 1760 in bytes (metal_context.cpp:1019)
2025-10-20 19:58:34.482 | debug    |           Metal | Idle ERISC (x=22,y=17) DM0 fw /home/jameszianxu/.cache/tt-metal-cache/4eff6bc65a/97694384/firmware//idle_erisc/idle_erisc.elf binary size: 1760 in bytes (metal_context.cpp:1019)
2025-10-20 19:58:34.482 | debug    |           Metal | Idle ERISC (x=18,y=16) DM0 fw /home/jameszianxu/.cache/tt-metal-cache/4eff6bc65a/97694384/firmware//idle_erisc/idle_erisc.elf binary size: 1760 in bytes (metal_context.cpp:1019)
2025-10-20 19:58:34.482 | debug    |           Metal | Idle ERISC (x=20,y=17) DM0 fw /home/jameszianxu/.cache/tt-metal-cache/4eff6bc65a/97694384/firmware//idle_erisc/idle_erisc.elf binary size: 1760 in bytes (metal_context.cpp:1019)
2025-10-20 19:58:34.482 | debug    |           Metal | Idle ERISC (x=25,y=16) DM0 fw /home/jameszianxu/.cache/tt-metal-cache/4eff6bc65a/97694384/firmware//idle_erisc/idle_erisc.elf binary size: 1760 in bytes (metal_context.cpp:1019)
2025-10-20 19:58:34.485 | debug    |          Device | Waiting for firmware init complete (metal_context.cpp:1350)
2025-10-20 19:58:34.485 | debug    |           Metal | Device 0: Phys cores just done: (x=25,y=25) (llrt.cpp:319)
2025-10-20 19:58:34.485 | debug    |           Metal | Device 0: Phys cores just done: (x=24,y=25) (llrt.cpp:319)
2025-10-20 19:58:34.485 | debug    |           Metal | Device 0: Phys cores just done: (x=25,y=16) (llrt.cpp:319)
2025-10-20 19:58:34.485 | debug    |           Metal | Device 0: Phys cores just done: (x=19,y=21) (llrt.cpp:319)
2025-10-20 19:58:34.485 | debug    |           Metal | Device 0: Phys cores just done: (x=21,y=22) (llrt.cpp:319)
2025-10-20 19:58:34.485 | debug    |           Metal | Device 0: Phys cores just done: (x=23,y=23) (llrt.cpp:319)
2025-10-20 19:58:34.485 | debug    |           Metal | Device 0: Phys cores just done: (x=24,y=16) (llrt.cpp:319)
2025-10-20 19:58:34.485 | debug    |           Metal | Device 0: Phys cores just done: (x=18,y=21) (llrt.cpp:319)
2025-10-20 19:58:34.485 | debug    |           Metal | Device 0: Phys cores just done: (x=20,y=22) (llrt.cpp:319)
2025-10-20 19:58:34.485 | debug    |           Metal | Device 0: Phys cores just done: (x=22,y=23) (llrt.cpp:319)
2025-10-20 19:58:34.485 | debug    |           Metal | Device 0: Phys cores just done: (x=19,y=20) (llrt.cpp:319)
2025-10-20 19:58:34.485 | debug    |           Metal | Device 0: Phys cores just done: (x=23,y=22) (llrt.cpp:319)
2025-10-20 19:58:34.485 | debug    |           Metal | Device 0: Phys cores just done: (x=21,y=23) (llrt.cpp:319)
2025-10-20 19:58:34.485 | debug    |           Metal | Device 0: Phys cores just done: (x=24,y=17) (llrt.cpp:319)
2025-10-20 19:58:34.485 | debug    |           Metal | Device 0: Phys cores just done: (x=18,y=20) (llrt.cpp:319)
2025-10-20 19:58:34.485 | debug    |           Metal | Device 0: Phys cores just done: (x=22,y=22) (llrt.cpp:319)
2025-10-20 19:58:34.485 | debug    |           Metal | Device 0: Phys cores just done: (x=20,y=23) (llrt.cpp:319)
2025-10-20 19:58:34.485 | debug    |           Metal | Device 0: Phys cores just done: (x=21,y=21) (llrt.cpp:319)
2025-10-20 19:58:34.485 | debug    |           Metal | Device 0: Phys cores just done: (x=23,y=20) (llrt.cpp:319)
2025-10-20 19:58:34.485 | debug    |           Metal | Device 0: Phys cores just done: (x=25,y=19) (llrt.cpp:319)
2025-10-20 19:58:34.485 | debug    |           Metal | Device 0: Phys cores just done: (x=19,y=22) (llrt.cpp:319)
2025-10-20 19:58:34.485 | debug    |           Metal | Device 0: Phys cores just done: (x=20,y=21) (llrt.cpp:319)
2025-10-20 19:58:34.485 | debug    |           Metal | Device 0: Phys cores just done: (x=22,y=20) (llrt.cpp:319)
2025-10-20 19:58:34.485 | debug    |           Metal | Device 0: Phys cores just done: (x=24,y=19) (llrt.cpp:319)
2025-10-20 19:58:34.485 | debug    |           Metal | Device 0: Phys cores just done: (x=18,y=22) (llrt.cpp:319)
2025-10-20 19:58:34.485 | debug    |           Metal | Device 0: Phys cores just done: (x=20,y=17) (llrt.cpp:319)
2025-10-20 19:58:34.485 | debug    |           Metal | Device 0: Phys cores just done: (x=22,y=16) (llrt.cpp:319)
2025-10-20 19:58:34.486 | debug    |           Metal | Device 0: Phys cores just done: (x=18,y=18) (llrt.cpp:319)
2025-10-20 19:58:34.486 | debug    |           Metal | Device 0: Phys cores just done: (x=24,y=23) (llrt.cpp:319)
2025-10-20 19:58:34.486 | debug    |           Metal | Device 0: Phys cores just done: (x=23,y=16) (llrt.cpp:319)
2025-10-20 19:58:34.486 | debug    |           Metal | Device 0: Phys cores just done: (x=19,y=18) (llrt.cpp:319)
2025-10-20 19:58:34.486 | debug    |           Metal | Device 0: Phys cores just done: (x=25,y=23) (llrt.cpp:319)
2025-10-20 19:58:34.486 | debug    |           Metal | Device 0: Phys cores just done: (x=21,y=20) (llrt.cpp:319)
2025-10-20 19:58:34.486 | debug    |           Metal | Device 0: Phys cores just done: (x=25,y=18) (llrt.cpp:319)
2025-10-20 19:58:34.486 | debug    |           Metal | Device 0: Phys cores just done: (x=23,y=21) (llrt.cpp:319)
2025-10-20 19:58:34.486 | debug    |           Metal | Device 0: Phys cores just done: (x=19,y=23) (llrt.cpp:319)
2025-10-20 19:58:34.486 | debug    |           Metal | Device 0: Phys cores just done: (x=24,y=20) (llrt.cpp:319)
2025-10-20 19:58:34.486 | debug    |           Metal | Device 0: Phys cores just done: (x=20,y=18) (llrt.cpp:319)
2025-10-20 19:58:34.486 | debug    |           Metal | Device 0: Phys cores just done: (x=22,y=19) (llrt.cpp:319)
2025-10-20 19:58:34.486 | debug    |           Metal | Device 0: Phys cores just done: (x=19,y=17) (llrt.cpp:319)
2025-10-20 19:58:34.486 | debug    |           Metal | Device 0: Phys cores just done: (x=25,y=20) (llrt.cpp:319)
2025-10-20 19:58:34.486 | debug    |           Metal | Device 0: Phys cores just done: (x=23,y=19) (llrt.cpp:319)
2025-10-20 19:58:34.486 | debug    |           Metal | Device 0: Phys cores just done: (x=21,y=18) (llrt.cpp:319)
2025-10-20 19:58:34.486 | debug    |           Metal | Device 0: Phys cores just done: (x=18,y=16) (llrt.cpp:319)
2025-10-20 19:58:34.486 | debug    |           Metal | Device 0: Phys cores just done: (x=22,y=18) (llrt.cpp:319)
2025-10-20 19:58:34.486 | debug    |           Metal | Device 0: Phys cores just done: (x=20,y=19) (llrt.cpp:319)
2025-10-20 19:58:34.486 | debug    |           Metal | Device 0: Phys cores just done: (x=24,y=21) (llrt.cpp:319)
2025-10-20 19:58:34.486 | debug    |           Metal | Device 0: Phys cores just done: (x=19,y=16) (llrt.cpp:319)
2025-10-20 19:58:34.486 | debug    |           Metal | Device 0: Phys cores just done: (x=23,y=18) (llrt.cpp:319)
2025-10-20 19:58:34.486 | debug    |           Metal | Device 0: Phys cores just done: (x=21,y=19) (llrt.cpp:319)
2025-10-20 19:58:34.486 | debug    |           Metal | Device 0: Phys cores just done: (x=25,y=21) (llrt.cpp:319)
2025-10-20 19:58:34.486 | debug    |           Metal | Device 0: Phys cores just done: (x=22,y=21) (llrt.cpp:319)
2025-10-20 19:58:34.486 | debug    |           Metal | Device 0: Phys cores just done: (x=20,y=20) (llrt.cpp:319)
2025-10-20 19:58:34.486 | debug    |           Metal | Device 0: Phys cores just done: (x=24,y=18) (llrt.cpp:319)
2025-10-20 19:58:34.486 | debug    |           Metal | Device 0: Phys cores just done: (x=18,y=23) (llrt.cpp:319)
2025-10-20 19:58:34.486 | debug    |           Metal | Device 0: Phys cores just done: (x=22,y=17) (llrt.cpp:319)
2025-10-20 19:58:34.486 | debug    |           Metal | Device 0: Phys cores just done: (x=20,y=16) (llrt.cpp:319)
2025-10-20 19:58:34.486 | debug    |           Metal | Device 0: Phys cores just done: (x=18,y=19) (llrt.cpp:319)
2025-10-20 19:58:34.486 | debug    |           Metal | Device 0: Phys cores just done: (x=24,y=22) (llrt.cpp:319)
2025-10-20 19:58:34.486 | debug    |           Metal | Device 0: Phys cores just done: (x=21,y=16) (llrt.cpp:319)
2025-10-20 19:58:34.486 | debug    |           Metal | Device 0: Phys cores just done: (x=23,y=17) (llrt.cpp:319)
2025-10-20 19:58:34.486 | debug    |           Metal | Device 0: Phys cores just done: (x=19,y=19) (llrt.cpp:319)
2025-10-20 19:58:34.486 | debug    |           Metal | Device 0: Phys cores just done: (x=25,y=22) (llrt.cpp:319)
2025-10-20 19:58:34.486 | debug    |           Metal | Device 0: Phys cores just done: (x=18,y=24) (llrt.cpp:319)
2025-10-20 19:58:34.486 | debug    |           Metal | Device 0: Phys cores just done: (x=19,y=24) (llrt.cpp:319)
2025-10-20 19:58:34.486 | debug    |           Metal | Device 0: Phys cores just done: (x=22,y=25) (llrt.cpp:319)
2025-10-20 19:58:34.486 | debug    |           Metal | Device 0: Phys cores just done: (x=20,y=24) (llrt.cpp:319)
2025-10-20 19:58:34.486 | debug    |           Metal | Device 0: Phys cores just done: (x=23,y=25) (llrt.cpp:319)
2025-10-20 19:58:34.486 | debug    |           Metal | Device 0: Phys cores just done: (x=21,y=24) (llrt.cpp:319)
2025-10-20 19:58:34.486 | debug    |           Metal | Device 0: Phys cores just done: (x=22,y=24) (llrt.cpp:319)
2025-10-20 19:58:34.486 | debug    |           Metal | Device 0: Phys cores just done: (x=20,y=25) (ll