WARNING:root:Defaulting to PJRT_DEVICE=CPU
WARNING:2025-11-21 18:27:18,706:jax._src.xla_bridge:893: Platform 'tt' is experimental and not all JAX functionality may be correctly supported!
WARNING:jax._src.xla_bridge:Platform 'tt' is experimental and not all JAX functionality may be correctly supported!
2025-11-21 18:27:18.706 (   0.023s) [        54504000]   plugin_attributes.cc:58       1| PluginAttributes::PJRT_Plugin_Initialize
2025-11-21 18:27:18.706 (   0.024s) [        54504000]     client_instance.cc:609      1| ClientInstance::PJRT_Client_Create
2025-11-21 18:27:18.715 (   0.032s) [        54504000]     client_instance.cc:152      1| ClientInstance::ClientInstance
2025-11-21 18:27:18.715 (   0.033s) [        54504000]     client_instance.cc:179      1| ClientInstance::Initialize
2025-11-21 18:27:19.348 (   0.665s) [        54504000]              stubs.inc:103   WARN| STUB: PJRT_Client_TopologyDescription
2025-11-21 18:27:19.348 (   0.665s) [        54504000]      error_instance.cc:61       1| ErrorInstance::PJRT_Error_GetCode
2025-11-21 18:27:19.348 (   0.665s) [        54504000]      error_instance.cc:52       1| ErrorInstance::PJRT_Error_Message
2025-11-21 18:27:19.348 (   0.665s) [        54504000]      error_instance.cc:46       1| ErrorInstance::PJRT_Error_Destroy
2025-11-21 18:27:19.348 (   0.665s) [        54504000]     client_instance.cc:663      1| ClientInstance::PJRT_Client_PlatformVersion
2025-11-21 18:27:19.348 (   0.665s) [        54504000]     client_instance.cc:644      1| ClientInstance::PJRT_Client_PlatformName
2025-11-21 18:27:19.348 (   0.665s) [        54504000]     client_instance.cc:674      1| ClientInstance::PJRT_Client_Devices
2025-11-21 18:27:19.348 (   0.665s) [        54504000]     device_instance.cc:44       1| DeviceInstance::PJRT_Device_GetDescription
2025-11-21 18:27:19.348 (   0.665s) [        54504000]  device_description.cc:63       1| DeviceDescription::PJRT_DeviceDescription_Attributes
2025-11-21 18:27:19.348 (   0.665s) [        54504000]     device_instance.cc:44       1| DeviceInstance::PJRT_Device_GetDescription
2025-11-21 18:27:19.348 (   0.665s) [        54504000]  device_description.cc:63       1| DeviceDescription::PJRT_DeviceDescription_Attributes
2025-11-21 18:27:19.348 (   0.665s) [        54504000]     client_instance.cc:687      1| ClientInstance::PJRT_Client_AddressableDevices
2025-11-21 18:27:19.348 (   0.665s) [        54504000]     client_instance.cc:737      1| ClientInstance::PJRT_Client_AddressableMemories
2025-11-21 18:27:19.348 (   0.665s) [        54504000]     device_instance.cc:71       1| DeviceInstance::PJRT_Device_AddressableMemories
2025-11-21 18:27:19.348 (   0.665s) [        54504000]     device_instance.cc:71       1| DeviceInstance::PJRT_Device_AddressableMemories
2025-11-21 18:27:19.348 (   0.665s) [        54504000]     memory_instance.cc:124      1| MemoryInstance::PJRT_Memory_AddressableByDevices
2025-11-21 18:27:19.348 (   0.665s) [        54504000]     memory_instance.cc:124      1| MemoryInstance::PJRT_Memory_AddressableByDevices
2025-11-21 18:27:19.348 (   0.665s) [        54504000]     memory_instance.cc:124      1| MemoryInstance::PJRT_Memory_AddressableByDevices
2025-11-21 18:27:19.348 (   0.665s) [        54504000]   plugin_attributes.cc:64       1| PluginAttributes::PJRT_Plugin_Attributes
2025-11-21 18:27:19.348 (   0.665s) [        54504000]     device_instance.cc:53       1| DeviceInstance::PJRT_Device_IsAddressable
2025-11-21 18:27:19.348 (   0.665s) [        54504000]  device_description.cc:53       1| DeviceDescription::PJRT_DeviceDescription_ProcessIndex
2025-11-21 18:27:19.348 (   0.665s) [        54504000]  device_description.cc:53       1| DeviceDescription::PJRT_DeviceDescription_ProcessIndex
2025-11-21 18:27:19.348 (   0.665s) [        54504000]     device_instance.cc:53       1| DeviceInstance::PJRT_Device_IsAddressable
2025-11-21 18:27:19.348 (   0.665s) [        54504000]  device_description.cc:53       1| DeviceDescription::PJRT_DeviceDescription_ProcessIndex
2025-11-21 18:27:19.348 (   0.665s) [        54504000]  device_description.cc:53       1| DeviceDescription::PJRT_DeviceDescription_ProcessIndex
2025-11-21 18:27:19.348 (   0.665s) [        54504000]  device_description.cc:44       1| DeviceDescription::PJRT_DeviceDescription_Id
2025-11-21 18:27:19.348 (   0.665s) [        54504000]  device_description.cc:53       1| DeviceDescription::PJRT_DeviceDescription_ProcessIndex
2025-11-21 18:27:19.348 (   0.665s) [        54504000]  device_description.cc:44       1| DeviceDescription::PJRT_DeviceDescription_Id
2025-11-21 18:27:19.348 (   0.665s) [        54504000]  device_description.cc:53       1| DeviceDescription::PJRT_DeviceDescription_ProcessIndex
2025-11-21 18:27:19.348 (   0.665s) [        54504000]     client_instance.cc:700      1| ClientInstance::PJRT_Client_LookupDevice
2025-11-21 18:27:19.348 (   0.665s) [        54504000]     device_instance.cc:61       1| DeviceInstance::PJRT_Device_LocalHardwareId
2025-11-21 18:27:19.348 (   0.665s) [        54504000]  device_description.cc:73       1| DeviceDescription::PJRT_DeviceDescription_Kind
2025-11-21 18:27:19.348 (   0.665s) [        54504000]  device_description.cc:99       1| DeviceDescription::PJRT_DeviceDescription_ToString
2025-11-21 18:27:19.348 (   0.665s) [        54504000]  device_description.cc:86       1| DeviceDescription::PJRT_DeviceDescription_DebugString
2025-11-21 18:27:19.348 (   0.665s) [        54504000]     client_instance.cc:700      1| ClientInstance::PJRT_Client_LookupDevice
2025-11-21 18:27:19.348 (   0.665s) [        54504000]     device_instance.cc:61       1| DeviceInstance::PJRT_Device_LocalHardwareId
2025-11-21 18:27:19.348 (   0.665s) [        54504000]  device_description.cc:73       1| DeviceDescription::PJRT_DeviceDescription_Kind
2025-11-21 18:27:19.348 (   0.665s) [        54504000]  device_description.cc:99       1| DeviceDescription::PJRT_DeviceDescription_ToString
2025-11-21 18:27:19.348 (   0.665s) [        54504000]  device_description.cc:86       1| DeviceDescription::PJRT_DeviceDescription_DebugString
2025-11-21 18:27:19.348 (   0.665s) [        54504000]     client_instance.cc:700      1| ClientInstance::PJRT_Client_LookupDevice
2025-11-21 18:27:19.348 (   0.665s) [        54504000]     client_instance.cc:700      1| ClientInstance::PJRT_Client_LookupDevice
2025-11-21 18:27:19.348 (   0.665s) [        54504000]     memory_instance.cc:84       1| MemoryInstance::PJRT_Memory_Kind
2025-11-21 18:27:19.348 (   0.665s) [        54504000]     memory_instance.cc:84       1| MemoryInstance::PJRT_Memory_Kind
2025-11-21 18:27:19.348 (   0.665s) [        54504000]     memory_instance.cc:84       1| MemoryInstance::PJRT_Memory_Kind
2025-11-21 18:27:19.348 (   0.665s) [        54504000]     device_instance.cc:82       1| DeviceInstance::PJRT_Device_DefaultMemory
2025-11-21 18:27:19.348 (   0.665s) [        54504000]     device_instance.cc:82       1| DeviceInstance::PJRT_Device_DefaultMemory
2025-11-21 18:27:19.577 (   0.894s) [        54504000]              stubs.inc:22    WARN| STUB: PJRT_Device_MemoryStats
2025-11-21 18:27:19.577 (   0.894s) [        54504000]      error_instance.cc:61       1| ErrorInstance::PJRT_Error_GetCode
2025-11-21 18:27:19.577 (   0.894s) [        54504000]      error_instance.cc:52       1| ErrorInstance::PJRT_Error_Message
2025-11-21 18:27:19.577 (   0.894s) [        54504000]      error_instance.cc:46       1| ErrorInstance::PJRT_Error_Destroy
2025-11-21 18:27:19.578 (   0.895s) [        54504000]     client_instance.cc:750      1| ClientInstance::PJRT_Client_Compile
2025-11-21 18:27:19.579 (   0.896s) [        54504000]      module_builder.cc:229      1| ModuleBuilder::buildModule
2025-11-21 18:27:19.580 (   0.897s) [        54504000]      module_builder.cc:988      1| MLIR Module vhlo:
#loc1 = loc("self")
module @jit__multi_slice attributes {mhlo.num_partitions = 1 : i32, mhlo.num_replicas = 1 : i32} {
  vhlo.func_v1 @main(%arg0: !vhlo.tensor_v1<4x4x!vhlo.f32_v1> loc("self")) -> (!vhlo.tensor_v1<2x4x!vhlo.f32_v1>, !vhlo.tensor_v1<2x4x!vhlo.f32_v1>) {
    %0 = "vhlo.slice_v1"(%arg0) <{limit_indices = #vhlo.tensor_v1<dense<[2, 4]> : tensor<2xi64>>, start_indices = #vhlo.tensor_v1<dense<0> : tensor<2xi64>>, strides = #vhlo.tensor_v1<dense<1> : tensor<2xi64>>}> : (!vhlo.tensor_v1<4x4x!vhlo.f32_v1>) -> !vhlo.tensor_v1<2x4x!vhlo.f32_v1> loc(#loc4)
    %1 = "vhlo.slice_v1"(%arg0) <{limit_indices = #vhlo.tensor_v1<dense<4> : tensor<2xi64>>, start_indices = #vhlo.tensor_v1<dense<[2, 0]> : tensor<2xi64>>, strides = #vhlo.tensor_v1<dense<1> : tensor<2xi64>>}> : (!vhlo.tensor_v1<4x4x!vhlo.f32_v1>) -> !vhlo.tensor_v1<2x4x!vhlo.f32_v1> loc(#loc4)
    "vhlo.return_v1"(%0, %1) : (!vhlo.tensor_v1<2x4x!vhlo.f32_v1>, !vhlo.tensor_v1<2x4x!vhlo.f32_v1>) -> () loc(#loc)
  } {arg_attrs = #vhlo.array_v1<[#vhlo.dict_v1<{}>]>, res_attrs = #vhlo.array_v1<[#vhlo.dict_v1<{#vhlo.string_v1<"jax.result_info"> = #vhlo.string_v1<"result[0]">}>, #vhlo.dict_v1<{#vhlo.string_v1<"jax.result_info"> = #vhlo.string_v1<"result[1]">}>]>, sym_visibility = #vhlo.string_v1<"public">} loc(#loc)
} loc(#loc)
#loc = loc(unknown)
#loc2 = loc("/localdev/jameszianxu/tt-xla/jax_repro.py":29:7 to :68)
#loc3 = loc("<module>"(#loc2))
#loc4 = loc("jit(_multi_slice)/slice"(#loc3))
------------------ END OF MLIR MODULE ------------------
2025-11-21 18:27:19.583 (   0.900s) [        54504000]      module_builder.cc:988      1| MLIR Module shlo:
#loc1 = loc("self")
module @jit__multi_slice attributes {mhlo.num_partitions = 1 : i32, mhlo.num_replicas = 1 : i32} {
  func.func public @main(%arg0: tensor<4x4xf32> loc("self")) -> (tensor<2x4xf32> {jax.result_info = "result[0]"}, tensor<2x4xf32> {jax.result_info = "result[1]"}) {
    %0 = stablehlo.slice %arg0 [0:2, 0:4] : (tensor<4x4xf32>) -> tensor<2x4xf32> loc(#loc4)
    %1 = stablehlo.slice %arg0 [2:4, 0:4] : (tensor<4x4xf32>) -> tensor<2x4xf32> loc(#loc4)
    return %0, %1 : tensor<2x4xf32>, tensor<2x4xf32> loc(#loc)
  } loc(#loc)
} loc(#loc)
#loc = loc(unknown)
#loc2 = loc("/localdev/jameszianxu/tt-xla/jax_repro.py":29:7 to :68)
#loc3 = loc("<module>"(#loc2))
#loc4 = loc("jit(_multi_slice)/slice"(#loc3))
------------------ END OF MLIR MODULE ------------------
2025-11-21 18:27:19.584 (   0.901s) [        54504000]      module_builder.cc:988      1| MLIR Module shlo_frontend:
#loc1 = loc("self")
module @jit__multi_slice attributes {mhlo.num_partitions = 1 : i32, mhlo.num_replicas = 1 : i32} {
  func.func public @main(%arg0: tensor<4x4xf32> {ttcore.argument_type = #ttcore.argument_type<input>} loc("self")) -> (tensor<2x4xf32> {jax.result_info = "result[0]"}, tensor<2x4xf32> {jax.result_info = "result[1]"}) {
    %0 = stablehlo.slice %arg0 [0:2, 0:4] : (tensor<4x4xf32>) -> tensor<2x4xf32> loc(#loc4)
    %1 = stablehlo.slice %arg0 [2:4, 0:4] : (tensor<4x4xf32>) -> tensor<2x4xf32> loc(#loc4)
    return %0, %1 : tensor<2x4xf32>, tensor<2x4xf32> loc(#loc)
  } loc(#loc)
} loc(#loc)
#loc = loc(unknown)
#loc2 = loc("/localdev/jameszianxu/tt-xla/jax_repro.py":29:7 to :68)
#loc3 = loc("<module>"(#loc2))
#loc4 = loc("jit(_multi_slice)/slice"(#loc3))
------------------ END OF MLIR MODULE ------------------
2025-11-21 18:27:19.588 (   0.905s) [        54504000]      module_builder.cc:988      1| MLIR Module shlo_compiler:
#loc1 = loc("self")
module @jit__multi_slice attributes {mhlo.num_partitions = 1 : i32, mhlo.num_replicas = 1 : i32} {
  sdy.mesh @mesh = <["x"=1, "y"=1]> loc(#loc)
  func.func public @main(%arg0: tensor<4x4xf32> {ttcore.argument_type = #ttcore.argument_type<input>, ttcore.shard_status = #ttcore.shard_status<unsharded>} loc("self")) -> (tensor<2x4xf32> {jax.result_info = "result[0]", ttcore.shard_status = #ttcore.shard_status<unsharded>}, tensor<2x4xf32> {jax.result_info = "result[1]", ttcore.shard_status = #ttcore.shard_status<unsharded>}) {
    %0 = stablehlo.slice %arg0 [0:2, 0:4] : (tensor<4x4xf32>) -> tensor<2x4xf32> loc(#loc4)
    %1 = stablehlo.slice %arg0 [2:4, 0:4] : (tensor<4x4xf32>) -> tensor<2x4xf32> loc(#loc4)
    return %0, %1 : tensor<2x4xf32>, tensor<2x4xf32> loc(#loc)
  } loc(#loc)
} loc(#loc)
#loc = loc(unknown)
#loc2 = loc("/localdev/jameszianxu/tt-xla/jax_repro.py":29:7 to :68)
#loc3 = loc("<module>"(#loc2))
#loc4 = loc("jit(_multi_slice)/slice"(#loc3))
------------------ END OF MLIR MODULE ------------------
2025-11-21 18:27:19.590 (   0.907s) [        54504000]      module_builder.cc:988      1| MLIR Module ttir:
#loc1 = loc("self")
module @jit__multi_slice attributes {mhlo.num_partitions = 1 : i32, mhlo.num_replicas = 1 : i32, ttcore.meshes = #ttcore.meshes<[<"mesh" = 1x1>]>} {
  ttcore.device_module {
    builtin.module @jit__multi_slice attributes {mhlo.num_partitions = 1 : i32, mhlo.num_replicas = 1 : i32, ttcore.meshes = #ttcore.meshes<[<"mesh" = 1x1>]>} {
      func.func public @main(%arg0: tensor<4x4xf32> {ttcore.argument_type = #ttcore.argument_type<input>, ttcore.shard_status = #ttcore.shard_status<unsharded>} loc("self")) -> (tensor<2x4xf32> {jax.result_info = "result[0]", ttcore.shard_status = #ttcore.shard_status<unsharded>}, tensor<2x4xf32> {jax.result_info = "result[1]", ttcore.shard_status = #ttcore.shard_status<unsharded>}) {
        %0 = ttir.empty() : tensor<2x4xf32> loc(#loc4)
        %1 = "ttir.slice_static"(%arg0, %0) <{begins = [0 : i32, 0 : i32], ends = [2 : i32, 4 : i32], step = [1 : i32, 1 : i32]}> : (tensor<4x4xf32>, tensor<2x4xf32>) -> tensor<2x4xf32> loc(#loc4)
        %2 = ttir.empty() : tensor<2x4xf32> loc(#loc4)
        %3 = "ttir.slice_static"(%arg0, %2) <{begins = [2 : i32, 0 : i32], ends = [4 : i32, 4 : i32], step = [1 : i32, 1 : i32]}> : (tensor<4x4xf32>, tensor<2x4xf32>) -> tensor<2x4xf32> loc(#loc4)
        return %1, %3 : tensor<2x4xf32>, tensor<2x4xf32> loc(#loc)
      } loc(#loc)
    } loc(#loc)
  } loc(#loc)
} loc(#loc)
#loc = loc(unknown)
#loc2 = loc("/localdev/jameszianxu/tt-xla/jax_repro.py":29:7 to :68)
#loc3 = loc("<module>"(#loc2))
#loc4 = loc("jit(_multi_slice)/slice"(#loc3))
------------------ END OF MLIR MODULE ------------------
2025-11-21 18:27:19.617 (   0.934s) [        54504000]      module_builder.cc:988      1| MLIR Module ttnn:
#dram = #ttnn.buffer_type<dram>
#loc1 = loc("self")
#system_desc = #ttcore.system_desc<[{role = host, target_triple = "x86_64-pc-linux"}], [{arch = <wormhole_b0>, grid = 8x8, coord_translation_offsets = 18x18, l1_size = 1499136, num_dram_channels = 12, dram_channel_size = 1073741824, noc_l1_address_align_bytes = 16, pcie_address_align_bytes = 32, noc_dram_address_align_bytes = 32, l1_unreserved_base = 101952, erisc_l1_unreserved_base = 98304, dram_unreserved_base = 32, dram_unreserved_end = 1073172576, supported_data_types = [<f32>, <f16>, <bf16>, <bfp_f8>, <bfp_bf8>, <bfp_f4>, <bfp_bf4>, <bfp_f2>, <bfp_bf2>, <u32>, <u16>, <u8>, <si32>], supported_tile_sizes = [ 4x16,  16x16,  32x16,  4x32,  16x32,  32x32], dst_physical_size_tiles = 16, num_cbs = 32, num_compute_threads = 1, num_datamovement_threads = 2}, {arch = <wormhole_b0>, grid = 8x8, coord_translation_offsets = 18x18, l1_size = 1499136, num_dram_channels = 12, dram_channel_size = 1073741824, noc_l1_address_align_bytes = 16, pcie_address_align_bytes = 32, noc_dram_address_align_bytes = 32, l1_unreserved_base = 101952, erisc_l1_unreserved_base = 98304, dram_unreserved_base = 32, dram_unreserved_end = 1073181088, supported_data_types = [<f32>, <f16>, <bf16>, <bfp_f8>, <bfp_bf8>, <bfp_f4>, <bfp_bf4>, <bfp_f2>, <bfp_bf2>, <u32>, <u16>, <u8>, <si32>], supported_tile_sizes = [ 4x16,  16x16,  32x16,  4x32,  16x32,  32x32], dst_physical_size_tiles = 16, num_cbs = 32, num_compute_threads = 1, num_datamovement_threads = 2}], [0, 1], [1 : i32, 0 : i32], [ 0x0x0x0]>
#ttnn_layout = #ttnn.ttnn_layout<(d0, d1) -> (d0, d1), <1x1>, memref<1x1x!ttcore.tile<32x32, f32>, #dram>, <interleaved>>
module @jit__multi_slice attributes {mhlo.num_partitions = 1 : i32, mhlo.num_replicas = 1 : i32, ttcore.meshes = #ttcore.meshes<[<"mesh" = 1x1>]>} {
  ttcore.device_module {
    builtin.module @jit__multi_slice attributes {mhlo.num_partitions = 1 : i32, mhlo.num_replicas = 1 : i32, ttcore.meshes = #ttcore.meshes<[<"mesh" = 1x1>]>, ttcore.system_desc = #system_desc} {
      ttcore.device @default_device = <workerGrid = #ttcore.grid<8x8, (d0, d1) -> (0, d0, d1)>, l1Map = (d0, d1, d2)[s0] -> (0, d0, d1, d2 + s0), dramMap = (d0, d1, d2)[s0, s1, s2, s3, s4, s5, s6] -> (0, 0, (((d0 * s1) * (s2 * (s3 * s6)) + d1 * (s2 * (s3 * s6)) + d2) floordiv s4) mod 12, ((((d0 * s1) * (s2 * (s3 * s6)) + d1 * (s2 * (s3 * s6)) + d2) floordiv s4) floordiv 12) * s4 + ((d0 * s1) * (s2 * (s3 * s6)) + d1 * (s2 * (s3 * s6)) + d2) mod s4 + s5), meshShape = 1x1, chipIds = [0]> loc(#loc)
      func.func public @main(%arg0: tensor<4x4xf32, #ttnn_layout> {ttcore.argument_type = #ttcore.argument_type<input>, ttcore.shard_status = #ttcore.shard_status<unsharded>} loc("self")) -> (tensor<2x4xf32, #ttnn_layout> {jax.result_info = "result[0]", ttcore.shard_status = #ttcore.shard_status<unsharded>}, tensor<2x4xf32, #ttnn_layout> {jax.result_info = "result[1]", ttcore.shard_status = #ttcore.shard_status<unsharded>}) {
        %0 = "ttnn.slice_static"(%arg0) <{begins = [0 : i32, 0 : i32], ends = [2 : i32, 4 : i32], step = [1 : i32, 1 : i32]}> : (tensor<4x4xf32, #ttnn_layout>) -> tensor<2x4xf32, #ttnn_layout> loc(#loc4)
        %1 = "ttnn.slice_static"(%arg0) <{begins = [2 : i32, 0 : i32], ends = [4 : i32, 4 : i32], step = [1 : i32, 1 : i32]}> : (tensor<4x4xf32, #ttnn_layout>) -> tensor<2x4xf32, #ttnn_layout> loc(#loc4)
        "ttnn.deallocate"(%arg0) <{force = false}> : (tensor<4x4xf32, #ttnn_layout>) -> () loc(#loc4)
        return %0, %1 : tensor<2x4xf32, #ttnn_layout>, tensor<2x4xf32, #ttnn_layout> loc(#loc)
      } loc(#loc)
    } loc(#loc)
  } loc(#loc)
} loc(#loc)
#loc = loc(unknown)
#loc2 = loc("/localdev/jameszianxu/tt-xla/jax_repro.py":29:7 to :68)
#loc3 = loc("<module>"(#loc2))
#loc4 = loc("jit(_multi_slice)/slice"(#loc3))
------------------ END OF MLIR MODULE ------------------
2025-11-21 18:27:19.625 (   0.942s) [        54504000]loaded_executable_insta:276      1| LoadedExecutableInstance::PJRT_LoadedExecutable_GetExecutable
2025-11-21 18:27:19.625 (   0.942s) [        54504000]loaded_executable_insta:295      1| LoadedExecutableInstance::PJRT_LoadedExecutable_AddressableDevices
2025-11-21 18:27:19.625 (   0.942s) [        54504000] executable_instance.cc:108      1| ExecutableInstance::PJRT_Executable_OptimizedProgram
2025-11-21 18:27:19.625 (   0.942s) [        54504000] executable_instance.cc:108      1| ExecutableInstance::PJRT_Executable_OptimizedProgram
2025-11-21 18:27:19.627 (   0.944s) [        54504000] executable_instance.cc:218      1| ExecutableImage::PJRT_Executable_OutputMemoryKinds
2025-11-21 18:27:19.627 (   0.944s) [        54504000] executable_instance.cc:82       1| ExecutableInstance::PJRT_Executable_NumReplicas
2025-11-21 18:27:19.627 (   0.944s) [        54504000] executable_instance.cc:166      1| ExecutableInstance::PJRT_Executable_Fingerprint
2025-11-21 18:27:19.628 (   0.945s) [        54504000] executable_instance.cc:218      1| ExecutableImage::PJRT_Executable_OutputMemoryKinds
2025-11-21 18:27:19.628 (   0.945s) [        54504000] executable_instance.cc:108      1| ExecutableInstance::PJRT_Executable_OptimizedProgram
2025-11-21 18:27:19.628 (   0.945s) [        54504000] executable_instance.cc:108      1| ExecutableInstance::PJRT_Executable_OptimizedProgram
2025-11-21 18:27:19.629 (   0.947s) [        54504000] executable_instance.cc:108      1| ExecutableInstance::PJRT_Executable_OptimizedProgram
2025-11-21 18:27:19.630 (   0.947s) [        54504000] executable_instance.cc:108      1| ExecutableInstance::PJRT_Executable_OptimizedProgram
2025-11-21 18:27:19.632 (   0.949s) [        54504000]     client_instance.cc:793      1| ClientInstance::PJRT_Client_BufferFromHostBuffer
2025-11-21 18:27:19.632 (   0.949s) [        54504000]     memory_instance.cc:57       1| MemoryInstance::getDevice
2025-11-21 18:27:19.632 (   0.949s) [        54504000]      event_instance.cc:223      1| EventInstance::PJRT_Event_OnReady
2025-11-21 18:27:19.632 (   0.949s) [        54504000]      event_instance.cc:172      1| EventInstance::PJRT_Event_Destroy
2025-11-21 18:27:19.632 (   0.949s) [        54504000]     buffer_instance.cc:504      1| BufferInstance::PJRT_Buffer_Dimensions
2025-11-21 18:27:19.632 (   0.949s) [        54504000]     buffer_instance.cc:641      1| BufferInstance::PJRT_Buffer_Device
2025-11-21 18:27:19.632 (   0.949s) [        54504000]     buffer_instance.cc:649      1| BufferInstance::PJRT_Buffer_Memory
2025-11-21 18:27:19.632 (   0.949s) [        54504000]     memory_instance.cc:84       1| MemoryInstance::PJRT_Memory_Kind
2025-11-21 18:27:19.632 (   0.949s) [        54504000] executable_instance.cc:140      1| ExecutableInstance::PJRT_Executable_NumOutputs
2025-11-21 18:27:19.632 (   0.949s) [        54504000]loaded_executable_insta:331      1| LoadedExecutableInstance::PJRT_LoadedExecutable_Execute
2025-11-21 18:27:19.632 (   0.949s) [        54504000]flatbuffer_loaded_execu:267      1| FlatbufferLoadedExecutableInstance::Execute
2025-11-21 18:27:19.632 (   0.950s) [        54504000]     client_instance.cc:503      1| ClientInstance::getOrCreateMeshDevice - reshaping mesh device - [1, 2] -> [1, 1]
2025-11-21 18:27:19.885 (   1.202s) [        54504000]flatbuffer_loaded_execu:202      1| Filled output at output_index 0 device_index 0 with shape [2, 4] and UID 1
2025-11-21 18:27:19.885 (   1.202s) [        54504000]flatbuffer_loaded_execu:202      1| Filled output at output_index 1 device_index 0 with shape [2, 4] and UID 2
2025-11-21 18:27:19.885 (   1.202s) [        54504000]      event_instance.cc:223      1| EventInstance::PJRT_Event_OnReady
2025-11-21 18:27:19.885 (   1.202s) [        54504000]      event_instance.cc:172      1| EventInstance::PJRT_Event_Destroy
2025-11-21 18:27:19.885 (   1.202s) [        54504000]     buffer_instance.cc:504      1| BufferInstance::PJRT_Buffer_Dimensions
2025-11-21 18:27:19.885 (   1.202s) [        54504000]     buffer_instance.cc:504      1| BufferInstance::PJRT_Buffer_Dimensions
2025-11-21 18:27:19.885 (   1.202s) [        54504000]     buffer_instance.cc:641      1| BufferInstance::PJRT_Buffer_Device
2025-11-21 18:27:19.885 (   1.202s) [        54504000]     buffer_instance.cc:649      1| BufferInstance::PJRT_Buffer_Memory
2025-11-21 18:27:19.885 (   1.202s) [        54504000]     memory_instance.cc:84       1| MemoryInstance::PJRT_Memory_Kind
2025-11-21 18:27:19.885 (   1.202s) [        54504000]     buffer_instance.cc:641      1| BufferInstance::PJRT_Buffer_Device
2025-11-21 18:27:19.885 (   1.202s) [        54504000]     buffer_instance.cc:649      1| BufferInstance::PJRT_Buffer_Memory
2025-11-21 18:27:19.885 (   1.202s) [        54504000]     memory_instance.cc:84       1| MemoryInstance::PJRT_Memory_Kind
2025-11-21 18:27:19.885 (   1.202s) [        54504000]     buffer_instance.cc:488      1| BufferInstance::PJRT_Buffer_Destroy
2025-11-21 18:27:19.885 (   1.203s) [        54504000]     buffer_instance.cc:589      1| BufferInstance::PJRT_Buffer_IsDeleted
2025-11-21 18:27:19.885 (   1.203s) [        54504000]     buffer_instance.cc:589      1| BufferInstance::PJRT_Buffer_IsDeleted
2025-11-21 18:27:19.885 (   1.203s) [        54504000]     buffer_instance.cc:641      1| BufferInstance::PJRT_Buffer_Device
2025-11-21 18:27:19.886 (   1.203s) [        54504000]     buffer_instance.cc:649      1| BufferInstance::PJRT_Buffer_Memory
2025-11-21 18:27:19.886 (   1.203s) [        54504000]     memory_instance.cc:84       1| MemoryInstance::PJRT_Memory_Kind
2025-11-21 18:27:19.886 (   1.203s) [        54504000]     buffer_instance.cc:611      1| BufferInstance::PJRT_Buffer_CopyToMemory
2025-11-21 18:27:19.886 (   1.203s) [        54504000]     memory_instance.cc:57       1| MemoryInstance::getDevice
2025-11-21 18:27:19.886 (   1.203s) [        54504000]     buffer_instance.cc:262      1| BufferInstance::copyFromBuffer: src UID=2, shape=[2, 4], host_runtime_tensor.has_value()=0, prepared_runtime_tensor.has_value()=1
[yyzc-wh-05-special-jameszianxu-for-reservation-45801:176874] *** Process received signal ***
[yyzc-wh-05-special-jameszianxu-for-reservation-45801:176874] Signal: Segmentation fault (11)
[yyzc-wh-05-special-jameszianxu-for-reservation-45801:176874] Signal code:  (128)
[yyzc-wh-05-special-jameszianxu-for-reservation-45801:176874] Failing at address: (nil)
[yyzc-wh-05-special-jameszianxu-for-reservation-45801:176874] [ 0] /lib/x86_64-linux-gnu/libc.so.6(+0x42520)[0x7f5b54547520]
[yyzc-wh-05-special-jameszianxu-for-reservation-45801:176874] [ 1] /localdev/jameszianxu/tt-xla/python_package/pjrt_plugin_tt/pjrt_plugin_tt.so(_ZNSt16_Sp_counted_baseILN9__gnu_cxx12_Lock_policyE2EE15_M_add_ref_copyEv+0x64)[0x7f59adb5d234]
[yyzc-wh-05-special-jameszianxu-for-reservation-45801:176874] [ 2] /localdev/jameszianxu/tt-xla/python_package/pjrt_plugin_tt/pjrt_plugin_tt.so(_ZNSt14__shared_countILN9__gnu_cxx12_Lock_policyE2EEC2ERKS2_+0x38)[0x7f59adb5d1b8]
[yyzc-wh-05-special-jameszianxu-for-reservation-45801:176874] [ 3] /localdev/jameszianxu/tt-xla/python_package/pjrt_plugin_tt/pjrt_plugin_tt.so(_ZNSt12__shared_ptrIvLN9__gnu_cxx12_Lock_policyE2EEC2ERKS2_+0x2f)[0x7f59adb5d16f]
[yyzc-wh-05-special-jameszianxu-for-reservation-45801:176874] [ 4] /localdev/jameszianxu/tt-xla/python_package/pjrt_plugin_tt/pjrt_plugin_tt.so(_ZNSt10shared_ptrIvEC2ERKS0_+0x1d)[0x7f59adb5d0fd]
[yyzc-wh-05-special-jameszianxu-for-reservation-45801:176874] [ 5] /localdev/jameszianxu/tt-xla/python_package/pjrt_plugin_tt/pjrt_plugin_tt.so(_ZN2tt7runtime6TensorC2ERKS1_+0x36)[0x7f59adb5c016]
[yyzc-wh-05-special-jameszianxu-for-reservation-45801:176874] [ 6] /localdev/jameszianxu/tt-xla/python_package/pjrt_plugin_tt/pjrt_plugin_tt.so(_ZN2tt4pjrt14BufferInstance14copyFromBufferEPKS1_+0x251)[0x7f59adb59cb1]
[yyzc-wh-05-special-jameszianxu-for-reservation-45801:176874] [ 7] /localdev/jameszianxu/tt-xla/python_package/pjrt_plugin_tt/pjrt_plugin_tt.so(_ZN2tt4pjrt14BufferInstance18copyToDeviceMemoryEPNS0_14DeviceInstanceEPNS0_14MemoryInstanceEPPS1_+0xdc)[0x7f59adb5a28c]
[yyzc-wh-05-special-jameszianxu-for-reservation-45801:176874] [ 8] /localdev/jameszianxu/tt-xla/python_package/pjrt_plugin_tt/pjrt_plugin_tt.so(_ZN2tt4pjrt8internal20onBufferCopyToMemoryEP29PJRT_Buffer_CopyToMemory_Args+0x136)[0x7f59adb58fa6]
[yyzc-wh-05-special-jameszianxu-for-reservation-45801:176874] [ 9] /usr/local/lib/python3.11/dist-packages/jaxlib/libjax_common.so(+0x8613308)[0x7f5aac12e308]
[yyzc-wh-05-special-jameszianxu-for-reservation-45801:176874] [10] /usr/local/lib/python3.11/dist-packages/jaxlib/libjax_common.so(+0x311990c)[0x7f5aa6c3490c]
[yyzc-wh-05-special-jameszianxu-for-reservation-45801:176874] [11] /usr/local/lib/python3.11/dist-packages/jaxlib/libjax_common.so(+0x312c78b)[0x7f5aa6c4778b]
[yyzc-wh-05-special-jameszianxu-for-reservation-45801:176874] [12] /usr/local/lib/python3.11/dist-packages/jaxlib/libjax_common.so(+0x3059919)[0x7f5aa6b74919]
[yyzc-wh-05-special-jameszianxu-for-reservation-45801:176874] [13] /usr/local/lib/python3.11/dist-packages/jaxlib/libjax_common.so(+0x3047ce7)[0x7f5aa6b62ce7]
[yyzc-wh-05-special-jameszianxu-for-reservation-45801:176874] [14] /usr/local/lib/python3.11/dist-packages/jaxlib/libjax_common.so(+0x2ffbe3e)[0x7f5aa6b16e3e]
[yyzc-wh-05-special-jameszianxu-for-reservation-45801:176874] [15] /usr/local/lib/python3.11/dist-packages/jaxlib/libjax_common.so(+0x857e683)[0x7f5aac099683]
[yyzc-wh-05-special-jameszianxu-for-reservation-45801:176874] [16] /usr/local/lib/python3.11/dist-packages/jaxlib/libjax_common.so(+0x857e26f)[0x7f5aac09926f]
[yyzc-wh-05-special-jameszianxu-for-reservation-45801:176874] [17] /usr/local/lib/python3.11/dist-packages/jaxlib/libjax_common.so(+0x30cbc08)[0x7f5aa6be6c08]
[yyzc-wh-05-special-jameszianxu-for-reservation-45801:176874] [18] python(PyObject_Vectorcall+0x35)[0x54b655]
[yyzc-wh-05-special-jameszianxu-for-reservation-45801:176874] [19] python(_PyEval_EvalFrameDefault+0x6c0)[0x53dc20]
[yyzc-wh-05-special-jameszianxu-for-reservation-45801:176874] [20] python(_PyFunction_Vectorcall+0x173)[0x566703]
[yyzc-wh-05-special-jameszianxu-for-reservation-45801:176874] [21] python(_PyEval_EvalFrameDefault+0x47c5)[0x541d25]
[yyzc-wh-05-special-jameszianxu-for-reservation-45801:176874] [22] python(_PyFunction_Vectorcall+0x173)[0x566703]
[yyzc-wh-05-special-jameszianxu-for-reservation-45801:176874] [23] python(PyObject_Call+0xf4)[0x570d04]
[yyzc-wh-05-special-jameszianxu-for-reservation-45801:176874] [24] python(_PyEval_EvalFrameDefault+0x47c5)[0x541d25]
[yyzc-wh-05-special-jameszianxu-for-reservation-45801:176874] [25] python[0x586137]
[yyzc-wh-05-special-jameszianxu-for-reservation-45801:176874] [26] python[0x58592e]
[yyzc-wh-05-special-jameszianxu-for-reservation-45801:176874] [27] python(PyObject_Call+0xf4)[0x570d04]
[yyzc-wh-05-special-jameszianxu-for-reservation-45801:176874] [28] python(_PyEval_EvalFrameDefault+0x47c5)[0x541d25]
[yyzc-wh-05-special-jameszianxu-for-reservation-45801:176874] [29] python[0x586137]
[yyzc-wh-05-special-jameszianxu-for-reservation-45801:176874] *** End of error message ***
