============================= test session starts ==============================
platform linux -- Python 3.12.12, pytest-9.0.2, pluggy-1.6.0 -- /localdev/jameszianxu/tt-xla/venv/bin/python
cachedir: .pytest_cache
metadata: {'Python': '3.12.12', 'Platform': 'Linux-6.8.0-85-generic-x86_64-with-glibc2.35', 'Packages': {'pytest': '9.0.2', 'pluggy': '1.6.0'}, 'Plugins': {'split': '0.11.0', 'metadata': '3.1.1', 'forked': '1.6.0', 'json-report': '1.5.0', 'jaxtyping': '0.3.9', 'anyio': '4.12.1'}}
rootdir: /localdev/jameszianxu/tt-xla
configfile: pytest.ini
plugins: split-0.11.0, metadata-3.1.1, forked-1.6.0, json-report-1.5.0, jaxtyping-0.3.9, anyio-4.12.1
collecting ... 2026-03-02 22:09:57.991 | INFO     | pjrt_plugin_tt:setup_tt_pjrt_plugin_dir:42 - Using PJRT plugin directory: /localdev/jameszianxu/tt-xla/python_package/pjrt_plugin_tt
2026-03-02 22:09:57.991 | INFO     | pjrt_plugin_tt:setup_tt_metal_home:103 - Using TT-Metal from the source tree: /localdev/jameszianxu/tt-xla/third_party/tt-mlir/src/tt-mlir/third_party/tt-metal/src/tt-metal
2026-03-02 22:09:57.991 | WARNING  | torch_plugin_tt:__init__:38 - TT plugin is setting XLA_STABLEHLO_COMPILE to 1. This is required for TT PJRT plugin to work correctly.
collected 1 item

memory_experiment.py::test_large_parameter_model_tt_device 
======================================================================
Testing Large Parameter Model on TT Device
(This tests our PJRT mmap implementation!)
======================================================================

======================================================================
Memory Snapshot: Initial (before model creation)
PID: 478623
======================================================================
RSS (Physical Memory): 1241.25 MB
VMS (Virtual Memory):  3118.02 MB

Anonymous mmap regions (>1MB): 69
Total anonymous mmap size: 1336.97 MB

Largest regions:
  1. 720efc800000-720f14800000: 384.00 MB (rw-p)
  2. 101f8000-1a61b000: 164.14 MB (rw-p)
  3. 720f7ee00000-720f84e00000: 96.00 MB (rw-p)
  4. 720f86000000-720f8a000000: 64.00 MB (rw-p)
  5. 720f8b200000-720f8f200000: 64.00 MB (rw-p)
======================================================================


Creating 1GB model (10x 100MB parameters)...
Model created: 1000.00 MB total
Parameters: 10 tensors

======================================================================
Memory Snapshot: After model creation on CPU
PID: 478623
======================================================================
RSS (Physical Memory): 2243.99 MB
VMS (Virtual Memory):  4910.11 MB

Anonymous mmap regions (>1MB): 92
Total anonymous mmap size: 3127.59 MB

Largest regions:
  1. 720e457f6000-720e84000000: 1000.04 MB (rw-p)
  2. 720efc800000-720f14800000: 384.00 MB (rw-p)
  3. 101f8000-1a61b000: 164.14 MB (rw-p)
  4. 720f7ee00000-720f84e00000: 96.00 MB (rw-p)
  5. 720f86000000-720f8a000000: 64.00 MB (rw-p)
======================================================================

2026-03-02 22:10:01.462 (   0.000s) [        9EDC3000]   plugin_attributes.cc:64       1| PluginAttributes::PJRT_Plugin_Initialize
2026-03-02 22:10:01.462 (   0.000s) [        9EDC3000]     client_instance.cc:603      1| ClientInstance::PJRT_Client_Create
2026-03-02 22:10:01.493 (   0.031s) [        9EDC3000]     client_instance.cc:241      1| ClientInstance::ClientInstance
2026-03-02 22:10:01.493 (   0.031s) [        9EDC3000]     client_instance.cc:263      1| ClientInstance::Initialize
2026-03-02 22:10:06.955 | critical |          Always | TT_FATAL: Logical eth core (x=0,y=15) is not an active eth core on chip 0. (assert.hpp:104)
[32m                 Always[0m | [1m[38;5;208m WARNING[0m | Skipping ethernet core ((x=0,y=15)) on chip 0
2026-03-02 22:10:07.120 (   5.657s) [        9EDC3000]     client_instance.cc:520      1| ClientInstance::openMeshDevice - setting fabric config: FABRIC_1D_RING
2026-03-02 22:10:12.218 (  10.756s) [        9EDC3000]              stubs.inc:121   WARN| STUB: PJRT_Client_TopologyDescription
2026-03-02 22:10:12.219 (  10.756s) [        9EDC3000]      error_instance.cc:52       1| ErrorInstance::PJRT_Error_Message
2026-03-02 22:10:12.219 (  10.756s) [        9EDC3000]      error_instance.cc:61       1| ErrorInstance::PJRT_Error_GetCode
2026-03-02 22:10:12.219 (  10.756s) [        9EDC3000]      error_instance.cc:46       1| ErrorInstance::PJRT_Error_Destroy
2026-03-02 22:10:12.219 (  10.756s) [        9EDC3000]     client_instance.cc:661      1| ClientInstance::PJRT_Client_PlatformVersion
2026-03-02 22:10:12.219 (  10.756s) [        9EDC3000]     client_instance.cc:640      1| ClientInstance::PJRT_Client_PlatformName
2026-03-02 22:10:12.219 (  10.756s) [        9EDC3000]     client_instance.cc:673      1| ClientInstance::PJRT_Client_Devices
2026-03-02 22:10:12.219 (  10.756s) [        9EDC3000]     device_instance.cc:48       1| DeviceInstance::PJRT_Device_GetDescription
2026-03-02 22:10:12.219 (  10.756s) [        9EDC3000]  device_description.cc:88       1| DeviceDescription::PJRT_DeviceDescription_Attributes
2026-03-02 22:10:12.219 (  10.756s) [        9EDC3000]     device_instance.cc:48       1| DeviceInstance::PJRT_Device_GetDescription
2026-03-02 22:10:12.219 (  10.756s) [        9EDC3000]  device_description.cc:88       1| DeviceDescription::PJRT_DeviceDescription_Attributes
2026-03-02 22:10:12.219 (  10.756s) [        9EDC3000]     client_instance.cc:687      1| ClientInstance::PJRT_Client_AddressableDevices
2026-03-02 22:10:12.219 (  10.756s) [        9EDC3000]     client_instance.cc:740      1| ClientInstance::PJRT_Client_AddressableMemories
2026-03-02 22:10:12.219 (  10.756s) [        9EDC3000]     device_instance.cc:78       1| DeviceInstance::PJRT_Device_AddressableMemories
2026-03-02 22:10:12.219 (  10.756s) [        9EDC3000]     device_instance.cc:78       1| DeviceInstance::PJRT_Device_AddressableMemories
2026-03-02 22:10:12.219 (  10.756s) [        9EDC3000]     memory_instance.cc:133      1| MemoryInstance::PJRT_Memory_AddressableByDevices
2026-03-02 22:10:12.219 (  10.756s) [        9EDC3000]     memory_instance.cc:133      1| MemoryInstance::PJRT_Memory_AddressableByDevices
2026-03-02 22:10:12.219 (  10.756s) [        9EDC3000]     memory_instance.cc:133      1| MemoryInstance::PJRT_Memory_AddressableByDevices
2026-03-02 22:10:12.219 (  10.756s) [        9EDC3000]   plugin_attributes.cc:71       1| PluginAttributes::PJRT_Plugin_Attributes
2026-03-02 22:10:12.219505: W torch_xla/csrc/runtime/profiler.cpp:88] Profiler API not found for PJRT plugin
2026-03-02 22:10:12.219 (  10.757s) [        9EDC3000]  device_description.cc:67       1| DeviceDescription::PJRT_DeviceDescription_Id
2026-03-02 22:10:12.219 (  10.757s) [        9EDC3000]  device_description.cc:67       1| DeviceDescription::PJRT_DeviceDescription_Id
2026-03-02 22:10:12.219 (  10.757s) [        9EDC3000]  device_description.cc:67       1| DeviceDescription::PJRT_DeviceDescription_Id
2026-03-02 22:10:12.219 (  10.757s) [        9EDC3000]  device_description.cc:67       1| DeviceDescription::PJRT_DeviceDescription_Id
2026-03-02 22:10:12.219 (  10.757s) [        9EDC3000]  device_description.cc:67       1| DeviceDescription::PJRT_DeviceDescription_Id
2026-03-02 22:10:12.219 (  10.757s) [        9EDC3000]  device_description.cc:67       1| DeviceDescription::PJRT_DeviceDescription_Id
2026-03-02 22:10:12.219 (  10.757s) [        9EDC3000]  device_description.cc:129      1| DeviceDescription::PJRT_DeviceDescription_ToString
2026-03-02 22:10:12.219 (  10.757s) [        9EDC3000]  device_description.cc:129      1| DeviceDescription::PJRT_DeviceDescription_ToString
2026-03-02 22:10:12.219 (  10.757s) [        9EDC3000]  device_description.cc:67       1| DeviceDescription::PJRT_DeviceDescription_Id
2026-03-02 22:10:12.219 (  10.757s) [        9EDC3000]  device_description.cc:67       1| DeviceDescription::PJRT_DeviceDescription_Id
2026-03-02 22:10:12.219 (  10.757s) [        9EDC3000]  device_description.cc:67       1| DeviceDescription::PJRT_DeviceDescription_Id
2026-03-02 22:10:12.219 (  10.757s) [        9EDC3000]  device_description.cc:67       1| DeviceDescription::PJRT_DeviceDescription_Id
2026-03-02 22:10:12.219 (  10.757s) [        9EDC3000]  device_description.cc:67       1| DeviceDescription::PJRT_DeviceDescription_Id

TT device: xla:0

======================================================================
CPU Tensor Addresses (before moving to device)
======================================================================
  param_tensors.0                          | addr: 0x0000720e7dbff040 | size: 100.00 MB | shape: [5120, 5120]
  param_tensors.1                          | addr: 0x0000720e777fe040 | size: 100.00 MB | shape: [5120, 5120]
  param_tensors.2                          | addr: 0x0000720e713fd040 | size: 100.00 MB | shape: [5120, 5120]
  param_tensors.3                          | addr: 0x0000720e6affc040 | size: 100.00 MB | shape: [5120, 5120]
  param_tensors.4                          | addr: 0x0000720e64bfb040 | size: 100.00 MB | shape: [5120, 5120]
  param_tensors.5                          | addr: 0x0000720e5e7fa040 | size: 100.00 MB | shape: [5120, 5120]
  param_tensors.6                          | addr: 0x0000720e583f9040 | size: 100.00 MB | shape: [5120, 5120]
  param_tensors.7                          | addr: 0x0000720e51ff8040 | size: 100.00 MB | shape: [5120, 5120]
  param_tensors.8                          | addr: 0x0000720e4bbf7040 | size: 100.00 MB | shape: [5120, 5120]
  param_tensors.9                          | addr: 0x0000720e457f6040 | size: 100.00 MB | shape: [5120, 5120]
======================================================================

======================================================================
Moving model to TT device...
This will create 10 mmap regions in PJRT
Expected total mmap size: ~1000.00 MB
======================================================================

Check PJRT logs for BufferInstance[UID=*]::copyFromHost messages
Each parameter will show its mmap address and size
You can correlate the sizes with the parameter names above

2026-03-02 22:10:12.224 (  10.761s) [        9EDC3000]     device_instance.cc:90       1| DeviceInstance::PJRT_Device_DefaultMemory
2026-03-02 22:10:12.224 (  10.761s) [        9EDC3000]     client_instance.cc:805      1| ClientInstance::PJRT_Client_BufferFromHostBuffer
2026-03-02 22:10:12.224 (  10.761s) [        9EDC3000]     memory_instance.cc:60       1| MemoryInstance::getDevice
2026-03-02 22:10:12.224 (  10.762s) [        9EDC3000]     buffer_instance.cc:169      1| BufferInstance::copyFromHost - Copying from host buffer at address 0x720e7dbff040
2026-03-02 22:10:12.226 (  10.763s) [        9EDC3000]      event_instance.cc:203      1| EventInstance::PJRT_Event_OnReady
2026-03-02 22:10:12.226 (  10.763s) [        9EDC3000]      event_instance.cc:148      1| EventInstance::PJRT_Event_Destroy
2026-03-02 22:10:12.226 (  10.764s) [        9EDC3000]     device_instance.cc:90       1| DeviceInstance::PJRT_Device_DefaultMemory
2026-03-02 22:10:12.227 (  10.764s) [        9EDC3000]     client_instance.cc:805      1| ClientInstance::PJRT_Client_BufferFromHostBuffer
2026-03-02 22:10:12.227 (  10.764s) [        9EDC3000]     memory_instance.cc:60       1| MemoryInstance::getDevice
2026-03-02 22:10:12.227 (  10.764s) [        9EDC3000]     buffer_instance.cc:169      1| BufferInstance::copyFromHost - Copying from host buffer at address 0x720e777fe040
2026-03-02 22:10:12.227 (  10.764s) [        9EDC3000]      event_instance.cc:203      1| EventInstance::PJRT_Event_OnReady
2026-03-02 22:10:12.227 (  10.764s) [        9EDC3000]      event_instance.cc:148      1| EventInstance::PJRT_Event_Destroy
2026-03-02 22:10:12.227 (  10.764s) [        9EDC3000]     device_instance.cc:90       1| DeviceInstance::PJRT_Device_DefaultMemory
2026-03-02 22:10:12.227 (  10.764s) [        9EDC3000]     client_instance.cc:805      1| ClientInstance::PJRT_Client_BufferFromHostBuffer
2026-03-02 22:10:12.227 (  10.764s) [        9EDC3000]     memory_instance.cc:60       1| MemoryInstance::getDevice
2026-03-02 22:10:12.227 (  10.764s) [        9EDC3000]     buffer_instance.cc:169      1| BufferInstance::copyFromHost - Copying from host buffer at address 0x720e713fd040
2026-03-02 22:10:12.227 (  10.765s) [        9EDC3000]      event_instance.cc:203      1| EventInstance::PJRT_Event_OnReady
2026-03-02 22:10:12.227 (  10.765s) [        9EDC3000]      event_instance.cc:148      1| EventInstance::PJRT_Event_Destroy
2026-03-02 22:10:12.227 (  10.765s) [        9EDC3000]     device_instance.cc:90       1| DeviceInstance::PJRT_Device_DefaultMemory
2026-03-02 22:10:12.227 (  10.765s) [        9EDC3000]     client_instance.cc:805      1| ClientInstance::PJRT_Client_BufferFromHostBuffer
2026-03-02 22:10:12.227 (  10.765s) [        9EDC3000]     memory_instance.cc:60       1| MemoryInstance::getDevice
2026-03-02 22:10:12.228 (  10.765s) [        9EDC3000]     buffer_instance.cc:169      1| BufferInstance::copyFromHost - Copying from host buffer at address 0x720e6affc040
2026-03-02 22:10:12.228 (  10.765s) [        9EDC3000]      event_instance.cc:203      1| EventInstance::PJRT_Event_OnReady
2026-03-02 22:10:12.228 (  10.765s) [        9EDC3000]      event_instance.cc:148      1| EventInstance::PJRT_Event_Destroy
2026-03-02 22:10:12.228 (  10.765s) [        9EDC3000]     device_instance.cc:90       1| DeviceInstance::PJRT_Device_DefaultMemory
2026-03-02 22:10:12.228 (  10.765s) [        9EDC3000]     client_instance.cc:805      1| ClientInstance::PJRT_Client_BufferFromHostBuffer
2026-03-02 22:10:12.228 (  10.765s) [        9EDC3000]     memory_instance.cc:60       1| MemoryInstance::getDevice
2026-03-02 22:10:12.228 (  10.765s) [        9EDC3000]     buffer_instance.cc:169      1| BufferInstance::copyFromHost - Copying from host buffer at address 0x720e64bfb040
2026-03-02 22:10:12.228 (  10.765s) [        9EDC3000]      event_instance.cc:203      1| EventInstance::PJRT_Event_OnReady
2026-03-02 22:10:12.228 (  10.765s) [        9EDC3000]      event_instance.cc:148      1| EventInstance::PJRT_Event_Destroy
2026-03-02 22:10:12.228 (  10.766s) [        9EDC3000]     device_instance.cc:90       1| DeviceInstance::PJRT_Device_DefaultMemory
2026-03-02 22:10:12.228 (  10.766s) [        9EDC3000]     client_instance.cc:805      1| ClientInstance::PJRT_Client_BufferFromHostBuffer
2026-03-02 22:10:12.228 (  10.766s) [        9EDC3000]     memory_instance.cc:60       1| MemoryInstance::getDevice
2026-03-02 22:10:12.228 (  10.766s) [        9EDC3000]     buffer_instance.cc:169      1| BufferInstance::copyFromHost - Copying from host buffer at address 0x720e5e7fa040
2026-03-02 22:10:12.229 (  10.766s) [        9EDC3000]      event_instance.cc:203      1| EventInstance::PJRT_Event_OnReady
2026-03-02 22:10:12.229 (  10.766s) [        9EDC3000]      event_instance.cc:148      1| EventInstance::PJRT_Event_Destroy
2026-03-02 22:10:12.229 (  10.766s) [        9EDC3000]     device_instance.cc:90       1| DeviceInstance::PJRT_Device_DefaultMemory
2026-03-02 22:10:12.229 (  10.766s) [        9EDC3000]     client_instance.cc:805      1| ClientInstance::PJRT_Client_BufferFromHostBuffer
2026-03-02 22:10:12.229 (  10.766s) [        9EDC3000]     memory_instance.cc:60       1| MemoryInstance::getDevice
2026-03-02 22:10:12.229 (  10.766s) [        9EDC3000]     buffer_instance.cc:169      1| BufferInstance::copyFromHost - Copying from host buffer at address 0x720e583f9040
2026-03-02 22:10:12.229 (  10.766s) [        9EDC3000]      event_instance.cc:203      1| EventInstance::PJRT_Event_OnReady
2026-03-02 22:10:12.229 (  10.766s) [        9EDC3000]      event_instance.cc:148      1| EventInstance::PJRT_Event_Destroy
2026-03-02 22:10:12.229 (  10.767s) [        9EDC3000]     device_instance.cc:90       1| DeviceInstance::PJRT_Device_DefaultMemory
2026-03-02 22:10:12.229 (  10.767s) [        9EDC3000]     client_instance.cc:805      1| ClientInstance::PJRT_Client_BufferFromHostBuffer
2026-03-02 22:10:12.229 (  10.767s) [        9EDC3000]     memory_instance.cc:60       1| MemoryInstance::getDevice
2026-03-02 22:10:12.229 (  10.767s) [        9EDC3000]     buffer_instance.cc:169      1| BufferInstance::copyFromHost - Copying from host buffer at address 0x720e51ff8040
2026-03-02 22:10:12.229 (  10.767s) [        9EDC3000]      event_instance.cc:203      1| EventInstance::PJRT_Event_OnReady
2026-03-02 22:10:12.229 (  10.767s) [        9EDC3000]      event_instance.cc:148      1| EventInstance::PJRT_Event_Destroy
2026-03-02 22:10:12.230 (  10.767s) [        9EDC3000]     device_instance.cc:90       1| DeviceInstance::PJRT_Device_DefaultMemory
2026-03-02 22:10:12.230 (  10.767s) [        9EDC3000]     client_instance.cc:805      1| ClientInstance::PJRT_Client_BufferFromHostBuffer
2026-03-02 22:10:12.230 (  10.767s) [        9EDC3000]     memory_instance.cc:60       1| MemoryInstance::getDevice
2026-03-02 22:10:12.230 (  10.767s) [        9EDC3000]     buffer_instance.cc:169      1| BufferInstance::copyFromHost - Copying from host buffer at address 0x720e4bbf7040
2026-03-02 22:10:12.230 (  10.767s) [        9EDC3000]      event_instance.cc:203      1| EventInstance::PJRT_Event_OnReady
2026-03-02 22:10:12.230 (  10.767s) [        9EDC3000]      event_instance.cc:148      1| EventInstance::PJRT_Event_Destroy
2026-03-02 22:10:12.230 (  10.768s) [        9EDC3000]     device_instance.cc:90       1| DeviceInstance::PJRT_Device_DefaultMemory
2026-03-02 22:10:12.230 (  10.768s) [        9EDC3000]     client_instance.cc:805      1| ClientInstance::PJRT_Client_BufferFromHostBuffer
2026-03-02 22:10:12.230 (  10.768s) [        9EDC3000]     memory_instance.cc:60       1| MemoryInstance::getDevice
2026-03-02 22:10:12.230 (  10.768s) [        9EDC3000]     buffer_instance.cc:169      1| BufferInstance::copyFromHost - Copying from host buffer at address 0x720e457f6040
2026-03-02 22:10:12.230 (  10.768s) [        9EDC3000]      event_instance.cc:203      1| EventInstance::PJRT_Event_OnReady
2026-03-02 22:10:12.230 (  10.768s) [        9EDC3000]      event_instance.cc:148      1| EventInstance::PJRT_Event_Destroy

======================================================================
XLA Tensor Info (after moving to device)
======================================================================
  param_tensors.0                          | device: xla:0 | shape: [5120, 5120]
  param_tensors.1                          | device: xla:0 | shape: [5120, 5120]
  param_tensors.2                          | device: xla:0 | shape: [5120, 5120]
  param_tensors.3                          | device: xla:0 | shape: [5120, 5120]
  param_tensors.4                          | device: xla:0 | shape: [5120, 5120]
  param_tensors.5                          | device: xla:0 | shape: [5120, 5120]
  param_tensors.6                          | device: xla:0 | shape: [5120, 5120]
  param_tensors.7                          | device: xla:0 | shape: [5120, 5120]
  param_tensors.8                          | device: xla:0 | shape: [5120, 5120]
  param_tensors.9                          | device: xla:0 | shape: [5120, 5120]
======================================================================


======================================================================
Memory Snapshot: After moving model to TT device (mmap'd)
PID: 478623
======================================================================
RSS (Physical Memory): 2438.64 MB
VMS (Virtual Memory):  17321.62 MB

Anonymous mmap regions (>1MB): 433
Total anonymous mmap size: 12993.57 MB

Largest regions:
  1. 720e457f6000-720e84000000: 1000.04 MB (rw-p)
  2. 720efc800000-720f14800000: 384.00 MB (rw-p)
  3. 101f8000-1b8f4000: 182.98 MB (rw-p)
  4. 720f7ee00000-720f84e00000: 96.00 MB (rw-p)
  5. 720f86000000-720f8a000000: 64.00 MB (rw-p)
======================================================================


======================================================================
Running inference with scale_factor=2.5...
======================================================================

Synchronizing...
2026-03-02 22:10:13.247 (  11.785s) [        9EDC3000]     buffer_instance.cc:516      1| BufferInstance::PJRT_Buffer_IsDeleted
2026-03-02 22:10:13.248 (  11.785s) [        9EDC3000]     buffer_instance.cc:516      1| BufferInstance::PJRT_Buffer_IsDeleted
2026-03-02 22:10:13.248 (  11.785s) [        9EDC3000]     buffer_instance.cc:516      1| BufferInstance::PJRT_Buffer_IsDeleted
2026-03-02 22:10:13.248 (  11.785s) [        9EDC3000]     buffer_instance.cc:516      1| BufferInstance::PJRT_Buffer_IsDeleted
2026-03-02 22:10:13.248 (  11.785s) [        9EDC3000]     buffer_instance.cc:516      1| BufferInstance::PJRT_Buffer_IsDeleted
2026-03-02 22:10:13.248 (  11.785s) [        9EDC3000]     buffer_instance.cc:516      1| BufferInstance::PJRT_Buffer_IsDeleted
2026-03-02 22:10:13.248 (  11.785s) [        9EDC3000]     buffer_instance.cc:516      1| BufferInstance::PJRT_Buffer_IsDeleted
2026-03-02 22:10:13.248 (  11.785s) [        9EDC3000]     buffer_instance.cc:516      1| BufferInstance::PJRT_Buffer_IsDeleted
2026-03-02 22:10:13.248 (  11.785s) [        9EDC3000]     buffer_instance.cc:516      1| BufferInstance::PJRT_Buffer_IsDeleted
2026-03-02 22:10:13.248 (  11.785s) [        9EDC3000]     buffer_instance.cc:516      1| BufferInstance::PJRT_Buffer_IsDeleted
2026-03-02 22:10:13.248 (  11.785s) [        9EDC3000]     buffer_instance.cc:516      1| BufferInstance::PJRT_Buffer_IsDeleted
2026-03-02 22:10:13.248 (  11.785s) [        9EDC3000]     buffer_instance.cc:516      1| BufferInstance::PJRT_Buffer_IsDeleted
2026-03-02 22:10:13.248 (  11.785s) [        9EDC3000]     buffer_instance.cc:516      1| BufferInstance::PJRT_Buffer_IsDeleted
2026-03-02 22:10:13.248 (  11.785s) [        9EDC3000]     buffer_instance.cc:516      1| BufferInstance::PJRT_Buffer_IsDeleted
2026-03-02 22:10:13.248 (  11.785s) [        9EDC3000]     buffer_instance.cc:516      1| BufferInstance::PJRT_Buffer_IsDeleted
2026-03-02 22:10:13.248 (  11.785s) [        9EDC3000]     buffer_instance.cc:516      1| BufferInstance::PJRT_Buffer_IsDeleted
2026-03-02 22:10:13.248 (  11.785s) [        9EDC3000]     buffer_instance.cc:516      1| BufferInstance::PJRT_Buffer_IsDeleted
2026-03-02 22:10:13.248 (  11.785s) [        9EDC3000]     buffer_instance.cc:516      1| BufferInstance::PJRT_Buffer_IsDeleted
2026-03-02 22:10:13.248 (  11.785s) [        9EDC3000]     buffer_instance.cc:516      1| BufferInstance::PJRT_Buffer_IsDeleted
2026-03-02 22:10:13.248 (  11.785s) [        9EDC3000]     buffer_instance.cc:516      1| BufferInstance::PJRT_Buffer_IsDeleted
2026-03-02 22:10:13.248 (  11.785s) [        9EDC3000]     buffer_instance.cc:516      1| BufferInstance::PJRT_Buffer_IsDeleted
2026-03-02 22:10:13.248 (  11.786s) [        9EDC3000]     buffer_instance.cc:516      1| BufferInstance::PJRT_Buffer_IsDeleted
2026-03-02 22:10:13.248 (  11.786s) [        9EDC3000]     buffer_instance.cc:516      1| BufferInstance::PJRT_Buffer_IsDeleted
2026-03-02 22:10:13.249 (  11.786s) [        9EDC3000]     buffer_instance.cc:516      1| BufferInstance::PJRT_Buffer_IsDeleted
2026-03-02 22:10:13.249 (  11.786s) [        9EDC3000]     buffer_instance.cc:516      1| BufferInstance::PJRT_Buffer_IsDeleted
2026-03-02 22:10:13.249 (  11.787s) [        9EDC3000]     buffer_instance.cc:516      1| BufferInstance::PJRT_Buffer_IsDeleted
2026-03-02 22:10:13.249 (  11.787s) [        9EDC3000]     buffer_instance.cc:516      1| BufferInstance::PJRT_Buffer_IsDeleted
2026-03-02 22:10:13.249 (  11.787s) [        9EDC3000]     buffer_instance.cc:516      1| BufferInstance::PJRT_Buffer_IsDeleted
2026-03-02 22:10:13.250 (  11.787s) [        9EDC3000]     buffer_instance.cc:516      1| BufferInstance::PJRT_Buffer_IsDeleted
2026-03-02 22:10:13.250 (  11.787s) [        9EDC3000]     buffer_instance.cc:516      1| BufferInstance::PJRT_Buffer_IsDeleted
2026-03-02 22:10:13.365 (  11.902s) [        9EDC3000]     client_instance.cc:754      1| ClientInstance::PJRT_Client_Compile
2026-03-02 22:10:13.365 (  11.903s) [        9EDC3000]      module_builder.cc:243      1| ModuleBuilder::buildModule
2026-03-02 22:10:13.375 (  11.912s) [        9EDC3000]      module_builder.cc:1144     1| MLIR Module vhlo:
#loc1 = loc("p0.3")
#loc2 = loc("p1.5")
#loc3 = loc("p2.7")
#loc4 = loc("p3.9")
#loc5 = loc("p4.11")
#loc6 = loc("p5.13")
#loc7 = loc("p6.15")
#loc8 = loc("p7.17")
#loc9 = loc("p8.19")
#loc10 = loc("p9.20")
module @SyncTensorsGraph.51 attributes {mhlo.cross_program_prefetches = [], mhlo.input_output_alias = [], mhlo.is_dynamic = false, mhlo.use_auto_spmd_partitioning = false} {
  vhlo.func_v1 @main(%arg0: !vhlo.tensor_v1<5120x5120x!vhlo.f32_v1> loc("p0.3"), %arg1: !vhlo.tensor_v1<5120x5120x!vhlo.f32_v1> loc("p1.5"), %arg2: !vhlo.tensor_v1<5120x5120x!vhlo.f32_v1> loc("p2.7"), %arg3: !vhlo.tensor_v1<5120x5120x!vhlo.f32_v1> loc("p3.9"), %arg4: !vhlo.tensor_v1<5120x5120x!vhlo.f32_v1> loc("p4.11"), %arg5: !vhlo.tensor_v1<5120x5120x!vhlo.f32_v1> loc("p5.13"), %arg6: !vhlo.tensor_v1<5120x5120x!vhlo.f32_v1> loc("p6.15"), %arg7: !vhlo.tensor_v1<5120x5120x!vhlo.f32_v1> loc("p7.17"), %arg8: !vhlo.tensor_v1<5120x5120x!vhlo.f32_v1> loc("p8.19"), %arg9: !vhlo.tensor_v1<5120x5120x!vhlo.f32_v1> loc("p9.20")) -> (!vhlo.tensor_v1<5120x5120x!vhlo.f32_v1>) {
    %0 = "vhlo.constant_v1"() <{value = #vhlo.tensor_v1<dense<2.500000e+00> : tensor<5120x5120xf32>>}> : () -> !vhlo.tensor_v1<5120x5120x!vhlo.f32_v1> loc(#loc)
    %1 = "vhlo.add_v1"(%arg9, %arg8) : (!vhlo.tensor_v1<5120x5120x!vhlo.f32_v1>, !vhlo.tensor_v1<5120x5120x!vhlo.f32_v1>) -> !vhlo.tensor_v1<5120x5120x!vhlo.f32_v1> loc(#loc11)
    %2 = "vhlo.add_v1"(%1, %arg7) : (!vhlo.tensor_v1<5120x5120x!vhlo.f32_v1>, !vhlo.tensor_v1<5120x5120x!vhlo.f32_v1>) -> !vhlo.tensor_v1<5120x5120x!vhlo.f32_v1> loc(#loc12)
    %3 = "vhlo.add_v1"(%2, %arg6) : (!vhlo.tensor_v1<5120x5120x!vhlo.f32_v1>, !vhlo.tensor_v1<5120x5120x!vhlo.f32_v1>) -> !vhlo.tensor_v1<5120x5120x!vhlo.f32_v1> loc(#loc13)
    %4 = "vhlo.add_v1"(%3, %arg5) : (!vhlo.tensor_v1<5120x5120x!vhlo.f32_v1>, !vhlo.tensor_v1<5120x5120x!vhlo.f32_v1>) -> !vhlo.tensor_v1<5120x5120x!vhlo.f32_v1> loc(#loc14)
    %5 = "vhlo.add_v1"(%4, %arg4) : (!vhlo.tensor_v1<5120x5120x!vhlo.f32_v1>, !vhlo.tensor_v1<5120x5120x!vhlo.f32_v1>) -> !vhlo.tensor_v1<5120x5120x!vhlo.f32_v1> loc(#loc15)
    %6 = "vhlo.add_v1"(%5, %arg3) : (!vhlo.tensor_v1<5120x5120x!vhlo.f32_v1>, !vhlo.tensor_v1<5120x5120x!vhlo.f32_v1>) -> !vhlo.tensor_v1<5120x5120x!vhlo.f32_v1> loc(#loc16)
    %7 = "vhlo.add_v1"(%6, %arg2) : (!vhlo.tensor_v1<5120x5120x!vhlo.f32_v1>, !vhlo.tensor_v1<5120x5120x!vhlo.f32_v1>) -> !vhlo.tensor_v1<5120x5120x!vhlo.f32_v1> loc(#loc17)
    %8 = "vhlo.add_v1"(%7, %arg1) : (!vhlo.tensor_v1<5120x5120x!vhlo.f32_v1>, !vhlo.tensor_v1<5120x5120x!vhlo.f32_v1>) -> !vhlo.tensor_v1<5120x5120x!vhlo.f32_v1> loc(#loc18)
    %9 = "vhlo.add_v1"(%8, %arg0) : (!vhlo.tensor_v1<5120x5120x!vhlo.f32_v1>, !vhlo.tensor_v1<5120x5120x!vhlo.f32_v1>) -> !vhlo.tensor_v1<5120x5120x!vhlo.f32_v1> loc(#loc19)
    %10 = "vhlo.multiply_v1"(%9, %0) : (!vhlo.tensor_v1<5120x5120x!vhlo.f32_v1>, !vhlo.tensor_v1<5120x5120x!vhlo.f32_v1>) -> !vhlo.tensor_v1<5120x5120x!vhlo.f32_v1> loc(#loc20)
    "vhlo.return_v1"(%10) : (!vhlo.tensor_v1<5120x5120x!vhlo.f32_v1>) -> () loc(#loc)
  } {arg_attrs = #vhlo.array_v1<[]>, res_attrs = #vhlo.array_v1<[]>, sym_visibility = #vhlo.string_v1<"">} loc(#loc)
} loc(#loc)
#loc = loc(unknown)
#loc11 = loc("add.23")
#loc12 = loc("add.26")
#loc13 = loc("add.29")
#loc14 = loc("add.32")
#loc15 = loc("add.35")
#loc16 = loc("add.38")
#loc17 = loc("add.41")
#loc18 = loc("add.44")
#loc19 = loc("add.47")
#loc20 = loc("multiply.49")
------------------ END OF MLIR MODULE ------------------
2026-03-02 22:10:13.403 (  11.941s) [        9EDC3000]      module_builder.cc:1144     1| MLIR Module shlo:
#loc1 = loc("p0.3")
#loc2 = loc("p1.5")
#loc3 = loc("p2.7")
#loc4 = loc("p3.9")
#loc5 = loc("p4.11")
#loc6 = loc("p5.13")
#loc7 = loc("p6.15")
#loc8 = loc("p7.17")
#loc9 = loc("p8.19")
#loc10 = loc("p9.20")
module @SyncTensorsGraph.51 attributes {mhlo.cross_program_prefetches = [], mhlo.input_output_alias = [], mhlo.is_dynamic = false, mhlo.use_auto_spmd_partitioning = false} {
  func.func @main(%arg0: tensor<5120x5120xf32> loc("p0.3"), %arg1: tensor<5120x5120xf32> loc("p1.5"), %arg2: tensor<5120x5120xf32> loc("p2.7"), %arg3: tensor<5120x5120xf32> loc("p3.9"), %arg4: tensor<5120x5120xf32> loc("p4.11"), %arg5: tensor<5120x5120xf32> loc("p5.13"), %arg6: tensor<5120x5120xf32> loc("p6.15"), %arg7: tensor<5120x5120xf32> loc("p7.17"), %arg8: tensor<5120x5120xf32> loc("p8.19"), %arg9: tensor<5120x5120xf32> loc("p9.20")) -> tensor<5120x5120xf32> {
    %cst = stablehlo.constant dense<2.500000e+00> : tensor<5120x5120xf32> loc(#loc)
    %0 = stablehlo.add %arg9, %arg8 : tensor<5120x5120xf32> loc(#loc11)
    %1 = stablehlo.add %0, %arg7 : tensor<5120x5120xf32> loc(#loc12)
    %2 = stablehlo.add %1, %arg6 : tensor<5120x5120xf32> loc(#loc13)
    %3 = stablehlo.add %2, %arg5 : tensor<5120x5120xf32> loc(#loc14)
    %4 = stablehlo.add %3, %arg4 : tensor<5120x5120xf32> loc(#loc15)
    %5 = stablehlo.add %4, %arg3 : tensor<5120x5120xf32> loc(#loc16)
    %6 = stablehlo.add %5, %arg2 : tensor<5120x5120xf32> loc(#loc17)
    %7 = stablehlo.add %6, %arg1 : tensor<5120x5120xf32> loc(#loc18)
    %8 = stablehlo.add %7, %arg0 : tensor<5120x5120xf32> loc(#loc19)
    %9 = stablehlo.multiply %8, %cst : tensor<5120x5120xf32> loc(#loc20)
    return %9 : tensor<5120x5120xf32> loc(#loc)
  } loc(#loc)
} loc(#loc)
#loc = loc(unknown)
#loc11 = loc("add.23")
#loc12 = loc("add.26")
#loc13 = loc("add.29")
#loc14 = loc("add.32")
#loc15 = loc("add.35")
#loc16 = loc("add.38")
#loc17 = loc("add.41")
#loc18 = loc("add.44")
#loc19 = loc("add.47")
#loc20 = loc("multiply.49")
------------------ END OF MLIR MODULE ------------------
2026-03-02 22:10:13.406 (  11.943s) [        9EDC3000]      module_builder.cc:1144     1| MLIR Module shlo_frontend:
#loc1 = loc("p0.3")
#loc2 = loc("p1.5")
#loc3 = loc("p2.7")
#loc4 = loc("p3.9")
#loc5 = loc("p4.11")
#loc6 = loc("p5.13")
#loc7 = loc("p6.15")
#loc8 = loc("p7.17")
#loc9 = loc("p8.19")
#loc10 = loc("p9.20")
module @SyncTensorsGraph.51 attributes {mhlo.cross_program_prefetches = [], mhlo.input_output_alias = [], mhlo.is_dynamic = false, mhlo.use_auto_spmd_partitioning = false} {
  func.func @main(%arg0: tensor<5120x5120xf32> {ttcore.argument_type = #ttcore.argument_type<input>} loc("p0.3"), %arg1: tensor<5120x5120xf32> {ttcore.argument_type = #ttcore.argument_type<input>} loc("p1.5"), %arg2: tensor<5120x5120xf32> {ttcore.argument_type = #ttcore.argument_type<input>} loc("p2.7"), %arg3: tensor<5120x5120xf32> {ttcore.argument_type = #ttcore.argument_type<input>} loc("p3.9"), %arg4: tensor<5120x5120xf32> {ttcore.argument_type = #ttcore.argument_type<input>} loc("p4.11"), %arg5: tensor<5120x5120xf32> {ttcore.argument_type = #ttcore.argument_type<input>} loc("p5.13"), %arg6: tensor<5120x5120xf32> {ttcore.argument_type = #ttcore.argument_type<input>} loc("p6.15"), %arg7: tensor<5120x5120xf32> {ttcore.argument_type = #ttcore.argument_type<input>} loc("p7.17"), %arg8: tensor<5120x5120xf32> {ttcore.argument_type = #ttcore.argument_type<input>} loc("p8.19"), %arg9: tensor<5120x5120xf32> {ttcore.argument_type = #ttcore.argument_type<input>} loc("p9.20")) -> tensor<5120x5120xf32> {
    %cst = stablehlo.constant dense<2.500000e+00> : tensor<5120x5120xf32> loc(#loc)
    %0 = stablehlo.add %arg9, %arg8 : tensor<5120x5120xf32> loc(#loc11)
    %1 = stablehlo.add %0, %arg7 : tensor<5120x5120xf32> loc(#loc12)
    %2 = stablehlo.add %1, %arg6 : tensor<5120x5120xf32> loc(#loc13)
    %3 = stablehlo.add %2, %arg5 : tensor<5120x5120xf32> loc(#loc14)
    %4 = stablehlo.add %3, %arg4 : tensor<5120x5120xf32> loc(#loc15)
    %5 = stablehlo.add %4, %arg3 : tensor<5120x5120xf32> loc(#loc16)
    %6 = stablehlo.add %5, %arg2 : tensor<5120x5120xf32> loc(#loc17)
    %7 = stablehlo.add %6, %arg1 : tensor<5120x5120xf32> loc(#loc18)
    %8 = stablehlo.add %7, %arg0 : tensor<5120x5120xf32> loc(#loc19)
    %9 = stablehlo.multiply %8, %cst : tensor<5120x5120xf32> loc(#loc20)
    return %9 : tensor<5120x5120xf32> loc(#loc)
  } loc(#loc)
} loc(#loc)
#loc = loc(unknown)
#loc11 = loc("add.23")
#loc12 = loc("add.26")
#loc13 = loc("add.29")
#loc14 = loc("add.32")
#loc15 = loc("add.35")
#loc16 = loc("add.38")
#loc17 = loc("add.41")
#loc18 = loc("add.44")
#loc19 = loc("add.47")
#loc20 = loc("multiply.49")
------------------ END OF MLIR MODULE ------------------
2026-03-02 22:10:13.420 (  11.958s) [        9EDC3000]      module_builder.cc:1144     1| MLIR Module shlo_compiler:
#loc1 = loc("p0.3")
#loc2 = loc("p1.5")
#loc3 = loc("p2.7")
#loc4 = loc("p3.9")
#loc5 = loc("p4.11")
#loc6 = loc("p5.13")
#loc7 = loc("p6.15")
#loc8 = loc("p7.17")
#loc9 = loc("p8.19")
#loc10 = loc("p9.20")
module @SyncTensorsGraph.51 attributes {mhlo.cross_program_prefetches = [], mhlo.input_output_alias = [], mhlo.is_dynamic = false, mhlo.use_auto_spmd_partitioning = false} {
  sdy.mesh @mesh = <["x"=1, "y"=1]> loc(#loc)
  func.func @main(%arg0: tensor<5120x5120xf32> {ttcore.argument_type = #ttcore.argument_type<input>, ttcore.runtime_tensor_sharding = #ttcore<runtime_tensor_sharding shard_status = <unsharded>, local_shape = tensor<5120x5120xf32>>} loc("p0.3"), %arg1: tensor<5120x5120xf32> {ttcore.argument_type = #ttcore.argument_type<input>, ttcore.runtime_tensor_sharding = #ttcore<runtime_tensor_sharding shard_status = <unsharded>, local_shape = tensor<5120x5120xf32>>} loc("p1.5"), %arg2: tensor<5120x5120xf32> {ttcore.argument_type = #ttcore.argument_type<input>, ttcore.runtime_tensor_sharding = #ttcore<runtime_tensor_sharding shard_status = <unsharded>, local_shape = tensor<5120x5120xf32>>} loc("p2.7"), %arg3: tensor<5120x5120xf32> {ttcore.argument_type = #ttcore.argument_type<input>, ttcore.runtime_tensor_sharding = #ttcore<runtime_tensor_sharding shard_status = <unsharded>, local_shape = tensor<5120x5120xf32>>} loc("p3.9"), %arg4: tensor<5120x5120xf32> {ttcore.argument_type = #ttcore.argument_type<input>, ttcore.runtime_tensor_sharding = #ttcore<runtime_tensor_sharding shard_status = <unsharded>, local_shape = tensor<5120x5120xf32>>} loc("p4.11"), %arg5: tensor<5120x5120xf32> {ttcore.argument_type = #ttcore.argument_type<input>, ttcore.runtime_tensor_sharding = #ttcore<runtime_tensor_sharding shard_status = <unsharded>, local_shape = tensor<5120x5120xf32>>} loc("p5.13"), %arg6: tensor<5120x5120xf32> {ttcore.argument_type = #ttcore.argument_type<input>, ttcore.runtime_tensor_sharding = #ttcore<runtime_tensor_sharding shard_status = <unsharded>, local_shape = tensor<5120x5120xf32>>} loc("p6.15"), %arg7: tensor<5120x5120xf32> {ttcore.argument_type = #ttcore.argument_type<input>, ttcore.runtime_tensor_sharding = #ttcore<runtime_tensor_sharding shard_status = <unsharded>, local_shape = tensor<5120x5120xf32>>} loc("p7.17"), %arg8: tensor<5120x5120xf32> {ttcore.argument_type = #ttcore.argument_type<input>, ttcore.runtime_tensor_sharding = #ttcore<runtime_tensor_sharding shard_status = <unsharded>, local_shape = tensor<5120x5120xf32>>} loc("p8.19"), %arg9: tensor<5120x5120xf32> {ttcore.argument_type = #ttcore.argument_type<input>, ttcore.runtime_tensor_sharding = #ttcore<runtime_tensor_sharding shard_status = <unsharded>, local_shape = tensor<5120x5120xf32>>} loc("p9.20")) -> (tensor<5120x5120xf32> {ttcore.runtime_tensor_sharding = #ttcore<runtime_tensor_sharding shard_status = <unsharded>, local_shape = tensor<5120x5120xf32>>}) {
    %cst = stablehlo.constant dense<2.500000e+00> : tensor<5120x5120xf32> loc(#loc)
    %0 = stablehlo.add %arg9, %arg8 : tensor<5120x5120xf32> loc(#loc11)
    %1 = stablehlo.add %0, %arg7 : tensor<5120x5120xf32> loc(#loc12)
    %2 = stablehlo.add %1, %arg6 : tensor<5120x5120xf32> loc(#loc13)
    %3 = stablehlo.add %2, %arg5 : tensor<5120x5120xf32> loc(#loc14)
    %4 = stablehlo.add %3, %arg4 : tensor<5120x5120xf32> loc(#loc15)
    %5 = stablehlo.add %4, %arg3 : tensor<5120x5120xf32> loc(#loc16)
    %6 = stablehlo.add %5, %arg2 : tensor<5120x5120xf32> loc(#loc17)
    %7 = stablehlo.add %6, %arg1 : tensor<5120x5120xf32> loc(#loc18)
    %8 = stablehlo.add %7, %arg0 : tensor<5120x5120xf32> loc(#loc19)
    %9 = stablehlo.multiply %8, %cst : tensor<5120x5120xf32> loc(#loc20)
    return %9 : tensor<5120x5120xf32> loc(#loc)
  } loc(#loc)
} loc(#loc)
#loc = loc(unknown)
#loc11 = loc("add.23")
#loc12 = loc("add.26")
#loc13 = loc("add.29")
#loc14 = loc("add.32")
#loc15 = loc("add.35")
#loc16 = loc("add.38")
#loc17 = loc("add.41")
#loc18 = loc("add.44")
#loc19 = loc("add.47")
#loc20 = loc("multiply.49")
------------------ END OF MLIR MODULE ------------------
2026-03-02 22:10:13.422 (  11.959s) [        9EDC3000]      module_builder.cc:321      1| SHLO compiler pipeline run completed - is using shardy output shardings: 0
2026-03-02 22:10:13.423 (  11.960s) [        9EDC3000]      module_builder.cc:1144     1| MLIR Module shlo_compiler_cleaned:
#loc = loc(unknown)
module @SyncTensorsGraph.51 attributes {mhlo.cross_program_prefetches = [], mhlo.input_output_alias = [], mhlo.is_dynamic = false, mhlo.use_auto_spmd_partitioning = false} {
  func.func @main(%arg0: tensor<5120x5120xf32> loc(unknown), %arg1: tensor<5120x5120xf32> loc(unknown), %arg2: tensor<5120x5120xf32> loc(unknown), %arg3: tensor<5120x5120xf32> loc(unknown), %arg4: tensor<5120x5120xf32> loc(unknown), %arg5: tensor<5120x5120xf32> loc(unknown), %arg6: tensor<5120x5120xf32> loc(unknown), %arg7: tensor<5120x5120xf32> loc(unknown), %arg8: tensor<5120x5120xf32> loc(unknown), %arg9: tensor<5120x5120xf32> loc(unknown)) -> tensor<5120x5120xf32> {
    %cst = stablehlo.constant dense<2.500000e+00> : tensor<5120x5120xf32> loc(#loc)
    %0 = stablehlo.add %arg9, %arg8 : tensor<5120x5120xf32> loc(#loc)
    %1 = stablehlo.add %0, %arg7 : tensor<5120x5120xf32> loc(#loc)
    %2 = stablehlo.add %1, %arg6 : tensor<5120x5120xf32> loc(#loc)
    %3 = stablehlo.add %2, %arg5 : tensor<5120x5120xf32> loc(#loc)
    %4 = stablehlo.add %3, %arg4 : tensor<5120x5120xf32> loc(#loc)
    %5 = stablehlo.add %4, %arg3 : tensor<5120x5120xf32> loc(#loc)
    %6 = stablehlo.add %5, %arg2 : tensor<5120x5120xf32> loc(#loc)
    %7 = stablehlo.add %6, %arg1 : tensor<5120x5120xf32> loc(#loc)
    %8 = stablehlo.add %7, %arg0 : tensor<5120x5120xf32> loc(#loc)
    %9 = stablehlo.multiply %8, %cst : tensor<5120x5120xf32> loc(#loc)
    return %9 : tensor<5120x5120xf32> loc(#loc)
  } loc(#loc)
} loc(#loc)
------------------ END OF MLIR MODULE ------------------
2026-03-02 22:10:13.427 (  11.964s) [        9EDC3000]      module_builder.cc:1144     1| MLIR Module ttir:
#loc1 = loc("p0.3")
#loc2 = loc("p1.5")
#loc3 = loc("p2.7")
#loc4 = loc("p3.9")
#loc5 = loc("p4.11")
#loc6 = loc("p5.13")
#loc7 = loc("p6.15")
#loc8 = loc("p7.17")
#loc9 = loc("p8.19")
#loc10 = loc("p9.20")
module @SyncTensorsGraph.51 attributes {mhlo.cross_program_prefetches = [], mhlo.input_output_alias = [], mhlo.is_dynamic = false, mhlo.use_auto_spmd_partitioning = false, ttcore.meshes = #ttcore.meshes<[<"mesh" = 1x1>]>} {
  ttcore.device_module {
    builtin.module @SyncTensorsGraph.51 attributes {mhlo.cross_program_prefetches = [], mhlo.input_output_alias = [], mhlo.is_dynamic = false, mhlo.use_auto_spmd_partitioning = false, ttcore.meshes = #ttcore.meshes<[<"mesh" = 1x1>]>} {
      func.func @main(%arg0: tensor<5120x5120xf32> {ttcore.argument_type = #ttcore.argument_type<input>, ttcore.runtime_tensor_sharding = #ttcore<runtime_tensor_sharding shard_status = <unsharded>, local_shape = tensor<5120x5120xf32>>} loc("p0.3"), %arg1: tensor<5120x5120xf32> {ttcore.argument_type = #ttcore.argument_type<input>, ttcore.runtime_tensor_sharding = #ttcore<runtime_tensor_sharding shard_status = <unsharded>, local_shape = tensor<5120x5120xf32>>} loc("p1.5"), %arg2: tensor<5120x5120xf32> {ttcore.argument_type = #ttcore.argument_type<input>, ttcore.runtime_tensor_sharding = #ttcore<runtime_tensor_sharding shard_status = <unsharded>, local_shape = tensor<5120x5120xf32>>} loc("p2.7"), %arg3: tensor<5120x5120xf32> {ttcore.argument_type = #ttcore.argument_type<input>, ttcore.runtime_tensor_sharding = #ttcore<runtime_tensor_sharding shard_status = <unsharded>, local_shape = tensor<5120x5120xf32>>} loc("p3.9"), %arg4: tensor<5120x5120xf32> {ttcore.argument_type = #ttcore.argument_type<input>, ttcore.runtime_tensor_sharding = #ttcore<runtime_tensor_sharding shard_status = <unsharded>, local_shape = tensor<5120x5120xf32>>} loc("p4.11"), %arg5: tensor<5120x5120xf32> {ttcore.argument_type = #ttcore.argument_type<input>, ttcore.runtime_tensor_sharding = #ttcore<runtime_tensor_sharding shard_status = <unsharded>, local_shape = tensor<5120x5120xf32>>} loc("p5.13"), %arg6: tensor<5120x5120xf32> {ttcore.argument_type = #ttcore.argument_type<input>, ttcore.runtime_tensor_sharding = #ttcore<runtime_tensor_sharding shard_status = <unsharded>, local_shape = tensor<5120x5120xf32>>} loc("p6.15"), %arg7: tensor<5120x5120xf32> {ttcore.argument_type = #ttcore.argument_type<input>, ttcore.runtime_tensor_sharding = #ttcore<runtime_tensor_sharding shard_status = <unsharded>, local_shape = tensor<5120x5120xf32>>} loc("p7.17"), %arg8: tensor<5120x5120xf32> {ttcore.argument_type = #ttcore.argument_type<input>, ttcore.runtime_tensor_sharding = #ttcore<runtime_tensor_sharding shard_status = <unsharded>, local_shape = tensor<5120x5120xf32>>} loc("p8.19"), %arg9: tensor<5120x5120xf32> {ttcore.argument_type = #ttcore.argument_type<input>, ttcore.runtime_tensor_sharding = #ttcore<runtime_tensor_sharding shard_status = <unsharded>, local_shape = tensor<5120x5120xf32>>} loc("p9.20")) -> (tensor<5120x5120xf32> {ttcore.runtime_tensor_sharding = #ttcore<runtime_tensor_sharding shard_status = <unsharded>, local_shape = tensor<5120x5120xf32>>}) {
        %0 = "ttir.constant"() <{value = dense<2.500000e+00> : tensor<5120x5120xf32>}> : () -> tensor<5120x5120xf32> loc(#loc)
        %1 = "ttir.add"(%arg9, %arg8) : (tensor<5120x5120xf32>, tensor<5120x5120xf32>) -> tensor<5120x5120xf32> loc(#loc11)
        %2 = "ttir.add"(%1, %arg7) : (tensor<5120x5120xf32>, tensor<5120x5120xf32>) -> tensor<5120x5120xf32> loc(#loc12)
        %3 = "ttir.add"(%2, %arg6) : (tensor<5120x5120xf32>, tensor<5120x5120xf32>) -> tensor<5120x5120xf32> loc(#loc13)
        %4 = "ttir.add"(%3, %arg5) : (tensor<5120x5120xf32>, tensor<5120x5120xf32>) -> tensor<5120x5120xf32> loc(#loc14)
        %5 = "ttir.add"(%4, %arg4) : (tensor<5120x5120xf32>, tensor<5120x5120xf32>) -> tensor<5120x5120xf32> loc(#loc15)
        %6 = "ttir.add"(%5, %arg3) : (tensor<5120x5120xf32>, tensor<5120x5120xf32>) -> tensor<5120x5120xf32> loc(#loc16)
        %7 = "ttir.add"(%6, %arg2) : (tensor<5120x5120xf32>, tensor<5120x5120xf32>) -> tensor<5120x5120xf32> loc(#loc17)
        %8 = "ttir.add"(%7, %arg1) : (tensor<5120x5120xf32>, tensor<5120x5120xf32>) -> tensor<5120x5120xf32> loc(#loc18)
        %9 = "ttir.add"(%8, %arg0) : (tensor<5120x5120xf32>, tensor<5120x5120xf32>) -> tensor<5120x5120xf32> loc(#loc19)
        %10 = "ttir.multiply"(%9, %0) : (tensor<5120x5120xf32>, tensor<5120x5120xf32>) -> tensor<5120x5120xf32> loc(#loc20)
        return %10 : tensor<5120x5120xf32> loc(#loc)
      } loc(#loc)
    } loc(#loc)
  } loc(#loc)
} loc(#loc)
#loc = loc(unknown)
#loc11 = loc("add.23")
#loc12 = loc("add.26")
#loc13 = loc("add.29")
#loc14 = loc("add.32")
#loc15 = loc("add.35")
#loc16 = loc("add.38")
#loc17 = loc("add.41")
#loc18 = loc("add.44")
#loc19 = loc("add.47")
#loc20 = loc("multiply.49")
------------------ END OF MLIR MODULE ------------------
2026-03-02 22:10:13.429 (  11.966s) [        9EDC3000]      module_builder.cc:879   WARN| `mhlo.num_partitions` attribute not found, assuming default number of partitions: 1
2026-03-02 22:10:13.429 (  11.966s) [        9EDC3000]      module_builder.cc:893   WARN| `mhlo.num_replicas` attribute not found, assuming default number of replicas: 1
2026-03-02 22:10:13.429 (  11.966s) [        9EDC3000]      module_builder.cc:903   WARN| Num replicas and num partitions are not set, inferring the number of devices from mesh shape
2026-03-02 22:10:13.464 (  12.001s) [        9EDC3000]      module_builder.cc:1144     1| MLIR Module ttnn:
#dram = #ttnn.buffer_type<dram>
#loc1 = loc("p0.3")
#loc2 = loc("p1.5")
#loc3 = loc("p2.7")
#loc4 = loc("p3.9")
#loc5 = loc("p4.11")
#loc6 = loc("p5.13")
#loc7 = loc("p6.15")
#loc8 = loc("p7.17")
#loc9 = loc("p8.19")
#loc10 = loc("p9.20")
#system_desc = #ttcore.system_desc<[{role = host, target_triple = "x86_64-pc-linux"}], [{arch = <wormhole_b0>, grid = 8x8, coord_translation_offsets = 18x18, l1_size = 1499136, num_dram_channels = 12, dram_channel_size = 1073741824, noc_l1_address_align_bytes = 16, pcie_address_align_bytes = 32, noc_dram_address_align_bytes = 32, l1_unreserved_base = 103712, erisc_l1_unreserved_base = 98304, dram_unreserved_base = 1920032, dram_unreserved_end = 1073162752, supported_data_types = [<f32>, <f16>, <bf16>, <bfp_f8>, <bfp_bf8>, <bfp_f4>, <bfp_bf4>, <bfp_f2>, <bfp_bf2>, <u32>, <u16>, <u8>, <si32>], supported_tile_sizes = [ 4x16,  16x16,  32x16,  4x32,  16x32,  32x32], dst_physical_size_tiles = 16, num_cbs = 64, num_compute_threads = 1, num_datamovement_threads = 2}, {arch = <wormhole_b0>, grid = 8x8, coord_translation_offsets = 18x18, l1_size = 1499136, num_dram_channels = 12, dram_channel_size = 1073741824, noc_l1_address_align_bytes = 16, pcie_address_align_bytes = 32, noc_dram_address_align_bytes = 32, l1_unreserved_base = 103712, erisc_l1_unreserved_base = 98304, dram_unreserved_base = 1920032, dram_unreserved_end = 1073171392, supported_data_types = [<f32>, <f16>, <bf16>, <bfp_f8>, <bfp_bf8>, <bfp_f4>, <bfp_bf4>, <bfp_f2>, <bfp_bf2>, <u32>, <u16>, <u8>, <si32>], supported_tile_sizes = [ 4x16,  16x16,  32x16,  4x32,  16x32,  32x32], dst_physical_size_tiles = 16, num_cbs = 64, num_compute_threads = 1, num_datamovement_threads = 2}], [0, 1], [1 : i32, 0 : i32], [ 0x0x0x0], [<[0, 9, 0], [1, 1, 0]>]>
#ttnn_layout = #ttnn.ttnn_layout<(d0, d1) -> (d0, d1), <1x1>, memref<1x1x!ttcore.tile<32x32, f32>, #dram>, <interleaved>>
#ttnn_layout1 = #ttnn.ttnn_layout<(d0, d1) -> (d0, d1), <1x1>, memref<5120x5120xf32, #dram>, <interleaved>>
#ttnn_layout2 = #ttnn.ttnn_layout<(d0, d1) -> (d0, d1), <1x1>, memref<160x160x!ttcore.tile<32x32, f32>, #dram>, <interleaved>>
module @SyncTensorsGraph.51 attributes {mhlo.cross_program_prefetches = [], mhlo.input_output_alias = [], mhlo.is_dynamic = false, mhlo.use_auto_spmd_partitioning = false, ttcore.meshes = #ttcore.meshes<[<"mesh" = 1x1>]>} {
  ttcore.device_module {
    builtin.module @SyncTensorsGraph.51 attributes {mhlo.cross_program_prefetches = [], mhlo.input_output_alias = [], mhlo.is_dynamic = false, mhlo.use_auto_spmd_partitioning = false, ttcore.meshes = #ttcore.meshes<[<"mesh" = 1x1>]>, ttcore.system_desc = #system_desc} {
      ttcore.device @default_device = <workerGrid = #ttcore.grid<8x8, (d0, d1) -> (0, d0, d1)>, l1Map = (d0, d1, d2)[s0] -> (0, d0, d1, d2 + s0), dramMap = (d0, d1, d2)[s0, s1, s2, s3, s4, s5, s6] -> (0, 0, (((d0 * s1) * (s2 * (s3 * s6)) + d1 * (s2 * (s3 * s6)) + d2) floordiv s4) mod 12, ((((d0 * s1) * (s2 * (s3 * s6)) + d1 * (s2 * (s3 * s6)) + d2) floordiv s4) floordiv 12) * s4 + ((d0 * s1) * (s2 * (s3 * s6)) + d1 * (s2 * (s3 * s6)) + d2) mod s4 + s5), meshShape = 1x1, chipIds = [0]> loc(#loc)
      func.func private @main_const_eval_0() -> tensor<1x1xf32, #ttnn_layout> attributes {tt.function_type = "const_eval"} {
        %0 = "ttnn.get_device"() <{mesh_offset = #ttnn<mesh_offset 0x0>, mesh_shape = #ttnn<mesh_shape 1x1>}> : () -> !ttnn.device loc(#loc)
        %1 = "ttnn.full"(%0) <{dtype = #ttcore.supportedDataTypes<f32>, fill_value = 2.500000e+00 : f32, layout = #ttnn.layout<tile>, shape = #ttnn.shape<1x1>}> : (!ttnn.device) -> tensor<1x1xf32, #ttnn_layout> loc(#loc)
        return %1 : tensor<1x1xf32, #ttnn_layout> loc(#loc)
      } loc(#loc)
      func.func @main(%arg0: tensor<5120x5120xf32, #ttnn_layout1> {ttcore.argument_type = #ttcore.argument_type<input>, ttcore.runtime_tensor_sharding = #ttcore<runtime_tensor_sharding shard_status = <unsharded>, local_shape = tensor<5120x5120xf32>>} loc("p0.3"), %arg1: tensor<5120x5120xf32, #ttnn_layout1> {ttcore.argument_type = #ttcore.argument_type<input>, ttcore.runtime_tensor_sharding = #ttcore<runtime_tensor_sharding shard_status = <unsharded>, local_shape = tensor<5120x5120xf32>>} loc("p1.5"), %arg2: tensor<5120x5120xf32, #ttnn_layout1> {ttcore.argument_type = #ttcore.argument_type<input>, ttcore.runtime_tensor_sharding = #ttcore<runtime_tensor_sharding shard_status = <unsharded>, local_shape = tensor<5120x5120xf32>>} loc("p2.7"), %arg3: tensor<5120x5120xf32, #ttnn_layout1> {ttcore.argument_type = #ttcore.argument_type<input>, ttcore.runtime_tensor_sharding = #ttcore<runtime_tensor_sharding shard_status = <unsharded>, local_shape = tensor<5120x5120xf32>>} loc("p3.9"), %arg4: tensor<5120x5120xf32, #ttnn_layout1> {ttcore.argument_type = #ttcore.argument_type<input>, ttcore.runtime_tensor_sharding = #ttcore<runtime_tensor_sharding shard_status = <unsharded>, local_shape = tensor<5120x5120xf32>>} loc("p4.11"), %arg5: tensor<5120x5120xf32, #ttnn_layout1> {ttcore.argument_type = #ttcore.argument_type<input>, ttcore.runtime_tensor_sharding = #ttcore<runtime_tensor_sharding shard_status = <unsharded>, local_shape = tensor<5120x5120xf32>>} loc("p5.13"), %arg6: tensor<5120x5120xf32, #ttnn_layout1> {ttcore.argument_type = #ttcore.argument_type<input>, ttcore.runtime_tensor_sharding = #ttcore<runtime_tensor_sharding shard_status = <unsharded>, local_shape = tensor<5120x5120xf32>>} loc("p6.15"), %arg7: tensor<5120x5120xf32, #ttnn_layout1> {ttcore.argument_type = #ttcore.argument_type<input>, ttcore.runtime_tensor_sharding = #ttcore<runtime_tensor_sharding shard_status = <unsharded>, local_shape = tensor<5120x5120xf32>>} loc("p7.17"), %arg8: tensor<5120x5120xf32, #ttnn_layout1> {ttcore.argument_type = #ttcore.argument_type<input>, ttcore.runtime_tensor_sharding = #ttcore<runtime_tensor_sharding shard_status = <unsharded>, local_shape = tensor<5120x5120xf32>>} loc("p8.19"), %arg9: tensor<5120x5120xf32, #ttnn_layout1> {ttcore.argument_type = #ttcore.argument_type<input>, ttcore.runtime_tensor_sharding = #ttcore<runtime_tensor_sharding shard_status = <unsharded>, local_shape = tensor<5120x5120xf32>>} loc("p9.20")) -> (tensor<5120x5120xf32, #ttnn_layout2> {ttcore.runtime_tensor_sharding = #ttcore<runtime_tensor_sharding shard_status = <unsharded>, local_shape = tensor<5120x5120xf32>>}) attributes {tt.function_type = "forward_device"} {
        %0 = ttcore.load_cached(@main_const_eval_0, []) : () -> tensor<1x1xf32, #ttnn_layout> loc(#loc)
        %1 = "ttnn.to_layout"(%arg9) <{layout = #ttnn.layout<tile>}> : (tensor<5120x5120xf32, #ttnn_layout1>) -> tensor<5120x5120xf32, #ttnn_layout2> loc(#loc11)
        "ttnn.deallocate"(%arg9) <{force = false}> : (tensor<5120x5120xf32, #ttnn_layout1>) -> () loc(#loc11)
        %2 = "ttnn.to_layout"(%arg8) <{layout = #ttnn.layout<tile>}> : (tensor<5120x5120xf32, #ttnn_layout1>) -> tensor<5120x5120xf32, #ttnn_layout2> loc(#loc12)
        "ttnn.deallocate"(%arg8) <{force = false}> : (tensor<5120x5120xf32, #ttnn_layout1>) -> () loc(#loc12)
        %3 = "ttnn.add"(%1, %2) <{dtype = #ttcore.supportedDataTypes<f32>}> : (tensor<5120x5120xf32, #ttnn_layout2>, tensor<5120x5120xf32, #ttnn_layout2>) -> tensor<5120x5120xf32, #ttnn_layout2> loc(#loc13)
        "ttnn.deallocate"(%2) <{force = false}> : (tensor<5120x5120xf32, #ttnn_layout2>) -> () loc(#loc13)
        "ttnn.deallocate"(%1) <{force = false}> : (tensor<5120x5120xf32, #ttnn_layout2>) -> () loc(#loc13)
        %4 = "ttnn.to_layout"(%arg7) <{layout = #ttnn.layout<tile>}> : (tensor<5120x5120xf32, #ttnn_layout1>) -> tensor<5120x5120xf32, #ttnn_layout2> loc(#loc14)
        "ttnn.deallocate"(%arg7) <{force = false}> : (tensor<5120x5120xf32, #ttnn_layout1>) -> () loc(#loc14)
        %5 = "ttnn.add"(%3, %4) <{dtype = #ttcore.supportedDataTypes<f32>}> : (tensor<5120x5120xf32, #ttnn_layout2>, tensor<5120x5120xf32, #ttnn_layout2>) -> tensor<5120x5120xf32, #ttnn_layout2> loc(#loc15)
        "ttnn.deallocate"(%4) <{force = false}> : (tensor<5120x5120xf32, #ttnn_layout2>) -> () loc(#loc15)
        "ttnn.deallocate"(%3) <{force = false}> : (tensor<5120x5120xf32, #ttnn_layout2>) -> () loc(#loc15)
        %6 = "ttnn.to_layout"(%arg6) <{layout = #ttnn.layout<tile>}> : (tensor<5120x5120xf32, #ttnn_layout1>) -> tensor<5120x5120xf32, #ttnn_layout2> loc(#loc16)
        "ttnn.deallocate"(%arg6) <{force = false}> : (tensor<5120x5120xf32, #ttnn_layout1>) -> () loc(#loc16)
        %7 = "ttnn.add"(%5, %6) <{dtype = #ttcore.supportedDataTypes<f32>}> : (tensor<5120x5120xf32, #ttnn_layout2>, tensor<5120x5120xf32, #ttnn_layout2>) -> tensor<5120x5120xf32, #ttnn_layout2> loc(#loc17)
        "ttnn.deallocate"(%6) <{force = false}> : (tensor<5120x5120xf32, #ttnn_layout2>) -> () loc(#loc17)
        "ttnn.deallocate"(%5) <{force = false}> : (tensor<5120x5120xf32, #ttnn_layout2>) -> () loc(#loc17)
        %8 = "ttnn.to_layout"(%arg5) <{layout = #ttnn.layout<tile>}> : (tensor<5120x5120xf32, #ttnn_layout1>) -> tensor<5120x5120xf32, #ttnn_layout2> loc(#loc18)
        "ttnn.deallocate"(%arg5) <{force = false}> : (tensor<5120x5120xf32, #ttnn_layout1>) -> () loc(#loc18)
        %9 = "ttnn.add"(%7, %8) <{dtype = #ttcore.supportedDataTypes<f32>}> : (tensor<5120x5120xf32, #ttnn_layout2>, tensor<5120x5120xf32, #ttnn_layout2>) -> tensor<5120x5120xf32, #ttnn_layout2> loc(#loc19)
        "ttnn.deallocate"(%8) <{force = false}> : (tensor<5120x5120xf32, #ttnn_layout2>) -> () loc(#loc19)
        "ttnn.deallocate"(%7) <{force = false}> : (tensor<5120x5120xf32, #ttnn_layout2>) -> () loc(#loc19)
        %10 = "ttnn.to_layout"(%arg4) <{layout = #ttnn.layout<tile>}> : (tensor<5120x5120xf32, #ttnn_layout1>) -> tensor<5120x5120xf32, #ttnn_layout2> loc(#loc20)
        "ttnn.deallocate"(%arg4) <{force = false}> : (tensor<5120x5120xf32, #ttnn_layout1>) -> () loc(#loc20)
        %11 = "ttnn.add"(%9, %10) <{dtype = #ttcore.supportedDataTypes<f32>}> : (tensor<5120x5120xf32, #ttnn_layout2>, tensor<5120x5120xf32, #ttnn_layout2>) -> tensor<5120x5120xf32, #ttnn_layout2> loc(#loc21)
        "ttnn.deallocate"(%10) <{force = false}> : (tensor<5120x5120xf32, #ttnn_layout2>) -> () loc(#loc21)
        "ttnn.deallocate"(%9) <{force = false}> : (tensor<5120x5120xf32, #ttnn_layout2>) -> () loc(#loc21)
        %12 = "ttnn.to_layout"(%arg3) <{layout = #ttnn.layout<tile>}> : (tensor<5120x5120xf32, #ttnn_layout1>) -> tensor<5120x5120xf32, #ttnn_layout2> loc(#loc22)
        "ttnn.deallocate"(%arg3) <{force = false}> : (tensor<5120x5120xf32, #ttnn_layout1>) -> () loc(#loc22)
        %13 = "ttnn.add"(%11, %12) <{dtype = #ttcore.supportedDataTypes<f32>}> : (tensor<5120x5120xf32, #ttnn_layout2>, tensor<5120x5120xf32, #ttnn_layout2>) -> tensor<5120x5120xf32, #ttnn_layout2> loc(#loc23)
        "ttnn.deallocate"(%12) <{force = false}> : (tensor<5120x5120xf32, #ttnn_layout2>) -> () loc(#loc23)
        "ttnn.deallocate"(%11) <{force = false}> : (tensor<5120x5120xf32, #ttnn_layout2>) -> () loc(#loc23)
        %14 = "ttnn.to_layout"(%arg2) <{layout = #ttnn.layout<tile>}> : (tensor<5120x5120xf32, #ttnn_layout1>) -> tensor<5120x5120xf32, #ttnn_layout2> loc(#loc24)
        "ttnn.deallocate"(%arg2) <{force = false}> : (tensor<5120x5120xf32, #ttnn_layout1>) -> () loc(#loc24)
        %15 = "ttnn.add"(%13, %14) <{dtype = #ttcore.supportedDataTypes<f32>}> : (tensor<5120x5120xf32, #ttnn_layout2>, tensor<5120x5120xf32, #ttnn_layout2>) -> tensor<5120x5120xf32, #ttnn_layout2> loc(#loc25)
        "ttnn.deallocate"(%14) <{force = false}> : (tensor<5120x5120xf32, #ttnn_layout2>) -> () loc(#loc25)
        "ttnn.deallocate"(%13) <{force = false}> : (tensor<5120x5120xf32, #ttnn_layout2>) -> () loc(#loc25)
        %16 = "ttnn.to_layout"(%arg1) <{layout = #ttnn.layout<tile>}> : (tensor<5120x5120xf32, #ttnn_layout1>) -> tensor<5120x5120xf32, #ttnn_layout2> loc(#loc26)
        "ttnn.deallocate"(%arg1) <{force = false}> : (tensor<5120x5120xf32, #ttnn_layout1>) -> () loc(#loc26)
        %17 = "ttnn.add"(%15, %16) <{dtype = #ttcore.supportedDataTypes<f32>}> : (tensor<5120x5120xf32, #ttnn_layout2>, tensor<5120x5120xf32, #ttnn_layout2>) -> tensor<5120x5120xf32, #ttnn_layout2> loc(#loc27)
        "ttnn.deallocate"(%16) <{force = false}> : (tensor<5120x5120xf32, #ttnn_layout2>) -> () loc(#loc27)
        "ttnn.deallocate"(%15) <{force = false}> : (tensor<5120x5120xf32, #ttnn_layout2>) -> () loc(#loc27)
        %18 = "ttnn.to_layout"(%arg0) <{layout = #ttnn.layout<tile>}> : (tensor<5120x5120xf32, #ttnn_layout1>) -> tensor<5120x5120xf32, #ttnn_layout2> loc(#loc28)
        "ttnn.deallocate"(%arg0) <{force = false}> : (tensor<5120x5120xf32, #ttnn_layout1>) -> () loc(#loc28)
        %19 = "ttnn.add"(%17, %18) <{dtype = #ttcore.supportedDataTypes<f32>}> : (tensor<5120x5120xf32, #ttnn_layout2>, tensor<5120x5120xf32, #ttnn_layout2>) -> tensor<5120x5120xf32, #ttnn_layout2> loc(#loc29)
        "ttnn.deallocate"(%18) <{force = false}> : (tensor<5120x5120xf32, #ttnn_layout2>) -> () loc(#loc29)
        "ttnn.deallocate"(%17) <{force = false}> : (tensor<5120x5120xf32, #ttnn_layout2>) -> () loc(#loc29)
        %20 = "ttnn.multiply"(%19, %0) <{dtype = #ttcore.supportedDataTypes<f32>}> : (tensor<5120x5120xf32, #ttnn_layout2>, tensor<1x1xf32, #ttnn_layout>) -> tensor<5120x5120xf32, #ttnn_layout2> loc(#loc30)
        "ttnn.deallocate"(%19) <{force = false}> : (tensor<5120x5120xf32, #ttnn_layout2>) -> () loc(#loc30)
        "ttnn.deallocate"(%0) <{force = false}> : (tensor<1x1xf32, #ttnn_layout>) -> () loc(#loc30)
        return %20 : tensor<5120x5120xf32, #ttnn_layout2> loc(#loc)
      } loc(#loc)
    } loc(#loc)
  } loc(#loc)
} loc(#loc)
#loc = loc(unknown)
#loc11 = loc("add.23_in_0_layout")
#loc12 = loc("add.23_in_1_layout")
#loc13 = loc("add.23")
#loc14 = loc("add.26_in_1_layout")
#loc15 = loc("add.26")
#loc16 = loc("add.29_in_1_layout")
#loc17 = loc("add.29")
#loc18 = loc("add.32_in_1_layout")
#loc19 = loc("add.32")
#loc20 = loc("add.35_in_1_layout")
#loc21 = loc("add.35")
#loc22 = loc("add.38_in_1_layout")
#loc23 = loc("add.38")
#loc24 = loc("add.41_in_1_layout")
#loc25 = loc("add.41")
#loc26 = loc("add.44_in_1_layout")
#loc27 = loc("add.44")
#loc28 = loc("add.47_in_1_layout")
#loc29 = loc("add.47")
#loc30 = loc("multiply.49")
------------------ END OF MLIR MODULE ------------------
2026-03-02 22:10:13.474 (  12.012s) [        9EDC3000]loaded_executable_insta:261      1| LoadedExecutableInstance::PJRT_LoadedExecutable_GetExecutable
2026-03-02 22:10:13.474 (  12.012s) [        9EDC3000]loaded_executable_insta:281      1| LoadedExecutableInstance::PJRT_LoadedExecutable_AddressableDevices
2026-03-02 22:10:13.476 (  12.013s) [        9EDC3000]              stubs.inc:80    WARN| STUB: PJRT_Executable_GetCompiledMemoryStats
2026-03-02 22:10:13.476 (  12.013s) [        9EDC3000]      error_instance.cc:52       1| ErrorInstance::PJRT_Error_Message
2026-03-02 22:10:13.476 (  12.013s) [        9EDC3000]      error_instance.cc:61       1| ErrorInstance::PJRT_Error_GetCode
2026-03-02 22:10:13.476 (  12.013s) [        9EDC3000]      error_instance.cc:46       1| ErrorInstance::PJRT_Error_Destroy
2026-03-02 22:10:13.476 (  12.013s) [        9EDC3000] executable_instance.cc:116      1| ExecutableInstance::PJRT_Executable_OptimizedProgram
2026-03-02 22:10:13.476 (  12.013s) [        9EDC3000] executable_instance.cc:116      1| ExecutableInstance::PJRT_Executable_OptimizedProgram
2026-03-02 22:10:13.524 (  12.062s) [        9EDC3000] executable_instance.cc:116      1| ExecutableInstance::PJRT_Executable_OptimizedProgram
2026-03-02 22:10:13.524 (  12.062s) [        9EDC3000] executable_instance.cc:116      1| ExecutableInstance::PJRT_Executable_OptimizedProgram
2026-03-02 22:10:13.579 (  12.116s) [        D97FA640]     device_instance.cc:58       1| DeviceInstance::PJRT_Device_IsAddressable
2026-03-02 22:10:13.579 (  12.116s) [        D97FA640]     buffer_instance.cc:574      1| BufferInstance::PJRT_Buffer_Device
2026-03-02 22:10:13.579 (  12.116s) [        D97FA640]     buffer_instance.cc:574      1| BufferInstance::PJRT_Buffer_Device
2026-03-02 22:10:13.579 (  12.116s) [        D97FA640]     buffer_instance.cc:574      1| BufferInstance::PJRT_Buffer_Device
2026-03-02 22:10:13.579 (  12.116s) [        D97FA640]     buffer_instance.cc:574      1| BufferInstance::PJRT_Buffer_Device
2026-03-02 22:10:13.579 (  12.116s) [        D97FA640]     buffer_instance.cc:574      1| BufferInstance::PJRT_Buffer_Device
2026-03-02 22:10:13.579 (  12.116s) [        D97FA640]     buffer_instance.cc:574      1| BufferInstance::PJRT_Buffer_Device
2026-03-02 22:10:13.579 (  12.116s) [        D97FA640]     buffer_instance.cc:574      1| BufferInstance::PJRT_Buffer_Device
2026-03-02 22:10:13.579 (  12.116s) [        D97FA640]     buffer_instance.cc:574      1| BufferInstance::PJRT_Buffer_Device
2026-03-02 22:10:13.579 (  12.116s) [        D97FA640]     buffer_instance.cc:574      1| BufferInstance::PJRT_Buffer_Device
2026-03-02 22:10:13.579 (  12.116s) [        D97FA640]     buffer_instance.cc:574      1| BufferInstance::PJRT_Buffer_Device
2026-03-02 22:10:13.579 (  12.116s) [        D97FA640] executable_instance.cc:154      1| ExecutableInstance::PJRT_Executable_NumOutputs
2026-03-02 22:10:13.579 (  12.116s) [        D97FA640]loaded_executable_insta:320      1| LoadedExecutableInstance::PJRT_LoadedExecutable_Execute
2026-03-02 22:10:13.579 (  12.116s) [        D97FA640]flatbuffer_loaded_execu:194      1| FlatbufferLoadedExecutableInstance::Execute
2026-03-02 22:10:13.579 (  12.116s) [        D97FA640]     client_instance.cc:480      1| ClientInstance::getOrCreateMeshDevice - reshaping mesh device - [1, 2] -> [1, 1]
2026-03-02 22:10:13.579 (  12.116s) [        D97FA640]         tensor_pool.cc:92       1| Moving tensors to host.
2026-03-02 22:10:13.580 (  12.117s) [        D97FA640]     client_instance.cc:554      1| Closing parent mesh.

======================================================================
Memory Snapshot: After computation and sync
PID: 478623
======================================================================
RSS (Physical Memory): 2537.68 MB
VMS (Virtual Memory):  24389.10 MB

Anonymous mmap regions (>1MB): 630
Total anonymous mmap size: 20047.84 MB

Largest regions:
  1. 720e457f6000-720e84000000: 1000.04 MB (rw-p)
  2. 720efc800000-720f14800000: 384.00 MB (rw-p)
  3. 101f8000-1bdd2000: 187.85 MB (rw-p)
  4. 720f7ee00000-720f84e00000: 96.00 MB (rw-p)
  5. 720f86000000-720f8a000000: 64.00 MB (rw-p)
======================================================================

2026-03-02 22:10:13.707 (  12.245s) [        D97FA640]     client_instance.cc:520      1| ClientInstance::openMeshDevice - setting fabric config: DISABLED
2026-03-02 22:10:18.649 (  17.187s) [        D97FA640]flatbuffer_loaded_execu:124      1| Filled output at output_index 0 device_index 0 with shape [5120, 5120] and UID 10
2026-03-02 22:10:18.649 (  17.187s) [        D97FA640]      event_instance.cc:203      1| EventInstance::PJRT_Event_OnReady
2026-03-02 22:10:18.649 (  17.187s) [        D97FA640]      event_instance.cc:148      1| EventInstance::PJRT_Event_Destroy
2026-03-02 22:10:18.649 (  17.187s) [        D97FA640]     buffer_instance.cc:439      1| BufferInstance::PJRT_Buffer_Dimensions
2026-03-02 22:10:18.650 (  17.187s) [        D97FA640]     buffer_instance.cc:464      1| BufferInstance::PJRT_Buffer_DynamicDimensionIndices
2026-03-02 22:10:18.650 (  17.187s) [        D97FA640]     buffer_instance.cc:439      1| BufferInstance::PJRT_Buffer_Dimensions
2026-03-02 22:10:18.650 (  17.187s) [        D97FA640]     buffer_instance.cc:430      1| BufferInstance::PJRT_Buffer_ElementType
2026-03-02 22:10:18.650 (  17.187s) [        9EDC3000]     buffer_instance.cc:516      1| BufferInstance::PJRT_Buffer_IsDeleted
2026-03-02 22:10:18.650 (  17.187s) [        9EDC3000]     buffer_instance.cc:451      1| BufferInstance::PJRT_Buffer_UnpaddedDimensions
2026-03-02 22:10:18.650 (  17.187s) [        9EDC3000]     buffer_instance.cc:430      1| BufferInstance::PJRT_Buffer_ElementType
2026-03-02 22:10:18.650 (  17.187s) [        9EDC3000]     buffer_instance.cc:439      1| BufferInstance::PJRT_Buffer_Dimensions
2026-03-02 22:10:18.650 (  17.188s) [        9EDC3000]     buffer_instance.cc:475      1| BufferInstance::PJRT_Buffer_ToHostBuffer
2026-03-02 22:10:18.650 (  17.188s) [        9EDC3000]      event_instance.cc:203      1| EventInstance::PJRT_Event_OnReady
2026-03-02 22:10:19.644 (  18.181s) [        E17DD640]      event_instance.cc:148      1| EventInstance::PJRT_Event_Destroy
2026-03-02 22:10:19.747 (  18.285s) [        9EDC3000]     buffer_instance.cc:421      1| BufferInstance::PJRT_Buffer_Destroy
2026-03-02 22:10:19.761 (  18.298s) [        9EDC3000]     buffer_instance.cc:421      1| BufferInstance::PJRT_Buffer_Destroy
2026-03-02 22:10:19.774 (  18.312s) [        9EDC3000]     buffer_instance.cc:421      1| BufferInstance::PJRT_Buffer_Destroy
2026-03-02 22:10:19.788 (  18.325s) [        9EDC3000]     buffer_instance.cc:421      1| BufferInstance::PJRT_Buffer_Destroy
2026-03-02 22:10:19.801 (  18.338s) [        9EDC3000]     buffer_instance.cc:421      1| BufferInstance::PJRT_Buffer_Destroy
2026-03-02 22:10:19.813 (  18.351s) [        9EDC3000]     buffer_instance.cc:421      1| BufferInstance::PJRT_Buffer_Destroy
2026-03-02 22:10:19.826 (  18.363s) [        9EDC3000]     buffer_instance.cc:421      1| BufferInstance::PJRT_Buffer_Destroy
2026-03-02 22:10:19.839 (  18.376s) [        9EDC3000]     buffer_instance.cc:421      1| BufferInstance::PJRT_Buffer_Destroy
2026-03-02 22:10:19.851 (  18.388s) [        9EDC3000]     buffer_instance.cc:421      1| BufferInstance::PJRT_Buffer_Destroy
2026-03-02 22:10:19.863 (  18.400s) [        9EDC3000]     buffer_instance.cc:421      1| BufferInstance::PJRT_Buffer_Destroy
2026-03-02 22:10:19.889 (  18.427s) [        9EDC3000]     buffer_instance.cc:421      1| BufferInstance::PJRT_Buffer_Destroy

Moving result back to CPU for verification...

======================================================================
Computation Verification
======================================================================
Expected value (per element): 137.5
Actual value (at [0,0]): 137.5
✓ Computation result is CORRECT!

======================================================================
Memory Usage Summary - TT Device with PJRT mmap
======================================================================
Initial RSS (CPU):        2243.99 MB
After to(device):         2438.64 MB (+194.65 MB)
After computation:        2537.68 MB (+99.04 MB)

Key observations:
  - Model size: 1000.00 MB
  - Memory increase from to(device): 194.65 MB
    (Should be close to 1000.00 MB for mmap'd buffers)
  - Each parameter triggered BufferInstance::copyFromHost in PJRT
  - Each copyFromHost created an mmap'd buffer (check debug logs)
  - Anonymous mmap regions above should show ~1000.00 MB total

How to correlate with PJRT logs:
  1. Set TTXLA_LOGGER_LEVEL=DEBUG before running
  2. Look for 'BufferInstance[UID=*]::copyFromHost - Mmap created at address 0x...'
  3. Match those addresses with the anonymous mmap regions shown above
  4. Verify each parameter has its own mmap region
======================================================================

PASSED

=============================== warnings summary ===============================
memory_experiment.py::test_large_parameter_model_tt_device
  /localdev/jameszianxu/tt-xla/memory_experiment.py:691: DeprecationWarning: Use torch_xla.device instead
    device = xm.xla_device()

memory_experiment.py::test_large_parameter_model_tt_device
  /localdev/jameszianxu/tt-xla/venv/lib/python3.12/site-packages/_pytest/python.py:170: PytestReturnNotNoneWarning: Test functions should return None, but memory_experiment.py::test_large_parameter_model_tt_device returned <class 'torch.Tensor'>.
  Did you mean to use `assert` instead of `return`?
  See https://docs.pytest.org/en/stable/how-to/assert.html#return-not-none for more information.
    warnings.warn(

-- Docs: https://docs.pytest.org/en/stable/how-to/capture-warnings.html
======================== 1 passed, 2 warnings in 27.29s ========================
2026-03-02 22:10:20.829 (  19.366s) [        9EDC3000]  device_description.cc:67       1| DeviceDescription::PJRT_DeviceDescription_Id
2026-03-02 22:10:20.829 (  19.366s) [        9EDC3000]  device_description.cc:67       1| DeviceDescription::PJRT_DeviceDescription_Id
2026-03-02 22:10:20.829 (  19.366s) [        9EDC3000]  device_description.cc:67       1| DeviceDescription::PJRT_DeviceDescription_Id
2026-03-02 22:10:20.829 (  19.366s) [        9EDC3000]  device_description.cc:67       1| DeviceDescription::PJRT_DeviceDescription_Id
2026-03-02 22:10:21.854 (  20.392s) [        9EDC3000]     client_instance.cc:256      1| ClientInstance::~ClientInstance
2026-03-02 22:10:21.854 (  20.392s) [        9EDC3000]     client_instance.cc:554      1| Closing parent mesh.
