WARNING:root:Defaulting to PJRT_DEVICE=CPU
WARNING:2025-11-21 20:20:16,451:jax._src.xla_bridge:893: Platform 'tt' is experimental and not all JAX functionality may be correctly supported!
WARNING:jax._src.xla_bridge:Platform 'tt' is experimental and not all JAX functionality may be correctly supported!
2025-11-21 20:20:16.451 (   0.022s) [         5006000]   plugin_attributes.cc:58       1| PluginAttributes::PJRT_Plugin_Initialize
2025-11-21 20:20:16.452 (   0.022s) [         5006000]     client_instance.cc:609      1| ClientInstance::PJRT_Client_Create
2025-11-21 20:20:16.464 (   0.035s) [         5006000]     client_instance.cc:152      1| ClientInstance::ClientInstance
2025-11-21 20:20:16.465 (   0.035s) [         5006000]     client_instance.cc:179      1| ClientInstance::Initialize
2025-11-21 20:20:17.086 (   0.657s) [         5006000]              stubs.inc:103   WARN| STUB: PJRT_Client_TopologyDescription
2025-11-21 20:20:17.086 (   0.657s) [         5006000]      error_instance.cc:61       1| ErrorInstance::PJRT_Error_GetCode
2025-11-21 20:20:17.086 (   0.657s) [         5006000]      error_instance.cc:52       1| ErrorInstance::PJRT_Error_Message
2025-11-21 20:20:17.086 (   0.657s) [         5006000]      error_instance.cc:46       1| ErrorInstance::PJRT_Error_Destroy
2025-11-21 20:20:17.086 (   0.657s) [         5006000]     client_instance.cc:663      1| ClientInstance::PJRT_Client_PlatformVersion
2025-11-21 20:20:17.086 (   0.657s) [         5006000]     client_instance.cc:644      1| ClientInstance::PJRT_Client_PlatformName
2025-11-21 20:20:17.086 (   0.657s) [         5006000]     client_instance.cc:674      1| ClientInstance::PJRT_Client_Devices
2025-11-21 20:20:17.086 (   0.657s) [         5006000]     device_instance.cc:44       1| DeviceInstance::PJRT_Device_GetDescription
2025-11-21 20:20:17.086 (   0.657s) [         5006000]  device_description.cc:63       1| DeviceDescription::PJRT_DeviceDescription_Attributes
2025-11-21 20:20:17.086 (   0.657s) [         5006000]     device_instance.cc:44       1| DeviceInstance::PJRT_Device_GetDescription
2025-11-21 20:20:17.086 (   0.657s) [         5006000]  device_description.cc:63       1| DeviceDescription::PJRT_DeviceDescription_Attributes
2025-11-21 20:20:17.086 (   0.657s) [         5006000]     client_instance.cc:687      1| ClientInstance::PJRT_Client_AddressableDevices
2025-11-21 20:20:17.086 (   0.657s) [         5006000]     client_instance.cc:737      1| ClientInstance::PJRT_Client_AddressableMemories
2025-11-21 20:20:17.086 (   0.657s) [         5006000]     device_instance.cc:71       1| DeviceInstance::PJRT_Device_AddressableMemories
2025-11-21 20:20:17.086 (   0.657s) [         5006000]     device_instance.cc:71       1| DeviceInstance::PJRT_Device_AddressableMemories
2025-11-21 20:20:17.086 (   0.657s) [         5006000]     memory_instance.cc:124      1| MemoryInstance::PJRT_Memory_AddressableByDevices
2025-11-21 20:20:17.086 (   0.657s) [         5006000]     memory_instance.cc:124      1| MemoryInstance::PJRT_Memory_AddressableByDevices
2025-11-21 20:20:17.086 (   0.657s) [         5006000]     memory_instance.cc:124      1| MemoryInstance::PJRT_Memory_AddressableByDevices
2025-11-21 20:20:17.086 (   0.657s) [         5006000]   plugin_attributes.cc:64       1| PluginAttributes::PJRT_Plugin_Attributes
2025-11-21 20:20:17.087 (   0.657s) [         5006000]     device_instance.cc:53       1| DeviceInstance::PJRT_Device_IsAddressable
2025-11-21 20:20:17.087 (   0.657s) [         5006000]  device_description.cc:53       1| DeviceDescription::PJRT_DeviceDescription_ProcessIndex
2025-11-21 20:20:17.087 (   0.657s) [         5006000]  device_description.cc:53       1| DeviceDescription::PJRT_DeviceDescription_ProcessIndex
2025-11-21 20:20:17.087 (   0.657s) [         5006000]     device_instance.cc:53       1| DeviceInstance::PJRT_Device_IsAddressable
2025-11-21 20:20:17.087 (   0.657s) [         5006000]  device_description.cc:53       1| DeviceDescription::PJRT_DeviceDescription_ProcessIndex
2025-11-21 20:20:17.087 (   0.657s) [         5006000]  device_description.cc:53       1| DeviceDescription::PJRT_DeviceDescription_ProcessIndex
2025-11-21 20:20:17.087 (   0.658s) [         5006000]  device_description.cc:44       1| DeviceDescription::PJRT_DeviceDescription_Id
2025-11-21 20:20:17.087 (   0.658s) [         5006000]  device_description.cc:53       1| DeviceDescription::PJRT_DeviceDescription_ProcessIndex
2025-11-21 20:20:17.087 (   0.658s) [         5006000]  device_description.cc:44       1| DeviceDescription::PJRT_DeviceDescription_Id
2025-11-21 20:20:17.087 (   0.658s) [         5006000]  device_description.cc:53       1| DeviceDescription::PJRT_DeviceDescription_ProcessIndex
2025-11-21 20:20:17.087 (   0.658s) [         5006000]     client_instance.cc:700      1| ClientInstance::PJRT_Client_LookupDevice
2025-11-21 20:20:17.087 (   0.658s) [         5006000]     device_instance.cc:61       1| DeviceInstance::PJRT_Device_LocalHardwareId
2025-11-21 20:20:17.087 (   0.658s) [         5006000]  device_description.cc:73       1| DeviceDescription::PJRT_DeviceDescription_Kind
2025-11-21 20:20:17.087 (   0.658s) [         5006000]  device_description.cc:99       1| DeviceDescription::PJRT_DeviceDescription_ToString
2025-11-21 20:20:17.087 (   0.658s) [         5006000]  device_description.cc:86       1| DeviceDescription::PJRT_DeviceDescription_DebugString
2025-11-21 20:20:17.087 (   0.658s) [         5006000]     client_instance.cc:700      1| ClientInstance::PJRT_Client_LookupDevice
2025-11-21 20:20:17.087 (   0.658s) [         5006000]     device_instance.cc:61       1| DeviceInstance::PJRT_Device_LocalHardwareId
2025-11-21 20:20:17.087 (   0.658s) [         5006000]  device_description.cc:73       1| DeviceDescription::PJRT_DeviceDescription_Kind
2025-11-21 20:20:17.087 (   0.658s) [         5006000]  device_description.cc:99       1| DeviceDescription::PJRT_DeviceDescription_ToString
2025-11-21 20:20:17.087 (   0.658s) [         5006000]  device_description.cc:86       1| DeviceDescription::PJRT_DeviceDescription_DebugString
2025-11-21 20:20:17.087 (   0.658s) [         5006000]     client_instance.cc:700      1| ClientInstance::PJRT_Client_LookupDevice
2025-11-21 20:20:17.087 (   0.658s) [         5006000]     client_instance.cc:700      1| ClientInstance::PJRT_Client_LookupDevice
2025-11-21 20:20:17.087 (   0.658s) [         5006000]     memory_instance.cc:84       1| MemoryInstance::PJRT_Memory_Kind
2025-11-21 20:20:17.087 (   0.658s) [         5006000]     memory_instance.cc:84       1| MemoryInstance::PJRT_Memory_Kind
2025-11-21 20:20:17.087 (   0.658s) [         5006000]     memory_instance.cc:84       1| MemoryInstance::PJRT_Memory_Kind
2025-11-21 20:20:17.087 (   0.658s) [         5006000]     device_instance.cc:82       1| DeviceInstance::PJRT_Device_DefaultMemory
2025-11-21 20:20:17.087 (   0.658s) [         5006000]     device_instance.cc:82       1| DeviceInstance::PJRT_Device_DefaultMemory
2025-11-21 20:20:17.323 (   0.894s) [         5006000]              stubs.inc:22    WARN| STUB: PJRT_Device_MemoryStats
2025-11-21 20:20:17.324 (   0.894s) [         5006000]      error_instance.cc:61       1| ErrorInstance::PJRT_Error_GetCode
2025-11-21 20:20:17.324 (   0.894s) [         5006000]      error_instance.cc:52       1| ErrorInstance::PJRT_Error_Message
2025-11-21 20:20:17.324 (   0.894s) [         5006000]      error_instance.cc:46       1| ErrorInstance::PJRT_Error_Destroy
2025-11-21 20:20:17.325 (   0.896s) [         5006000]     client_instance.cc:750      1| ClientInstance::PJRT_Client_Compile
2025-11-21 20:20:17.325 (   0.896s) [         5006000]      module_builder.cc:229      1| ModuleBuilder::buildModule
2025-11-21 20:20:17.327 (   0.897s) [         5006000]      module_builder.cc:988      1| MLIR Module vhlo:
#loc1 = loc("self")
module @jit__multi_slice attributes {mhlo.num_partitions = 1 : i32, mhlo.num_replicas = 1 : i32} {
  vhlo.func_v1 @main(%arg0: !vhlo.tensor_v1<4x4x!vhlo.f32_v1> loc("self")) -> (!vhlo.tensor_v1<2x4x!vhlo.f32_v1>, !vhlo.tensor_v1<2x4x!vhlo.f32_v1>) {
    %0 = "vhlo.slice_v1"(%arg0) <{limit_indices = #vhlo.tensor_v1<dense<[2, 4]> : tensor<2xi64>>, start_indices = #vhlo.tensor_v1<dense<0> : tensor<2xi64>>, strides = #vhlo.tensor_v1<dense<1> : tensor<2xi64>>}> : (!vhlo.tensor_v1<4x4x!vhlo.f32_v1>) -> !vhlo.tensor_v1<2x4x!vhlo.f32_v1> loc(#loc4)
    %1 = "vhlo.slice_v1"(%arg0) <{limit_indices = #vhlo.tensor_v1<dense<4> : tensor<2xi64>>, start_indices = #vhlo.tensor_v1<dense<[2, 0]> : tensor<2xi64>>, strides = #vhlo.tensor_v1<dense<1> : tensor<2xi64>>}> : (!vhlo.tensor_v1<4x4x!vhlo.f32_v1>) -> !vhlo.tensor_v1<2x4x!vhlo.f32_v1> loc(#loc4)
    "vhlo.return_v1"(%0, %1) : (!vhlo.tensor_v1<2x4x!vhlo.f32_v1>, !vhlo.tensor_v1<2x4x!vhlo.f32_v1>) -> () loc(#loc)
  } {arg_attrs = #vhlo.array_v1<[#vhlo.dict_v1<{}>]>, res_attrs = #vhlo.array_v1<[#vhlo.dict_v1<{#vhlo.string_v1<"jax.result_info"> = #vhlo.string_v1<"result[0]">}>, #vhlo.dict_v1<{#vhlo.string_v1<"jax.result_info"> = #vhlo.string_v1<"result[1]">}>]>, sym_visibility = #vhlo.string_v1<"public">} loc(#loc)
} loc(#loc)
#loc = loc(unknown)
#loc2 = loc("/localdev/jameszianxu/tt-xla/jax_repro.py":29:7 to :68)
#loc3 = loc("<module>"(#loc2))
#loc4 = loc("jit(_multi_slice)/slice"(#loc3))
------------------ END OF MLIR MODULE ------------------
2025-11-21 20:20:17.330 (   0.901s) [         5006000]      module_builder.cc:988      1| MLIR Module shlo:
#loc1 = loc("self")
module @jit__multi_slice attributes {mhlo.num_partitions = 1 : i32, mhlo.num_replicas = 1 : i32} {
  func.func public @main(%arg0: tensor<4x4xf32> loc("self")) -> (tensor<2x4xf32> {jax.result_info = "result[0]"}, tensor<2x4xf32> {jax.result_info = "result[1]"}) {
    %0 = stablehlo.slice %arg0 [0:2, 0:4] : (tensor<4x4xf32>) -> tensor<2x4xf32> loc(#loc4)
    %1 = stablehlo.slice %arg0 [2:4, 0:4] : (tensor<4x4xf32>) -> tensor<2x4xf32> loc(#loc4)
    return %0, %1 : tensor<2x4xf32>, tensor<2x4xf32> loc(#loc)
  } loc(#loc)
} loc(#loc)
#loc = loc(unknown)
#loc2 = loc("/localdev/jameszianxu/tt-xla/jax_repro.py":29:7 to :68)
#loc3 = loc("<module>"(#loc2))
#loc4 = loc("jit(_multi_slice)/slice"(#loc3))
------------------ END OF MLIR MODULE ------------------
2025-11-21 20:20:17.331 (   0.902s) [         5006000]      module_builder.cc:988      1| MLIR Module shlo_frontend:
#loc1 = loc("self")
module @jit__multi_slice attributes {mhlo.num_partitions = 1 : i32, mhlo.num_replicas = 1 : i32} {
  func.func public @main(%arg0: tensor<4x4xf32> {ttcore.argument_type = #ttcore.argument_type<input>} loc("self")) -> (tensor<2x4xf32> {jax.result_info = "result[0]"}, tensor<2x4xf32> {jax.result_info = "result[1]"}) {
    %0 = stablehlo.slice %arg0 [0:2, 0:4] : (tensor<4x4xf32>) -> tensor<2x4xf32> loc(#loc4)
    %1 = stablehlo.slice %arg0 [2:4, 0:4] : (tensor<4x4xf32>) -> tensor<2x4xf32> loc(#loc4)
    return %0, %1 : tensor<2x4xf32>, tensor<2x4xf32> loc(#loc)
  } loc(#loc)
} loc(#loc)
#loc = loc(unknown)
#loc2 = loc("/localdev/jameszianxu/tt-xla/jax_repro.py":29:7 to :68)
#loc3 = loc("<module>"(#loc2))
#loc4 = loc("jit(_multi_slice)/slice"(#loc3))
------------------ END OF MLIR MODULE ------------------
2025-11-21 20:20:17.335 (   0.905s) [         5006000]      module_builder.cc:988      1| MLIR Module shlo_compiler:
#loc1 = loc("self")
module @jit__multi_slice attributes {mhlo.num_partitions = 1 : i32, mhlo.num_replicas = 1 : i32} {
  sdy.mesh @mesh = <["x"=1, "y"=1]> loc(#loc)
  func.func public @main(%arg0: tensor<4x4xf32> {ttcore.argument_type = #ttcore.argument_type<input>, ttcore.shard_status = #ttcore.shard_status<unsharded>} loc("self")) -> (tensor<2x4xf32> {jax.result_info = "result[0]", ttcore.shard_status = #ttcore.shard_status<unsharded>}, tensor<2x4xf32> {jax.result_info = "result[1]", ttcore.shard_status = #ttcore.shard_status<unsharded>}) {
    %0 = stablehlo.slice %arg0 [0:2, 0:4] : (tensor<4x4xf32>) -> tensor<2x4xf32> loc(#loc4)
    %1 = stablehlo.slice %arg0 [2:4, 0:4] : (tensor<4x4xf32>) -> tensor<2x4xf32> loc(#loc4)
    return %0, %1 : tensor<2x4xf32>, tensor<2x4xf32> loc(#loc)
  } loc(#loc)
} loc(#loc)
#loc = loc(unknown)
#loc2 = loc("/localdev/jameszianxu/tt-xla/jax_repro.py":29:7 to :68)
#loc3 = loc("<module>"(#loc2))
#loc4 = loc("jit(_multi_slice)/slice"(#loc3))
------------------ END OF MLIR MODULE ------------------
2025-11-21 20:20:17.336 (   0.907s) [         5006000]      module_builder.cc:988      1| MLIR Module ttir:
#loc1 = loc("self")
module @jit__multi_slice attributes {mhlo.num_partitions = 1 : i32, mhlo.num_replicas = 1 : i32, ttcore.meshes = #ttcore.meshes<[<"mesh" = 1x1>]>} {
  ttcore.device_module {
    builtin.module @jit__multi_slice attributes {mhlo.num_partitions = 1 : i32, mhlo.num_replicas = 1 : i32, ttcore.meshes = #ttcore.meshes<[<"mesh" = 1x1>]>} {
      func.func public @main(%arg0: tensor<4x4xf32> {ttcore.argument_type = #ttcore.argument_type<input>, ttcore.shard_status = #ttcore.shard_status<unsharded>} loc("self")) -> (tensor<2x4xf32> {jax.result_info = "result[0]", ttcore.shard_status = #ttcore.shard_status<unsharded>}, tensor<2x4xf32> {jax.result_info = "result[1]", ttcore.shard_status = #ttcore.shard_status<unsharded>}) {
        %0 = ttir.empty() : tensor<2x4xf32> loc(#loc4)
        %1 = "ttir.slice_static"(%arg0, %0) <{begins = [0 : i32, 0 : i32], ends = [2 : i32, 4 : i32], step = [1 : i32, 1 : i32]}> : (tensor<4x4xf32>, tensor<2x4xf32>) -> tensor<2x4xf32> loc(#loc4)
        %2 = ttir.empty() : tensor<2x4xf32> loc(#loc4)
        %3 = "ttir.slice_static"(%arg0, %2) <{begins = [2 : i32, 0 : i32], ends = [4 : i32, 4 : i32], step = [1 : i32, 1 : i32]}> : (tensor<4x4xf32>, tensor<2x4xf32>) -> tensor<2x4xf32> loc(#loc4)
        return %1, %3 : tensor<2x4xf32>, tensor<2x4xf32> loc(#loc)
      } loc(#loc)
    } loc(#loc)
  } loc(#loc)
} loc(#loc)
#loc = loc(unknown)
#loc2 = loc("/localdev/jameszianxu/tt-xla/jax_repro.py":29:7 to :68)
#loc3 = loc("<module>"(#loc2))
#loc4 = loc("jit(_multi_slice)/slice"(#loc3))
------------------ END OF MLIR MODULE ------------------
2025-11-21 20:20:17.364 (   0.935s) [         5006000]      module_builder.cc:988      1| MLIR Module ttnn:
#dram = #ttnn.buffer_type<dram>
#loc1 = loc("self")
#system_desc = #ttcore.system_desc<[{role = host, target_triple = "x86_64-pc-linux"}], [{arch = <wormhole_b0>, grid = 8x8, coord_translation_offsets = 18x18, l1_size = 1499136, num_dram_channels = 12, dram_channel_size = 1073741824, noc_l1_address_align_bytes = 16, pcie_address_align_bytes = 32, noc_dram_address_align_bytes = 32, l1_unreserved_base = 101952, erisc_l1_unreserved_base = 98304, dram_unreserved_base = 32, dram_unreserved_end = 1073172576, supported_data_types = [<f32>, <f16>, <bf16>, <bfp_f8>, <bfp_bf8>, <bfp_f4>, <bfp_bf4>, <bfp_f2>, <bfp_bf2>, <u32>, <u16>, <u8>, <si32>], supported_tile_sizes = [ 4x16,  16x16,  32x16,  4x32,  16x32,  32x32], dst_physical_size_tiles = 16, num_cbs = 32, num_compute_threads = 1, num_datamovement_threads = 2}, {arch = <wormhole_b0>, grid = 8x8, coord_translation_offsets = 18x18, l1_size = 1499136, num_dram_channels = 12, dram_channel_size = 1073741824, noc_l1_address_align_bytes = 16, pcie_address_align_bytes = 32, noc_dram_address_align_bytes = 32, l1_unreserved_base = 101952, erisc_l1_unreserved_base = 98304, dram_unreserved_base = 32, dram_unreserved_end = 1073181088, supported_data_types = [<f32>, <f16>, <bf16>, <bfp_f8>, <bfp_bf8>, <bfp_f4>, <bfp_bf4>, <bfp_f2>, <bfp_bf2>, <u32>, <u16>, <u8>, <si32>], supported_tile_sizes = [ 4x16,  16x16,  32x16,  4x32,  16x32,  32x32], dst_physical_size_tiles = 16, num_cbs = 32, num_compute_threads = 1, num_datamovement_threads = 2}], [0, 1], [1 : i32, 0 : i32], [ 0x0x0x0]>
#ttnn_layout = #ttnn.ttnn_layout<(d0, d1) -> (d0, d1), <1x1>, memref<1x1x!ttcore.tile<32x32, f32>, #dram>, <interleaved>>
module @jit__multi_slice attributes {mhlo.num_partitions = 1 : i32, mhlo.num_replicas = 1 : i32, ttcore.meshes = #ttcore.meshes<[<"mesh" = 1x1>]>} {
  ttcore.device_module {
    builtin.module @jit__multi_slice attributes {mhlo.num_partitions = 1 : i32, mhlo.num_replicas = 1 : i32, ttcore.meshes = #ttcore.meshes<[<"mesh" = 1x1>]>, ttcore.system_desc = #system_desc} {
      ttcore.device @default_device = <workerGrid = #ttcore.grid<8x8, (d0, d1) -> (0, d0, d1)>, l1Map = (d0, d1, d2)[s0] -> (0, d0, d1, d2 + s0), dramMap = (d0, d1, d2)[s0, s1, s2, s3, s4, s5, s6] -> (0, 0, (((d0 * s1) * (s2 * (s3 * s6)) + d1 * (s2 * (s3 * s6)) + d2) floordiv s4) mod 12, ((((d0 * s1) * (s2 * (s3 * s6)) + d1 * (s2 * (s3 * s6)) + d2) floordiv s4) floordiv 12) * s4 + ((d0 * s1) * (s2 * (s3 * s6)) + d1 * (s2 * (s3 * s6)) + d2) mod s4 + s5), meshShape = 1x1, chipIds = [0]> loc(#loc)
      func.func public @main(%arg0: tensor<4x4xf32, #ttnn_layout> {ttcore.argument_type = #ttcore.argument_type<input>, ttcore.shard_status = #ttcore.shard_status<unsharded>} loc("self")) -> (tensor<2x4xf32, #ttnn_layout> {jax.result_info = "result[0]", ttcore.shard_status = #ttcore.shard_status<unsharded>}, tensor<2x4xf32, #ttnn_layout> {jax.result_info = "result[1]", ttcore.shard_status = #ttcore.shard_status<unsharded>}) {
        %0 = "ttnn.slice_static"(%arg0) <{begins = [0 : i32, 0 : i32], ends = [2 : i32, 4 : i32], step = [1 : i32, 1 : i32]}> : (tensor<4x4xf32, #ttnn_layout>) -> tensor<2x4xf32, #ttnn_layout> loc(#loc4)
        %1 = "ttnn.slice_static"(%arg0) <{begins = [2 : i32, 0 : i32], ends = [4 : i32, 4 : i32], step = [1 : i32, 1 : i32]}> : (tensor<4x4xf32, #ttnn_layout>) -> tensor<2x4xf32, #ttnn_layout> loc(#loc4)
        "ttnn.deallocate"(%arg0) <{force = false}> : (tensor<4x4xf32, #ttnn_layout>) -> () loc(#loc4)
        return %0, %1 : tensor<2x4xf32, #ttnn_layout>, tensor<2x4xf32, #ttnn_layout> loc(#loc)
      } loc(#loc)
    } loc(#loc)
  } loc(#loc)
} loc(#loc)
#loc = loc(unknown)
#loc2 = loc("/localdev/jameszianxu/tt-xla/jax_repro.py":29:7 to :68)
#loc3 = loc("<module>"(#loc2))
#loc4 = loc("jit(_multi_slice)/slice"(#loc3))
------------------ END OF MLIR MODULE ------------------
2025-11-21 20:20:17.371 (   0.942s) [         5006000]loaded_executable_insta:276      1| LoadedExecutableInstance::PJRT_LoadedExecutable_GetExecutable
2025-11-21 20:20:17.371 (   0.942s) [         5006000]loaded_executable_insta:295      1| LoadedExecutableInstance::PJRT_LoadedExecutable_AddressableDevices
2025-11-21 20:20:17.371 (   0.942s) [         5006000] executable_instance.cc:108      1| ExecutableInstance::PJRT_Executable_OptimizedProgram
2025-11-21 20:20:17.371 (   0.942s) [         5006000] executable_instance.cc:108      1| ExecutableInstance::PJRT_Executable_OptimizedProgram
2025-11-21 20:20:17.373 (   0.944s) [         5006000] executable_instance.cc:218      1| ExecutableImage::PJRT_Executable_OutputMemoryKinds
2025-11-21 20:20:17.373 (   0.944s) [         5006000] executable_instance.cc:82       1| ExecutableInstance::PJRT_Executable_NumReplicas
2025-11-21 20:20:17.373 (   0.944s) [         5006000] executable_instance.cc:166      1| ExecutableInstance::PJRT_Executable_Fingerprint
2025-11-21 20:20:17.374 (   0.945s) [         5006000] executable_instance.cc:218      1| ExecutableImage::PJRT_Executable_OutputMemoryKinds
2025-11-21 20:20:17.374 (   0.945s) [         5006000] executable_instance.cc:108      1| ExecutableInstance::PJRT_Executable_OptimizedProgram
2025-11-21 20:20:17.374 (   0.945s) [         5006000] executable_instance.cc:108      1| ExecutableInstance::PJRT_Executable_OptimizedProgram
2025-11-21 20:20:17.376 (   0.947s) [         5006000] executable_instance.cc:108      1| ExecutableInstance::PJRT_Executable_OptimizedProgram
2025-11-21 20:20:17.376 (   0.947s) [         5006000] executable_instance.cc:108      1| ExecutableInstance::PJRT_Executable_OptimizedProgram
2025-11-21 20:20:17.378 (   0.949s) [         5006000]     client_instance.cc:793      1| ClientInstance::PJRT_Client_BufferFromHostBuffer
2025-11-21 20:20:17.378 (   0.949s) [         5006000]     memory_instance.cc:57       1| MemoryInstance::getDevice
2025-11-21 20:20:17.379 (   0.950s) [         5006000]      event_instance.cc:223      1| EventInstance::PJRT_Event_OnReady
2025-11-21 20:20:17.379 (   0.950s) [         5006000]      event_instance.cc:172      1| EventInstance::PJRT_Event_Destroy
2025-11-21 20:20:17.379 (   0.950s) [         5006000]     buffer_instance.cc:535      1| BufferInstance::PJRT_Buffer_Dimensions
2025-11-21 20:20:17.379 (   0.950s) [         5006000]     buffer_instance.cc:672      1| BufferInstance::PJRT_Buffer_Device
2025-11-21 20:20:17.379 (   0.950s) [         5006000]     buffer_instance.cc:680      1| BufferInstance::PJRT_Buffer_Memory
2025-11-21 20:20:17.379 (   0.950s) [         5006000]     memory_instance.cc:84       1| MemoryInstance::PJRT_Memory_Kind
2025-11-21 20:20:17.379 (   0.950s) [         5006000] executable_instance.cc:140      1| ExecutableInstance::PJRT_Executable_NumOutputs
2025-11-21 20:20:17.379 (   0.950s) [         5006000]loaded_executable_insta:331      1| LoadedExecutableInstance::PJRT_LoadedExecutable_Execute
2025-11-21 20:20:17.379 (   0.950s) [         5006000]flatbuffer_loaded_execu:269      1| FlatbufferLoadedExecutableInstance::Execute
2025-11-21 20:20:17.379 (   0.950s) [         5006000]     client_instance.cc:503      1| ClientInstance::getOrCreateMeshDevice - reshaping mesh device - [1, 2] -> [1, 1]
2025-11-21 20:20:17.622 (   1.193s) [         5006000]flatbuffer_loaded_execu:204      1| Filled output at output_index 0 device_index 0 with shape [2, 4] and UID 1
2025-11-21 20:20:17.622 (   1.193s) [         5006000]flatbuffer_loaded_execu:204      1| Filled output at output_index 1 device_index 0 with shape [2, 4] and UID 2
2025-11-21 20:20:17.622 (   1.193s) [         5006000]      event_instance.cc:223      1| EventInstance::PJRT_Event_OnReady
2025-11-21 20:20:17.622 (   1.193s) [         5006000]      event_instance.cc:172      1| EventInstance::PJRT_Event_Destroy
2025-11-21 20:20:17.622 (   1.193s) [         5006000]     buffer_instance.cc:535      1| BufferInstance::PJRT_Buffer_Dimensions
2025-11-21 20:20:17.622 (   1.193s) [         5006000]     buffer_instance.cc:535      1| BufferInstance::PJRT_Buffer_Dimensions
2025-11-21 20:20:17.622 (   1.193s) [         5006000]     buffer_instance.cc:672      1| BufferInstance::PJRT_Buffer_Device
2025-11-21 20:20:17.622 (   1.193s) [         5006000]     buffer_instance.cc:680      1| BufferInstance::PJRT_Buffer_Memory
2025-11-21 20:20:17.622 (   1.193s) [         5006000]     memory_instance.cc:84       1| MemoryInstance::PJRT_Memory_Kind
2025-11-21 20:20:17.622 (   1.193s) [         5006000]     buffer_instance.cc:672      1| BufferInstance::PJRT_Buffer_Device
2025-11-21 20:20:17.622 (   1.193s) [         5006000]     buffer_instance.cc:680      1| BufferInstance::PJRT_Buffer_Memory
2025-11-21 20:20:17.622 (   1.193s) [         5006000]     memory_instance.cc:84       1| MemoryInstance::PJRT_Memory_Kind
2025-11-21 20:20:17.622 (   1.193s) [         5006000]     buffer_instance.cc:519      1| BufferInstance::PJRT_Buffer_Destroy
2025-11-21 20:20:17.623 (   1.194s) [         5006000]     buffer_instance.cc:620      1| BufferInstance::PJRT_Buffer_IsDeleted
2025-11-21 20:20:17.623 (   1.194s) [         5006000]     buffer_instance.cc:620      1| BufferInstance::PJRT_Buffer_IsDeleted
2025-11-21 20:20:17.623 (   1.194s) [         5006000]     buffer_instance.cc:672      1| BufferInstance::PJRT_Buffer_Device
2025-11-21 20:20:17.623 (   1.194s) [         5006000]     buffer_instance.cc:680      1| BufferInstance::PJRT_Buffer_Memory
2025-11-21 20:20:17.623 (   1.194s) [         5006000]     memory_instance.cc:84       1| MemoryInstance::PJRT_Memory_Kind
2025-11-21 20:20:17.623 (   1.194s) [         5006000]     buffer_instance.cc:642      1| BufferInstance::PJRT_Buffer_CopyToMemory
2025-11-21 20:20:17.623 (   1.194s) [         5006000]     memory_instance.cc:57       1| MemoryInstance::getDevice
2025-11-21 20:20:17.623 (   1.194s) [         5006000]     buffer_instance.cc:269      1| BufferInstance::copyFromBuffer: src UID=2 (device_id=0) -> dst UID=3 (device_id=null). src detail: shape=[2, 4], host_runtime_tensor.has_value()=0, prepared_runtime_tensor.has_value()=1.
2025-11-21 20:20:17.623 (   1.194s) [         5006000]     buffer_instance.cc:283   WARN| BufferInstance::copyFromBuffer: Device-Device transfer is inefficient due to PJRT device modeling limitations. This will actually copy src to host, and fill dst host tensor, because at this callsite we do not know what dst device is.
2025-11-21 20:20:17.623 (   1.194s) [         5006000]     buffer_instance.cc:535      1| BufferInstance::PJRT_Buffer_Dimensions
2025-11-21 20:20:17.623 (   1.194s) [         5006000]     buffer_instance.cc:672      1| BufferInstance::PJRT_Buffer_Device
2025-11-21 20:20:17.623 (   1.194s) [         5006000]     buffer_instance.cc:680      1| BufferInstance::PJRT_Buffer_Memory
2025-11-21 20:20:17.623 (   1.194s) [         5006000]     memory_instance.cc:84       1| MemoryInstance::PJRT_Memory_Kind
2025-11-21 20:20:17.623 (   1.194s) [         5006000]     buffer_instance.cc:672      1| BufferInstance::PJRT_Buffer_Device
2025-11-21 20:20:17.623 (   1.194s) [         5006000]     buffer_instance.cc:680      1| BufferInstance::PJRT_Buffer_Memory
2025-11-21 20:20:17.623 (   1.194s) [         5006000]     memory_instance.cc:84       1| MemoryInstance::PJRT_Memory_Kind
2025-11-21 20:20:17.623 (   1.194s) [         5006000]     buffer_instance.cc:672      1| BufferInstance::PJRT_Buffer_Device
2025-11-21 20:20:17.623 (   1.194s) [         5006000]     buffer_instance.cc:680      1| BufferInstance::PJRT_Buffer_Memory
2025-11-21 20:20:17.623 (   1.194s) [         5006000]     memory_instance.cc:84       1| MemoryInstance::PJRT_Memory_Kind
2025-11-21 20:20:17.623 (   1.194s) [         5006000]     buffer_instance.cc:519      1| BufferInstance::PJRT_Buffer_Destroy
2025-11-21 20:20:17.624 (   1.194s) [         5006000]     buffer_instance.cc:620      1| BufferInstance::PJRT_Buffer_IsDeleted
2025-11-21 20:20:17.624 (   1.195s) [         5006000]     buffer_instance.cc:620      1| BufferInstance::PJRT_Buffer_IsDeleted
2025-11-21 20:20:17.624 (   1.195s) [         5006000]     buffer_instance.cc:672      1| BufferInstance::PJRT_Buffer_Device
2025-11-21 20:20:17.624 (   1.195s) [         5006000]     buffer_instance.cc:680      1| BufferInstance::PJRT_Buffer_Memory
2025-11-21 20:20:17.624 (   1.195s) [         5006000]     memory_instance.cc:84       1| MemoryInstance::PJRT_Memory_Kind
2025-11-21 20:20:17.624 (   1.195s) [         5006000]     buffer_instance.cc:672      1| BufferInstance::PJRT_Buffer_Device
2025-11-21 20:20:17.624 (   1.195s) [         5006000]     buffer_instance.cc:680      1| BufferInstance::PJRT_Buffer_Memory
2025-11-21 20:20:17.624 (   1.195s) [         5006000]     memory_instance.cc:84       1| MemoryInstance::PJRT_Memory_Kind
2025-11-21 20:20:17.624 (   1.195s) [         5006000]     buffer_instance.cc:527      1| BufferInstance::PJRT_Buffer_ElementType
2025-11-21 20:20:17.624 (   1.195s) [         5006000]     buffer_instance.cc:535      1| BufferInstance::PJRT_Buffer_Dimensions
2025-11-21 20:20:17.624 (   1.195s) [         5006000]     buffer_instance.cc:672      1| BufferInstance::PJRT_Buffer_Device
2025-11-21 20:20:17.624 (   1.195s) [         5006000]     buffer_instance.cc:680      1| BufferInstance::PJRT_Buffer_Memory
2025-11-21 20:20:17.624 (   1.195s) [         5006000]     memory_instance.cc:84       1| MemoryInstance::PJRT_Memory_Kind
2025-11-21 20:20:17.624 (   1.195s) [         5006000]     buffer_instance.cc:663      1| BufferInstance::PJRT_Buffer_IsOnCpu
2025-11-21 20:20:17.624 (   1.195s) [         5006000]     buffer_instance.cc:558      1| BufferInstance::PJRT_Buffer_DynamicDimensionIndices
2025-11-21 20:20:17.624 (   1.195s) [         5006000]     buffer_instance.cc:535      1| BufferInstance::PJRT_Buffer_Dimensions
2025-11-21 20:20:17.624 (   1.195s) [         5006000]     buffer_instance.cc:527      1| BufferInstance::PJRT_Buffer_ElementType
2025-11-21 20:20:17.624 (   1.195s) [         5006000]     buffer_instance.cc:558      1| BufferInstance::PJRT_Buffer_DynamicDimensionIndices
2025-11-21 20:20:17.624 (   1.195s) [         5006000]     buffer_instance.cc:568      1| BufferInstance::PJRT_Buffer_ToHostBuffer
2025-11-21 20:20:17.624 (   1.195s) [         5006000]      event_instance.cc:223      1| EventInstance::PJRT_Event_OnReady
2025-11-21 20:20:17.624 (   1.195s) [         5006000]     buffer_instance.cc:620      1| BufferInstance::PJRT_Buffer_IsDeleted
2025-11-21 20:20:17.624 (   1.195s) [         5006000]     buffer_instance.cc:527      1| BufferInstance::PJRT_Buffer_ElementType
2025-11-21 20:20:17.624 (   1.195s) [         5006000]     buffer_instance.cc:535      1| BufferInstance::PJRT_Buffer_Dimensions
2025-11-21 20:20:17.624 (   1.195s) [         5006000]     buffer_instance.cc:672      1| BufferInstance::PJRT_Buffer_Device
2025-11-21 20:20:17.624 (   1.195s) [         5006000]     buffer_instance.cc:680      1| BufferInstance::PJRT_Buffer_Memory
2025-11-21 20:20:17.624 (   1.195s) [         5006000]     memory_instance.cc:84       1| MemoryInstance::PJRT_Memory_Kind
2025-11-21 20:20:17.624 (   1.195s) [         5006000]     buffer_instance.cc:663      1| BufferInstance::PJRT_Buffer_IsOnCpu
2025-11-21 20:20:17.624 (   1.195s) [         5006000]     buffer_instance.cc:558      1| BufferInstance::PJRT_Buffer_DynamicDimensionIndices
2025-11-21 20:20:17.624 (   1.195s) [         5006000]     buffer_instance.cc:535      1| BufferInstance::PJRT_Buffer_Dimensions
2025-11-21 20:20:17.624 (   1.195s) [         5006000]     buffer_instance.cc:527      1| BufferInstance::PJRT_Buffer_ElementType
2025-11-21 20:20:17.624 (   1.195s) [         5006000]     buffer_instance.cc:558      1| BufferInstance::PJRT_Buffer_DynamicDimensionIndices
2025-11-21 20:20:17.624 (   1.195s) [         5006000]     buffer_instance.cc:568      1| BufferInstance::PJRT_Buffer_ToHostBuffer
2025-11-21 20:20:17.624 (   1.195s) [         5006000]      event_instance.cc:223      1| EventInstance::PJRT_Event_OnReady
2025-11-21 20:20:17.624 (   1.195s) [         5006000]     buffer_instance.cc:620      1| BufferInstance::PJRT_Buffer_IsDeleted
2025-11-21 20:20:17.624 (   1.195s) [         5006000]     buffer_instance.cc:620      1| BufferInstance::PJRT_Buffer_IsDeleted
2025-11-21 20:20:17.624 (   1.195s) [         5006000]     buffer_instance.cc:663      1| BufferInstance::PJRT_Buffer_IsOnCpu
2025-11-21 20:20:17.624 (   1.195s) [        76FFD640]     buffer_instance.cc:412      1| Returning tensor to host with host_runtime_tensors ct = 1 from device 0 with buffer UID 1
2025-11-21 20:20:17.625 (   1.195s) [         5006000]     buffer_instance.cc:620      1| BufferInstance::PJRT_Buffer_IsDeleted
2025-11-21 20:20:17.625 (   1.195s) [         5006000]     buffer_instance.cc:620      1| BufferInstance::PJRT_Buffer_IsDeleted
2025-11-21 20:20:17.625 (   1.195s) [        767FC640]     buffer_instance.cc:412      1| Returning tensor to host with host_runtime_tensors ct = 1 from device 0 with buffer UID 3
2025-11-21 20:20:17.625 (   1.195s) [         5006000]     buffer_instance.cc:663      1| BufferInstance::PJRT_Buffer_IsOnCpu
2025-11-21 20:20:17.624 (   1.195s) [        99FFB640]      event_instance.cc:172      1| EventInstance::PJRT_Event_Destroy
2025-11-21 20:20:17.625 (   1.196s) [        C0F91640]      event_instance.cc:172      1| EventInstance::PJRT_Event_Destroy
Using PJRT plugin directory: /localdev/jameszianxu/tt-xla/python_package/pjrt_plugin_tt
Using TT-Metal from the source tree: /localdev/jameszianxu/tt-xla/third_party/tt-mlir/src/tt-mlir/third_party/tt-metal/src/tt-metal
WARNING: TT plugin is setting XLA_STABLEHLO_COMPILE to 1. This is required for TT PJRT plugin to work correctly.
Using PJRT plugin directory from environment variable: /localdev/jameszianxu/tt-xla/python_package/pjrt_plugin_tt
Using TT-Metal path from environment variable: /localdev/jameszianxu/tt-xla/third_party/tt-mlir/src/tt-mlir/third_party/tt-metal/src/tt-metal
[[ 1.6226422   2.0252647  -0.43359444 -0.07861735]
 [ 0.1760909  -0.97208923 -0.49529874  0.4943786 ]
 [ 0.6640625  -0.94970703  2.1777344  -1.9550781 ]
 [ 0.35839844  0.15771484  1.2763672   1.5097656 ]]
2025-11-21 20:20:18.202 (   1.773s) [         5006000] executable_instance.cc:60       1| ExecutableInstance::PJRT_Executable_Destroy
2025-11-21 20:20:18.202 (   1.773s) [         5006000]loaded_executable_insta:266      1| LoadedExecutableInstance::PJRT_LoadedExecutable_Destroy
2025-11-21 20:20:19.266 (   2.837s) [         5006000]     buffer_instance.cc:519      1| BufferInstance::PJRT_Buffer_Destroy
2025-11-21 20:20:19.266 (   2.837s) [         5006000]     buffer_instance.cc:519      1| BufferInstance::PJRT_Buffer_Destroy
2025-11-21 20:20:20.001 (   3.572s) [         5006000]     client_instance.cc:633      1| ClientInstance::PJRT_Client_Destroy
2025-11-21 20:20:20.001 (   3.572s) [         5006000]     client_instance.cc:167      1| ClientInstance::~ClientInstance
